0 verbose cli /Users/abc/.nvm/versions/node/v20.19.0/bin/node /Users/abc/.nvm/versions/node/v20.19.0/bin/npm
1 info using npm@10.8.2
2 info using node@v20.19.0
3 silly config load:file:/Users/abc/.nvm/versions/node/v20.19.0/lib/node_modules/npm/npmrc
4 silly config load:file:/Users/abc/Documents/projectCV/Amanotes/backend/.npmrc
5 silly config load:file:/Users/abc/.npmrc
6 silly config load:file:/Users/abc/.nvm/versions/node/v20.19.0/etc/npmrc
7 verbose title npm install @nestjs/jwt @nestjs/passport passport passport-jwt bcrypt class-validator class-transformer
8 verbose argv "install" "--cache" "/Users/abc/Documents/projectCV/Amanotes/backend/.npm-cache" "@nestjs/jwt" "@nestjs/passport" "passport" "passport-jwt" "bcrypt" "class-validator" "class-transformer"
9 verbose logfile logs-max:10 dir:/Users/abc/Documents/projectCV/Amanotes/backend/.npm-cache/_logs/2026-05-21T02_07_01_856Z-
10 verbose logfile /Users/abc/Documents/projectCV/Amanotes/backend/.npm-cache/_logs/2026-05-21T02_07_01_856Z-debug-0.log
11 silly packumentCache heap:4345298944 maxSize:1086324736 maxEntrySize:543162368
12 silly logfile done cleaning log files
13 silly idealTree buildDeps
14 silly fetch manifest @nestjs/jwt@*
15 silly packumentCache full:https://registry.npmjs.org/@nestjs%2fjwt cache-miss
16 http fetch GET 200 https://registry.npmjs.org/@nestjs%2fjwt 257ms (cache miss)
17 silly packumentCache full:https://registry.npmjs.org/@nestjs%2fjwt set size:undefined disposed:false
18 silly fetch manifest @nestjs/common@^11.1.21
19 silly packumentCache full:https://registry.npmjs.org/@nestjs%2fcommon cache-miss
20 http fetch GET 200 https://registry.npmjs.org/npm 425ms
21 http fetch GET 200 https://registry.npmjs.org/@nestjs%2fcommon 187ms (cache miss)
22 silly packumentCache full:https://registry.npmjs.org/@nestjs%2fcommon set size:undefined disposed:false
23 silly fetch manifest class-transformer@*
24 silly packumentCache full:https://registry.npmjs.org/class-transformer cache-miss
25 http fetch GET 200 https://registry.npmjs.org/class-transformer 70ms (cache miss)
26 silly packumentCache full:https://registry.npmjs.org/class-transformer set size:undefined disposed:false
27 silly fetch manifest class-validator@*
28 silly packumentCache full:https://registry.npmjs.org/class-validator cache-miss
29 http fetch GET 200 https://registry.npmjs.org/class-validator 74ms (cache miss)
30 silly packumentCache full:https://registry.npmjs.org/class-validator set size:undefined disposed:false
31 silly fetch manifest reflect-metadata@^0.2.2
32 silly packumentCache full:https://registry.npmjs.org/reflect-metadata cache-miss
33 http fetch GET 200 https://registry.npmjs.org/reflect-metadata 67ms (cache miss)
34 silly packumentCache full:https://registry.npmjs.org/reflect-metadata set size:undefined disposed:false
35 silly fetch manifest rxjs@^7.8.2
36 silly packumentCache full:https://registry.npmjs.org/rxjs cache-miss
37 http fetch GET 200 https://registry.npmjs.org/rxjs 87ms (cache miss)
38 silly packumentCache full:https://registry.npmjs.org/rxjs set size:undefined disposed:false
39 silly fetch manifest @nestjs/passport@*
40 silly packumentCache full:https://registry.npmjs.org/@nestjs%2fpassport cache-miss
41 http fetch GET 200 https://registry.npmjs.org/@nestjs%2fpassport 88ms (cache miss)
42 silly packumentCache full:https://registry.npmjs.org/@nestjs%2fpassport set size:undefined disposed:false
43 silly fetch manifest passport@*
44 silly packumentCache full:https://registry.npmjs.org/passport cache-miss
45 http fetch GET 200 https://registry.npmjs.org/passport 69ms (cache miss)
46 silly packumentCache full:https://registry.npmjs.org/passport set size:undefined disposed:false
47 silly fetch manifest passport-jwt@*
48 silly packumentCache full:https://registry.npmjs.org/passport-jwt cache-miss
49 http fetch GET 200 https://registry.npmjs.org/passport-jwt 67ms (cache miss)
50 silly packumentCache full:https://registry.npmjs.org/passport-jwt set size:undefined disposed:false
51 silly fetch manifest bcrypt@*
52 silly packumentCache full:https://registry.npmjs.org/bcrypt cache-miss
53 http fetch GET 200 https://registry.npmjs.org/bcrypt 70ms (cache miss)
54 silly packumentCache full:https://registry.npmjs.org/bcrypt set size:undefined disposed:false
55 silly placeDep ROOT @nestjs/jwt@11.0.2 OK for: backend@1.0.0 want: *
56 silly placeDep ROOT @nestjs/passport@11.0.5 OK for: backend@1.0.0 want: *
57 silly placeDep ROOT passport@0.7.0 OK for: @nestjs/passport@11.0.5 want: ^0.5.0 || ^0.6.0 || ^0.7.0
58 silly placeDep ROOT bcrypt@6.0.0 OK for: backend@1.0.0 want: *
59 silly placeDep ROOT class-transformer@0.5.1 OK for: backend@1.0.0 want: *
60 silly placeDep ROOT class-validator@0.15.1 OK for: backend@1.0.0 want: *
61 silly placeDep ROOT passport@0.7.0 REPLACE for: backend@1.0.0 want: *
62 silly placeDep ROOT passport-jwt@4.0.1 OK for: backend@1.0.0 want: *
63 silly fetch manifest @types/jsonwebtoken@9.0.10
64 silly packumentCache full:https://registry.npmjs.org/@types%2fjsonwebtoken cache-miss
65 silly fetch manifest jsonwebtoken@9.0.3
66 silly packumentCache full:https://registry.npmjs.org/jsonwebtoken cache-miss
67 silly fetch manifest pause@0.0.1
68 silly packumentCache full:https://registry.npmjs.org/pause cache-miss
69 silly fetch manifest utils-merge@^1.0.1
70 silly packumentCache full:https://registry.npmjs.org/utils-merge cache-miss
71 silly fetch manifest passport-strategy@1.x.x
72 silly packumentCache full:https://registry.npmjs.org/passport-strategy cache-miss
73 silly fetch manifest node-addon-api@^8.3.0
74 silly packumentCache full:https://registry.npmjs.org/node-addon-api cache-miss
75 silly fetch manifest node-gyp-build@^4.8.4
76 silly packumentCache full:https://registry.npmjs.org/node-gyp-build cache-miss
77 http fetch GET 200 https://registry.npmjs.org/jsonwebtoken 75ms (cache miss)
78 silly packumentCache full:https://registry.npmjs.org/jsonwebtoken set size:undefined disposed:false
79 silly fetch manifest @types/validator@^13.15.3
80 silly packumentCache full:https://registry.npmjs.org/@types%2fvalidator cache-miss
81 http fetch GET 200 https://registry.npmjs.org/@types%2fjsonwebtoken 82ms (cache miss)
82 silly packumentCache full:https://registry.npmjs.org/@types%2fjsonwebtoken set size:undefined disposed:false
83 silly fetch manifest libphonenumber-js@^1.11.1
84 silly packumentCache full:https://registry.npmjs.org/libphonenumber-js cache-miss
85 http fetch GET 200 https://registry.npmjs.org/@types%2fvalidator 78ms (cache miss)
86 silly packumentCache full:https://registry.npmjs.org/@types%2fvalidator set size:undefined disposed:false
87 silly fetch manifest validator@^13.15.22
88 silly packumentCache full:https://registry.npmjs.org/validator cache-miss
89 http fetch GET 200 https://registry.npmjs.org/libphonenumber-js 126ms (cache miss)
90 silly packumentCache full:https://registry.npmjs.org/libphonenumber-js set size:undefined disposed:false
91 silly fetch manifest pause@0.0.1
92 silly packumentCache full:https://registry.npmjs.org/pause cache-miss
93 http fetch GET 200 https://registry.npmjs.org/validator 80ms (cache miss)
94 silly packumentCache full:https://registry.npmjs.org/validator set size:undefined disposed:false
95 silly fetch manifest utils-merge@^1.0.1
96 silly packumentCache full:https://registry.npmjs.org/utils-merge cache-miss
97 http fetch GET 200 https://registry.npmjs.org/utils-merge 239ms (cache miss)
98 silly packumentCache full:https://registry.npmjs.org/utils-merge set size:undefined disposed:false
99 silly fetch manifest passport-strategy@1.x.x
100 silly packumentCache full:https://registry.npmjs.org/passport-strategy cache-miss
101 http fetch GET 200 https://registry.npmjs.org/passport-strategy 251ms (cache miss)
102 silly packumentCache full:https://registry.npmjs.org/passport-strategy set size:undefined disposed:false
103 silly fetch manifest jsonwebtoken@^9.0.0
104 silly packumentCache full:https://registry.npmjs.org/jsonwebtoken cache-miss
105 http fetch GET 200 https://registry.npmjs.org/node-gyp-build 253ms (cache miss)
106 silly packumentCache full:https://registry.npmjs.org/node-gyp-build set size:undefined disposed:false
107 silly fetch manifest passport-strategy@^1.0.0
108 silly packumentCache full:https://registry.npmjs.org/passport-strategy cache-miss
109 http fetch GET 200 https://registry.npmjs.org/jsonwebtoken 4ms (cache hit)
110 silly packumentCache full:https://registry.npmjs.org/jsonwebtoken set size:183545 disposed:false
111 http fetch GET 200 https://registry.npmjs.org/passport-strategy 4ms (cache hit)
112 silly packumentCache full:https://registry.npmjs.org/passport-strategy set size:5677 disposed:false
113 http fetch GET 200 https://registry.npmjs.org/node-addon-api 259ms (cache miss)
114 silly packumentCache full:https://registry.npmjs.org/node-addon-api set size:undefined disposed:false
115 http fetch GET 200 https://registry.npmjs.org/utils-merge 61ms (cache miss)
116 silly packumentCache full:https://registry.npmjs.org/utils-merge set size:undefined disposed:false
117 http fetch GET 200 https://registry.npmjs.org/passport-strategy 64ms (cache miss)
118 silly packumentCache full:https://registry.npmjs.org/passport-strategy set size:undefined disposed:false
119 silly packumentCache full:https://registry.npmjs.org/passport-strategy dispose
120 http fetch GET 200 https://registry.npmjs.org/pause 371ms (cache miss)
121 silly packumentCache full:https://registry.npmjs.org/pause set size:undefined disposed:false
122 http fetch GET 200 https://registry.npmjs.org/pause 155ms (cache miss)
123 silly packumentCache full:https://registry.npmjs.org/pause set size:undefined disposed:false
124 silly placeDep ROOT @types/jsonwebtoken@9.0.10 OK for: @nestjs/jwt@11.0.2 want: 9.0.10
125 silly placeDep ROOT jsonwebtoken@9.0.3 OK for: @nestjs/jwt@11.0.2 want: 9.0.3
126 silly fetch manifest @types/ms@*
127 silly packumentCache full:https://registry.npmjs.org/@types%2fms cache-miss
128 silly fetch manifest jws@^4.0.1
129 silly packumentCache full:https://registry.npmjs.org/jws cache-miss
130 silly fetch manifest lodash.once@^4.0.0
131 silly packumentCache full:https://registry.npmjs.org/lodash.once cache-miss
132 silly fetch manifest lodash.includes@^4.3.0
133 silly packumentCache full:https://registry.npmjs.org/lodash.includes cache-miss
134 silly fetch manifest lodash.isnumber@^3.0.3
135 silly packumentCache full:https://registry.npmjs.org/lodash.isnumber cache-miss
136 silly fetch manifest lodash.isstring@^4.0.1
137 silly packumentCache full:https://registry.npmjs.org/lodash.isstring cache-miss
138 silly fetch manifest lodash.isboolean@^3.0.3
139 silly packumentCache full:https://registry.npmjs.org/lodash.isboolean cache-miss
140 http fetch GET 200 https://registry.npmjs.org/jws 85ms (cache miss)
141 silly packumentCache full:https://registry.npmjs.org/jws set size:undefined disposed:false
142 silly fetch manifest lodash.isinteger@^4.0.4
143 silly packumentCache full:https://registry.npmjs.org/lodash.isinteger cache-miss
144 http fetch GET 200 https://registry.npmjs.org/@types%2fms 95ms (cache miss)
145 silly packumentCache full:https://registry.npmjs.org/@types%2fms set size:undefined disposed:false
146 silly fetch manifest lodash.isplainobject@^4.0.6
147 silly packumentCache full:https://registry.npmjs.org/lodash.isplainobject cache-miss
148 http fetch GET 200 https://registry.npmjs.org/lodash.includes 94ms (cache miss)
149 silly packumentCache full:https://registry.npmjs.org/lodash.includes set size:undefined disposed:false
150 http fetch GET 200 https://registry.npmjs.org/lodash.isnumber 102ms (cache miss)
151 silly packumentCache full:https://registry.npmjs.org/lodash.isnumber set size:undefined disposed:false
152 http fetch GET 200 https://registry.npmjs.org/lodash.isboolean 103ms (cache miss)
153 silly packumentCache full:https://registry.npmjs.org/lodash.isboolean set size:undefined disposed:false
154 http fetch GET 200 https://registry.npmjs.org/lodash.isstring 103ms (cache miss)
155 silly packumentCache full:https://registry.npmjs.org/lodash.isstring set size:undefined disposed:false
156 http fetch GET 200 https://registry.npmjs.org/lodash.once 105ms (cache miss)
157 silly packumentCache full:https://registry.npmjs.org/lodash.once set size:undefined disposed:false
158 http fetch GET 200 https://registry.npmjs.org/lodash.isinteger 70ms (cache miss)
159 silly packumentCache full:https://registry.npmjs.org/lodash.isinteger set size:undefined disposed:false
160 http fetch GET 200 https://registry.npmjs.org/lodash.isplainobject 68ms (cache miss)
161 silly packumentCache full:https://registry.npmjs.org/lodash.isplainobject set size:undefined disposed:false
162 silly placeDep ROOT @types/ms@2.1.0 OK for: @types/jsonwebtoken@9.0.10 want: *
163 silly placeDep ROOT node-addon-api@8.7.0 OK for: bcrypt@6.0.0 want: ^8.3.0
164 silly placeDep ROOT node-gyp-build@4.8.4 OK for: bcrypt@6.0.0 want: ^4.8.4
165 silly placeDep ROOT @types/validator@13.15.10 OK for: class-validator@0.15.1 want: ^13.15.3
166 silly placeDep ROOT libphonenumber-js@1.13.2 OK for: class-validator@0.15.1 want: ^1.11.1
167 silly placeDep ROOT validator@13.15.35 OK for: class-validator@0.15.1 want: ^13.15.22
168 silly placeDep ROOT jws@4.0.1 OK for: jsonwebtoken@9.0.3 want: ^4.0.1
169 silly placeDep ROOT lodash.includes@4.3.0 OK for: jsonwebtoken@9.0.3 want: ^4.3.0
170 silly placeDep ROOT lodash.isboolean@3.0.3 OK for: jsonwebtoken@9.0.3 want: ^3.0.3
171 silly placeDep ROOT lodash.isinteger@4.0.4 OK for: jsonwebtoken@9.0.3 want: ^4.0.4
172 silly placeDep ROOT lodash.isnumber@3.0.3 OK for: jsonwebtoken@9.0.3 want: ^3.0.3
173 silly placeDep ROOT lodash.isplainobject@4.0.6 OK for: jsonwebtoken@9.0.3 want: ^4.0.6
174 silly placeDep ROOT lodash.isstring@4.0.1 OK for: jsonwebtoken@9.0.3 want: ^4.0.1
175 silly placeDep ROOT lodash.once@4.1.1 OK for: jsonwebtoken@9.0.3 want: ^4.0.0
176 silly fetch manifest jwa@^2.0.1
177 silly packumentCache full:https://registry.npmjs.org/jwa cache-miss
178 http fetch GET 200 https://registry.npmjs.org/jwa 71ms (cache miss)
179 silly packumentCache full:https://registry.npmjs.org/jwa set size:undefined disposed:false
180 silly placeDep ROOT jwa@2.0.1 OK for: jws@4.0.1 want: ^2.0.1
181 silly fetch manifest ecdsa-sig-formatter@1.0.11
182 silly packumentCache full:https://registry.npmjs.org/ecdsa-sig-formatter cache-miss
183 silly fetch manifest buffer-equal-constant-time@^1.0.1
184 silly packumentCache full:https://registry.npmjs.org/buffer-equal-constant-time cache-miss
185 http fetch GET 200 https://registry.npmjs.org/buffer-equal-constant-time 67ms (cache miss)
186 silly packumentCache full:https://registry.npmjs.org/buffer-equal-constant-time set size:undefined disposed:false
187 http fetch GET 200 https://registry.npmjs.org/ecdsa-sig-formatter 68ms (cache miss)
188 silly packumentCache full:https://registry.npmjs.org/ecdsa-sig-formatter set size:undefined disposed:false
189 silly placeDep ROOT buffer-equal-constant-time@1.0.1 OK for: jwa@2.0.1 want: ^1.0.1
190 silly placeDep ROOT ecdsa-sig-formatter@1.0.11 OK for: jwa@2.0.1 want: 1.0.11
191 silly placeDep ROOT passport-strategy@1.0.0 OK for: passport@0.7.0 want: 1.x.x
192 silly placeDep ROOT pause@0.0.1 OK for: passport@0.7.0 want: 0.0.1
193 silly placeDep ROOT utils-merge@1.0.1 OK for: passport@0.7.0 want: ^1.0.1
194 warn EBADENGINE Unsupported engine {
194 warn EBADENGINE   package: '@prisma/streams-local@0.1.2',
194 warn EBADENGINE   required: { bun: '>=1.3.6', node: '>=22.0.0' },
194 warn EBADENGINE   current: { node: 'v20.19.0', npm: '10.8.2' }
194 warn EBADENGINE }
195 silly reify moves {}
196 silly audit bulk request {
196 silly audit   '@angular-devkit/core': [ '19.2.24' ],
196 silly audit   rxjs: [ '7.8.1', '7.8.2' ],
196 silly audit   '@angular-devkit/schematics': [ '19.2.24' ],
196 silly audit   '@angular-devkit/schematics-cli': [ '19.2.24' ],
196 silly audit   '@inquirer/prompts': [ '7.3.2', '7.10.1' ],
196 silly audit   '@babel/code-frame': [ '7.29.0' ],
196 silly audit   '@babel/helper-validator-identifier': [ '7.28.5' ],
196 silly audit   '@borewit/text-codec': [ '0.2.2' ],
196 silly audit   '@colors/colors': [ '1.5.0' ],
196 silly audit   '@cspotcode/source-map-support': [ '0.8.1' ],
196 silly audit   '@electric-sql/pglite': [ '0.4.1' ],
196 silly audit   '@electric-sql/pglite-socket': [ '0.1.1' ],
196 silly audit   '@electric-sql/pglite-tools': [ '0.3.1' ],
196 silly audit   '@hono/node-server': [ '1.19.11' ],
196 silly audit   '@inquirer/ansi': [ '1.0.2' ],
196 silly audit   '@inquirer/checkbox': [ '4.3.2' ],
196 silly audit   '@inquirer/confirm': [ '5.1.21' ],
196 silly audit   '@inquirer/core': [ '10.3.2' ],
196 silly audit   '@inquirer/editor': [ '4.2.23' ],
196 silly audit   '@inquirer/expand': [ '4.0.23' ],
196 silly audit   '@inquirer/external-editor': [ '1.0.3' ],
196 silly audit   '@inquirer/figures': [ '1.0.15' ],
196 silly audit   '@inquirer/input': [ '4.3.1' ],
196 silly audit   '@inquirer/number': [ '3.0.23' ],
196 silly audit   '@inquirer/password': [ '4.0.23' ],
196 silly audit   '@inquirer/rawlist': [ '4.1.11' ],
196 silly audit   '@inquirer/search': [ '3.2.2' ],
196 silly audit   '@inquirer/select': [ '4.4.2' ],
196 silly audit   '@inquirer/type': [ '3.0.10' ],
196 silly audit   '@jridgewell/gen-mapping': [ '0.3.13' ],
196 silly audit   '@jridgewell/trace-mapping': [ '0.3.31', '0.3.9' ],
196 silly audit   '@jridgewell/resolve-uri': [ '3.1.2' ],
196 silly audit   '@jridgewell/source-map': [ '0.3.11' ],
196 silly audit   '@jridgewell/sourcemap-codec': [ '1.5.5' ],
196 silly audit   '@kurkle/color': [ '0.3.4' ],
196 silly audit   '@lukeed/csprng': [ '1.1.0' ],
196 silly audit   '@nestjs/cli': [ '11.0.21' ],
196 silly audit   typescript: [ '5.9.3', '6.0.3' ],
196 silly audit   '@nestjs/common': [ '11.1.21' ],
196 silly audit   '@nestjs/core': [ '11.1.21' ],
196 silly audit   '@nestjs/platform-express': [ '11.1.21' ],
196 silly audit   '@nestjs/schematics': [ '11.1.0' ],
196 silly audit   '@nuxt/opencollective': [ '0.4.1' ],
196 silly audit   '@prisma/adapter-pg': [ '7.8.0' ],
196 silly audit   '@prisma/client': [ '7.8.0' ],
196 silly audit   '@prisma/client-runtime-utils': [ '7.8.0' ],
196 silly audit   '@prisma/config': [ '7.8.0' ],
196 silly audit   '@prisma/debug': [ '7.8.0', '7.2.0' ],
196 silly audit   '@prisma/dev': [ '0.24.3' ],
196 silly audit   '@prisma/driver-adapter-utils': [ '7.8.0' ],
196 silly audit   '@prisma/engines': [ '7.8.0' ],
196 silly audit   '@prisma/engines-version': [ '7.8.0-6.3c6e192761c0362d496ed980de936e2f3cebcd3a' ],
196 silly audit   '@prisma/get-platform': [ '7.8.0', '7.2.0' ],
196 silly audit   '@prisma/fetch-engine': [ '7.8.0' ],
196 silly audit   '@prisma/query-plan-executor': [ '7.2.0' ],
196 silly audit   '@prisma/streams-local': [ '0.1.2' ],
196 silly audit   '@prisma/studio-core': [ '0.27.3' ],
196 silly audit   '@radix-ui/primitive': [ '1.1.3' ],
196 silly audit   '@radix-ui/react-compose-refs': [ '1.1.2' ],
196 silly audit   '@radix-ui/react-primitive': [ '2.1.3' ],
196 silly audit   '@radix-ui/react-slot': [ '1.2.3' ],
196 silly audit   '@radix-ui/react-toggle': [ '1.1.10' ],
196 silly audit   '@radix-ui/react-use-controllable-state': [ '1.2.2' ],
196 silly audit   '@radix-ui/react-use-effect-event': [ '0.0.2' ],
196 silly audit   '@radix-ui/react-use-layout-effect': [ '1.1.1' ],
196 silly audit   '@standard-schema/spec': [ '1.1.0' ],
196 silly audit   '@tokenizer/inflate': [ '0.4.1' ],
196 silly audit   '@tokenizer/token': [ '0.3.0' ],
196 silly audit   '@tsconfig/node10': [ '1.0.12' ],
196 silly audit   '@tsconfig/node12': [ '1.0.11' ],
196 silly audit   '@tsconfig/node14': [ '1.0.3' ],
196 silly audit   '@tsconfig/node16': [ '1.0.4' ],
196 silly audit   '@types/eslint': [ '9.6.1' ],
196 silly audit   '@types/eslint-scope': [ '3.7.7' ],
196 silly audit   '@types/estree': [ '1.0.9' ],
196 silly audit   '@types/json-schema': [ '7.0.15' ],
196 silly audit   '@types/node': [ '25.9.1' ],
196 silly audit   '@types/pg': [ '8.20.0' ],
196 silly audit   '@types/react': [ '19.2.15' ],
196 silly audit   '@webassemblyjs/ast': [ '1.14.1' ],
196 silly audit   '@webassemblyjs/floating-point-hex-parser': [ '1.13.2' ],
196 silly audit   '@webassemblyjs/helper-api-error': [ '1.13.2' ],
196 silly audit   '@webassemblyjs/helper-buffer': [ '1.14.1' ],
196 silly audit   '@webassemblyjs/helper-numbers': [ '1.13.2' ],
196 silly audit   '@webassemblyjs/helper-wasm-bytecode': [ '1.13.2' ],
196 silly audit   '@webassemblyjs/helper-wasm-section': [ '1.14.1' ],
196 silly audit   '@webassemblyjs/ieee754': [ '1.13.2' ],
196 silly audit   '@webassemblyjs/leb128': [ '1.13.2' ],
196 silly audit   '@webassemblyjs/utf8': [ '1.13.2' ],
196 silly audit   '@webassemblyjs/wasm-edit': [ '1.14.1' ],
196 silly audit   '@webassemblyjs/wasm-gen': [ '1.14.1' ],
196 silly audit   '@webassemblyjs/wasm-opt': [ '1.14.1' ],
196 silly audit   '@webassemblyjs/wasm-parser': [ '1.14.1' ],
196 silly audit   '@webassemblyjs/wast-printer': [ '1.14.1' ],
196 silly audit   '@xtuc/ieee754': [ '1.2.0' ],
196 silly audit   '@xtuc/long': [ '4.2.2' ],
196 silly audit   accepts: [ '2.0.0' ],
196 silly audit   acorn: [ '8.16.0' ],
196 silly audit   'acorn-import-phases': [ '1.0.4' ],
196 silly audit   'acorn-walk': [ '8.3.5' ],
196 silly audit   ajv: [ '8.18.0', '6.15.0' ],
196 silly audit   'ajv-formats': [ '3.0.1', '2.1.1' ],
196 silly audit   'ajv-keywords': [ '5.1.0', '3.5.2' ],
196 silly audit   'ansi-colors': [ '4.1.3' ],
196 silly audit   'ansi-regex': [ '5.0.1' ],
196 silly audit   'ansi-styles': [ '4.3.0' ],
196 silly audit   ansis: [ '4.2.0' ],
196 silly audit   'append-field': [ '1.0.0' ],
196 silly audit   arg: [ '4.1.3' ],
196 silly audit   argparse: [ '2.0.1' ],
196 silly audit   'array-timsort': [ '1.0.3' ],
196 silly audit   'aws-ssl-profiles': [ '1.1.2' ],
196 silly audit   'balanced-match': [ '1.0.2', '4.0.4' ],
196 silly audit   'base64-js': [ '1.5.1' ],
196 silly audit   'baseline-browser-mapping': [ '2.10.31' ],
196 silly audit   'better-result': [ '2.9.2' ],
196 silly audit   bl: [ '4.1.0' ],
196 silly audit   'body-parser': [ '2.2.2' ],
196 silly audit   'brace-expansion': [ '1.1.14', '5.0.6' ],
196 silly audit   browserslist: [ '4.28.2' ],
196 silly audit   buffer: [ '5.7.1' ],
196 silly audit   'buffer-from': [ '1.1.2' ],
196 silly audit   busboy: [ '1.6.0' ],
196 silly audit   bytes: [ '3.1.2' ],
196 silly audit   c12: [ '3.3.4' ],
196 silly audit   chokidar: [ '5.0.0', '4.0.3' ],
196 silly audit   readdirp: [ '5.0.0', '4.1.2' ],
196 silly audit   'call-bind-apply-helpers': [ '1.0.2' ],
196 silly audit   'call-bound': [ '1.0.4' ],
196 silly audit   callsites: [ '3.1.0' ],
196 silly audit   'caniuse-lite': [ '1.0.30001793' ],
196 silly audit   chalk: [ '4.1.2' ],
196 silly audit   chardet: [ '2.1.1' ],
196 silly audit   'chart.js': [ '4.5.1' ],
196 silly audit   'chrome-trace-event': [ '1.0.4' ],
196 silly audit   'cli-cursor': [ '3.1.0' ],
196 silly audit   'cli-spinners': [ '2.9.2' ],
196 silly audit   'cli-table3': [ '0.6.5' ],
196 silly audit   'cli-width': [ '4.1.0' ],
196 silly audit   clone: [ '1.0.4' ],
196 silly audit   'color-convert': [ '2.0.1' ],
196 silly audit   'color-name': [ '1.1.4' ],
196 silly audit   commander: [ '4.1.1', '2.20.3' ],
196 silly audit   'comment-json': [ '5.0.0' ],
196 silly audit   'concat-map': [ '0.0.1' ],
196 silly audit   'concat-stream': [ '2.0.0' ],
196 silly audit   confbox: [ '0.2.4' ],
196 silly audit   consola: [ '3.4.2' ],
196 silly audit   'content-disposition': [ '1.1.0' ],
196 silly audit   'content-type': [ '1.0.5', '2.0.0' ],
196 silly audit   cookie: [ '0.7.2' ],
196 silly audit   'cookie-signature': [ '1.2.2' ],
196 silly audit   cors: [ '2.8.6' ],
196 silly audit   cosmiconfig: [ '8.3.6' ],
196 silly audit   'create-require': [ '1.1.1' ],
196 silly audit   'cross-spawn': [ '7.0.6' ],
196 silly audit   csstype: [ '3.2.3' ],
196 silly audit   debug: [ '4.4.3' ],
196 silly audit   deepmerge: [ '4.3.1' ],
196 silly audit   'deepmerge-ts': [ '7.1.5' ],
196 silly audit   defaults: [ '1.0.4' ],
196 silly audit   defu: [ '6.1.7' ],
196 silly audit   denque: [ '2.1.0' ],
196 silly audit   depd: [ '2.0.0' ],
196 silly audit   destr: [ '2.0.5' ],
196 silly audit   diff: [ '4.0.4' ],
196 silly audit   dotenv: [ '17.4.2' ],
196 silly audit   'dunder-proto': [ '1.0.1' ],
196 silly audit   'ee-first': [ '1.1.1' ],
196 silly audit   effect: [ '3.20.0' ],
196 silly audit   'electron-to-chromium': [ '1.5.360' ],
196 silly audit   'emoji-regex': [ '8.0.0' ],
196 silly audit   empathic: [ '2.0.0' ],
196 silly audit   encodeurl: [ '2.0.0' ],
196 silly audit   'enhanced-resolve': [ '5.21.5' ],
196 silly audit   'env-paths': [ '3.0.0' ],
196 silly audit   'error-ex': [ '1.3.4' ],
196 silly audit   'es-define-property': [ '1.0.1' ],
196 silly audit   'es-errors': [ '1.3.0' ],
196 silly audit   'es-module-lexer': [ '2.1.0' ],
196 silly audit   'es-object-atoms': [ '1.1.1' ],
196 silly audit   escalade: [ '3.2.0' ],
196 silly audit   'escape-html': [ '1.0.3' ],
196 silly audit   'eslint-scope': [ '5.1.1' ],
196 silly audit   esprima: [ '4.0.1' ],
196 silly audit   esrecurse: [ '4.3.0' ],
196 silly audit   estraverse: [ '5.3.0', '4.3.0' ],
196 silly audit   etag: [ '1.8.1' ],
196 silly audit   events: [ '3.3.0' ],
196 silly audit   express: [ '5.2.1' ],
196 silly audit   exsolve: [ '1.0.8' ],
196 silly audit   'fast-check': [ '3.23.2' ],
196 silly audit   'fast-deep-equal': [ '3.1.3' ],
196 silly audit   'fast-json-stable-stringify': [ '2.1.0' ],
196 silly audit   'fast-safe-stringify': [ '2.1.1' ],
196 silly audit   'fast-uri': [ '3.1.2' ],
196 silly audit   'file-type': [ '21.3.4' ],
196 silly audit   finalhandler: [ '2.1.1' ],
196 silly audit   'foreground-child': [ '3.3.1' ],
196 silly audit   'fork-ts-checker-webpack-plugin': [ '9.1.0' ],
196 silly audit   forwarded: [ '0.2.0' ],
196 silly audit   fresh: [ '2.0.0' ],
196 silly audit   'fs-extra': [ '10.1.0' ],
196 silly audit   'fs-monkey': [ '1.1.0' ],
196 silly audit   'function-bind': [ '1.1.2' ],
196 silly audit   'generate-function': [ '2.3.1' ],
196 silly audit   'get-intrinsic': [ '1.3.0' ],
196 silly audit   'get-port-please': [ '3.2.0' ],
196 silly audit   'get-proto': [ '1.0.1' ],
196 silly audit   giget: [ '3.2.0' ],
196 silly audit   glob: [ '13.0.6' ],
196 silly audit   'glob-to-regexp': [ '0.4.1' ],
196 silly audit   minimatch: [ '10.2.5', '3.1.5' ],
196 silly audit   gopd: [ '1.2.0' ],
196 silly audit   'graceful-fs': [ '4.2.11' ],
196 silly audit   grammex: [ '3.1.12' ],
196 silly audit   graphmatch: [ '1.1.1' ],
196 silly audit   'has-flag': [ '4.0.0' ],
196 silly audit   'has-symbols': [ '1.1.0' ],
196 silly audit   hasown: [ '2.0.3' ],
196 silly audit   hono: [ '4.12.21' ],
196 silly audit   'http-errors': [ '2.0.1' ],
196 silly audit   'http-status-codes': [ '2.3.0' ],
196 silly audit   'iconv-lite': [ '0.7.2' ],
196 silly audit   ieee754: [ '1.2.1' ],
196 silly audit   'import-fresh': [ '3.3.1' ],
196 silly audit   inherits: [ '2.0.4' ],
196 silly audit   'ipaddr.js': [ '1.9.1' ],
196 silly audit   'is-arrayish': [ '0.2.1' ],
196 silly audit   'is-fullwidth-code-point': [ '3.0.0' ],
196 silly audit   'is-interactive': [ '1.0.0' ],
196 silly audit   'is-promise': [ '4.0.0' ],
196 silly audit   'is-property': [ '1.0.2' ],
196 silly audit   'is-unicode-supported': [ '0.1.0' ],
196 silly audit   isexe: [ '2.0.0' ],
196 silly audit   iterare: [ '1.2.1' ],
196 silly audit   'jest-worker': [ '27.5.1' ],
196 silly audit   'supports-color': [ '8.1.1', '7.2.0' ],
196 silly audit   jiti: [ '2.7.0' ],
196 silly audit   'js-tokens': [ '4.0.0' ],
196 silly audit   'js-yaml': [ '4.1.1' ],
196 silly audit   'json-parse-even-better-errors': [ '2.3.1' ],
196 silly audit   'json-schema-traverse': [ '1.0.0', '0.4.1' ],
196 silly audit   json5: [ '2.2.3' ],
196 silly audit   'jsonc-parser': [ '3.3.1' ],
196 silly audit   jsonfile: [ '6.2.1' ],
196 silly audit   'lines-and-columns': [ '1.2.4' ],
196 silly audit   'load-esm': [ '1.0.3' ],
196 silly audit   'loader-runner': [ '4.3.2' ],
196 silly audit   lodash: [ '4.18.1' ],
196 silly audit   'log-symbols': [ '4.1.0' ],
196 silly audit   long: [ '5.3.2' ],
196 silly audit   'lru-cache': [ '11.5.0' ],
196 silly audit   'lru.min': [ '1.1.4' ],
196 silly audit   'magic-string': [ '0.30.17' ],
196 silly audit   'make-error': [ '1.3.6' ],
196 silly audit   'math-intrinsics': [ '1.1.0' ],
196 silly audit   'media-typer': [ '1.1.0', '0.3.0' ],
196 silly audit   memfs: [ '3.5.3' ],
196 silly audit   'merge-descriptors': [ '2.0.0' ],
196 silly audit   'merge-stream': [ '2.0.0' ],
196 silly audit   'mime-db': [ '1.54.0', '1.52.0' ],
196 silly audit   'mime-types': [ '3.0.2', '2.1.35' ],
196 silly audit   'mimic-fn': [ '2.1.0' ],
196 silly audit   minimist: [ '1.2.8' ],
196 silly audit   minipass: [ '7.1.3' ],
196 silly audit   ms: [ '2.1.3' ],
196 silly audit   multer: [ '2.1.1' ],
196 silly audit   'type-is': [ '1.6.18', '2.1.0' ],
196 silly audit   'mute-stream': [ '2.0.0' ],
196 silly audit   mysql2: [ '3.15.3' ],
196 silly audit   'named-placeholders': [ '1.1.6' ],
196 silly audit   negotiator: [ '1.0.0' ],
196 silly audit   'neo-async': [ '2.6.2' ],
196 silly audit   'node-abort-controller': [ '3.1.1' ],
196 silly audit   'node-emoji': [ '1.11.0' ],
196 silly audit   'node-releases': [ '2.0.44' ],
196 silly audit   'object-assign': [ '4.1.1' ],
196 silly audit   'object-inspect': [ '1.13.4' ],
196 silly audit   ohash: [ '2.0.11' ],
196 silly audit   'on-finished': [ '2.4.1' ],
196 silly audit   once: [ '1.4.0' ],
196 silly audit   onetime: [ '5.1.2' ],
196 silly audit   ora: [ '5.4.1' ],
196 silly audit   'parent-module': [ '1.0.1' ],
196 silly audit   'parse-json': [ '5.2.0' ],
196 silly audit   parseurl: [ '1.3.3' ],
196 silly audit   'path-key': [ '3.1.1' ],
196 silly audit   'path-scurry': [ '2.0.2' ],
196 silly audit   'path-to-regexp': [ '8.4.2' ],
196 silly audit   'path-type': [ '4.0.0' ],
196 silly audit   pathe: [ '2.0.3' ],
196 silly audit   'perfect-debounce': [ '2.1.0' ],
196 silly audit   pg: [ '8.21.0' ],
196 silly audit   'pg-cloudflare': [ '1.4.0' ],
196 silly audit   'pg-connection-string': [ '2.13.0' ],
196 silly audit   'pg-int8': [ '1.0.1' ],
196 silly audit   'pg-pool': [ '3.14.0' ],
196 silly audit   'pg-protocol': [ '1.14.0' ],
196 silly audit   'pg-types': [ '2.2.0' ],
196 silly audit   'postgres-array': [ '2.0.0', '3.0.4' ],
196 silly audit   pgpass: [ '1.0.5' ],
196 silly audit   picocolors: [ '1.1.1' ],
196 silly audit   picomatch: [ '4.0.4' ],
196 silly audit   'pkg-types': [ '2.3.1' ],
196 silly audit   pluralize: [ '8.0.0' ],
196 silly audit   postgres: [ '3.4.7' ],
196 silly audit   'postgres-bytea': [ '1.0.1' ],
196 silly audit   'postgres-date': [ '1.0.7' ],
196 silly audit   'postgres-interval': [ '1.2.0' ],
196 silly audit   prisma: [ '7.8.0' ],
196 silly audit   'proper-lockfile': [ '4.1.2' ],
196 silly audit   'signal-exit': [ '3.0.7', '4.1.0' ],
196 silly audit   'proxy-addr': [ '2.0.7' ],
196 silly audit   punycode: [ '2.3.1' ],
196 silly audit   'pure-rand': [ '6.1.0' ],
196 silly audit   qs: [ '6.15.2' ],
196 silly audit   'range-parser': [ '1.2.1' ],
196 silly audit   'raw-body': [ '3.0.2' ],
196 silly audit   rc9: [ '3.0.1' ],
196 silly audit   react: [ '19.2.6' ],
196 silly audit   'react-dom': [ '19.2.6' ],
196 silly audit   'readable-stream': [ '3.6.2' ],
196 silly audit   'reflect-metadata': [ '0.2.2' ],
196 silly audit   remeda: [ '2.33.4' ],
196 silly audit   'require-from-string': [ '2.0.2' ],
196 silly audit   'resolve-from': [ '4.0.0' ],
196 silly audit   'restore-cursor': [ '3.1.0' ],
196 silly audit   retry: [ '0.12.0' ],
196 silly audit   router: [ '2.2.0' ],
196 silly audit   'safe-buffer': [ '5.2.1' ],
196 silly audit   'safer-buffer': [ '2.1.2' ],
196 silly audit   scheduler: [ '0.27.0' ],
196 silly audit   'schema-utils': [ '3.3.0', '4.3.3' ],
196 silly audit   semver: [ '7.8.0' ],
196 silly audit   send: [ '1.2.1' ],
196 silly audit   'seq-queue': [ '0.0.5' ],
196 silly audit   'serve-static': [ '2.2.1' ],
196 silly audit   setprototypeof: [ '1.2.0' ],
196 silly audit   'shebang-command': [ '2.0.0' ],
196 silly audit   'shebang-regex': [ '3.0.0' ],
196 silly audit   'side-channel': [ '1.1.0' ],
196 silly audit   'side-channel-list': [ '1.0.1' ],
196 silly audit   'side-channel-map': [ '1.0.1' ],
196 silly audit   'side-channel-weakmap': [ '1.0.2' ],
196 silly audit   'source-map': [ '0.7.4', '0.6.1' ],
196 silly audit   'source-map-support': [ '0.5.21' ],
196 silly audit   split2: [ '4.2.0' ],
196 silly audit   sqlstring: [ '2.3.3' ],
196 silly audit   statuses: [ '2.0.2' ],
196 silly audit   'std-env': [ '3.10.0' ],
196 silly audit   streamsearch: [ '1.1.0' ],
196 silly audit   string_decoder: [ '1.3.0' ],
196 silly audit   'string-width': [ '4.2.3' ],
196 silly audit   'strip-ansi': [ '6.0.1' ],
196 silly audit   'strip-bom': [ '3.0.0' ],
196 silly audit   strtok3: [ '10.3.5' ],
196 silly audit   'symbol-observable': [ '4.0.0' ],
196 silly audit   tapable: [ '2.3.3' ],
196 silly audit   terser: [ '5.47.1' ],
196 silly audit   'terser-webpack-plugin': [ '5.6.0' ],
196 silly audit   toidentifier: [ '1.0.1' ],
196 silly audit   'token-types': [ '6.1.2' ],
196 silly audit   'ts-node': [ '10.9.2' ],
196 silly audit   'tsconfig-paths': [ '4.2.0' ],
196 silly audit   'tsconfig-paths-webpack-plugin': [ '4.2.0' ],
196 silly audit   tslib: [ '2.8.1' ],
196 silly audit   typedarray: [ '0.0.6' ],
196 silly audit   uid: [ '2.0.2' ],
196 silly audit   'uint8array-extras': [ '1.5.0' ],
196 silly audit   'undici-types': [ '7.24.6' ],
196 silly audit   universalify: [ '2.0.1' ],
196 silly audit   unpipe: [ '1.0.0' ],
196 silly audit   'update-browserslist-db': [ '1.2.3' ],
196 silly audit   'uri-js': [ '4.4.1' ],
196 silly audit   'util-deprecate': [ '1.0.2' ],
196 silly audit   'v8-compile-cache-lib': [ '3.0.1' ],
196 silly audit   valibot: [ '1.2.0' ],
196 silly audit   vary: [ '1.1.2' ],
196 silly audit   watchpack: [ '2.5.1' ],
196 silly audit   wcwidth: [ '1.0.1' ],
196 silly audit   webpack: [ '5.106.0' ],
196 silly audit   'webpack-node-externals': [ '3.0.0' ],
196 silly audit   'webpack-sources': [ '3.4.1' ],
196 silly audit   which: [ '2.0.2' ],
196 silly audit   'wrap-ansi': [ '6.2.0' ],
196 silly audit   wrappy: [ '1.0.2' ],
196 silly audit   xtend: [ '4.0.2' ],
196 silly audit   'yargs-parser': [ '21.1.1' ],
196 silly audit   yn: [ '3.1.1' ],
196 silly audit   'yoctocolors-cjs': [ '2.1.3' ],
196 silly audit   zeptomatch: [ '2.1.0' ],
196 silly audit   '@nestjs/jwt': [ '11.0.2' ],
196 silly audit   '@nestjs/passport': [ '11.0.5' ],
196 silly audit   bcrypt: [ '6.0.0' ],
196 silly audit   'class-transformer': [ '0.5.1' ],
196 silly audit   'class-validator': [ '0.15.1' ],
196 silly audit   passport: [ '0.7.0' ],
196 silly audit   'passport-jwt': [ '4.0.1' ],
196 silly audit   '@types/jsonwebtoken': [ '9.0.10' ],
196 silly audit   jsonwebtoken: [ '9.0.3' ],
196 silly audit   '@types/ms': [ '2.1.0' ],
196 silly audit   'node-addon-api': [ '8.7.0' ],
196 silly audit   'node-gyp-build': [ '4.8.4' ],
196 silly audit   '@types/validator': [ '13.15.10' ],
196 silly audit   'libphonenumber-js': [ '1.13.2' ],
196 silly audit   validator: [ '13.15.35' ],
196 silly audit   jws: [ '4.0.1' ],
196 silly audit   'lodash.includes': [ '4.3.0' ],
196 silly audit   'lodash.isboolean': [ '3.0.3' ],
196 silly audit   'lodash.isinteger': [ '4.0.4' ],
196 silly audit   'lodash.isnumber': [ '3.0.3' ],
196 silly audit   'lodash.isplainobject': [ '4.0.6' ],
196 silly audit   'lodash.isstring': [ '4.0.1' ],
196 silly audit   'lodash.once': [ '4.1.1' ],
196 silly audit   jwa: [ '2.0.1' ],
196 silly audit   'buffer-equal-constant-time': [ '1.0.1' ],
196 silly audit   'ecdsa-sig-formatter': [ '1.0.11' ],
196 silly audit   'passport-strategy': [ '1.0.0' ],
196 silly audit   pause: [ '0.0.1' ],
196 silly audit   'utils-merge': [ '1.0.1' ]
196 silly audit }
197 silly tarball no local data for pause@https://registry.npmjs.org/pause/-/pause-0.0.1.tgz. Extracting by manifest.
198 silly tarball no local data for utils-merge@https://registry.npmjs.org/utils-merge/-/utils-merge-1.0.1.tgz. Extracting by manifest.
199 silly tarball no local data for ecdsa-sig-formatter@https://registry.npmjs.org/ecdsa-sig-formatter/-/ecdsa-sig-formatter-1.0.11.tgz. Extracting by manifest.
200 silly tarball no local data for buffer-equal-constant-time@https://registry.npmjs.org/buffer-equal-constant-time/-/buffer-equal-constant-time-1.0.1.tgz. Extracting by manifest.
201 silly tarball no local data for jwa@https://registry.npmjs.org/jwa/-/jwa-2.0.1.tgz. Extracting by manifest.
202 silly tarball no local data for lodash.once@https://registry.npmjs.org/lodash.once/-/lodash.once-4.1.1.tgz. Extracting by manifest.
203 silly tarball no local data for lodash.isplainobject@https://registry.npmjs.org/lodash.isplainobject/-/lodash.isplainobject-4.0.6.tgz. Extracting by manifest.
204 silly tarball no local data for lodash.isstring@https://registry.npmjs.org/lodash.isstring/-/lodash.isstring-4.0.1.tgz. Extracting by manifest.
205 silly tarball no local data for lodash.isnumber@https://registry.npmjs.org/lodash.isnumber/-/lodash.isnumber-3.0.3.tgz. Extracting by manifest.
206 silly tarball no local data for lodash.isinteger@https://registry.npmjs.org/lodash.isinteger/-/lodash.isinteger-4.0.4.tgz. Extracting by manifest.
207 silly tarball no local data for lodash.includes@https://registry.npmjs.org/lodash.includes/-/lodash.includes-4.3.0.tgz. Extracting by manifest.
208 silly tarball no local data for lodash.isboolean@https://registry.npmjs.org/lodash.isboolean/-/lodash.isboolean-3.0.3.tgz. Extracting by manifest.
209 silly tarball no local data for jws@https://registry.npmjs.org/jws/-/jws-4.0.1.tgz. Extracting by manifest.
210 silly tarball no local data for validator@https://registry.npmjs.org/validator/-/validator-13.15.35.tgz. Extracting by manifest.
211 silly tarball no local data for libphonenumber-js@https://registry.npmjs.org/libphonenumber-js/-/libphonenumber-js-1.13.2.tgz. Extracting by manifest.
212 silly tarball no local data for @types/validator@https://registry.npmjs.org/@types/validator/-/validator-13.15.10.tgz. Extracting by manifest.
213 silly tarball no local data for node-addon-api@https://registry.npmjs.org/node-addon-api/-/node-addon-api-8.7.0.tgz. Extracting by manifest.
214 silly tarball no local data for node-gyp-build@https://registry.npmjs.org/node-gyp-build/-/node-gyp-build-4.8.4.tgz. Extracting by manifest.
215 silly tarball no local data for @types/ms@https://registry.npmjs.org/@types/ms/-/ms-2.1.0.tgz. Extracting by manifest.
216 silly tarball no local data for jsonwebtoken@https://registry.npmjs.org/jsonwebtoken/-/jsonwebtoken-9.0.3.tgz. Extracting by manifest.
217 silly tarball no local data for @types/jsonwebtoken@https://registry.npmjs.org/@types/jsonwebtoken/-/jsonwebtoken-9.0.10.tgz. Extracting by manifest.
218 silly tarball no local data for passport-jwt@https://registry.npmjs.org/passport-jwt/-/passport-jwt-4.0.1.tgz. Extracting by manifest.
219 silly tarball no local data for passport@https://registry.npmjs.org/passport/-/passport-0.7.0.tgz. Extracting by manifest.
220 silly tarball no local data for class-validator@https://registry.npmjs.org/class-validator/-/class-validator-0.15.1.tgz. Extracting by manifest.
221 silly tarball no local data for bcrypt@https://registry.npmjs.org/bcrypt/-/bcrypt-6.0.0.tgz. Extracting by manifest.
222 silly tarball no local data for class-transformer@https://registry.npmjs.org/class-transformer/-/class-transformer-0.5.1.tgz. Extracting by manifest.
223 silly tarball no local data for @nestjs/jwt@https://registry.npmjs.org/@nestjs/jwt/-/jwt-11.0.2.tgz. Extracting by manifest.
224 silly tarball no local data for @nestjs/passport@https://registry.npmjs.org/@nestjs/passport/-/passport-11.0.5.tgz. Extracting by manifest.
225 silly tarball no local data for passport-strategy@https://registry.npmjs.org/passport-strategy/-/passport-strategy-1.0.0.tgz. Extracting by manifest.
226 http fetch GET 200 https://registry.npmjs.org/ecdsa-sig-formatter/-/ecdsa-sig-formatter-1.0.11.tgz 92ms (cache miss)
227 http fetch GET 200 https://registry.npmjs.org/jwa/-/jwa-2.0.1.tgz 93ms (cache miss)
228 http fetch GET 200 https://registry.npmjs.org/pause/-/pause-0.0.1.tgz 96ms (cache miss)
229 http fetch GET 200 https://registry.npmjs.org/lodash.once/-/lodash.once-4.1.1.tgz 93ms (cache miss)
230 http fetch GET 200 https://registry.npmjs.org/utils-merge/-/utils-merge-1.0.1.tgz 95ms (cache miss)
231 http fetch GET 200 https://registry.npmjs.org/buffer-equal-constant-time/-/buffer-equal-constant-time-1.0.1.tgz 94ms (cache miss)
232 http fetch POST 200 https://registry.npmjs.org/-/npm/v1/security/advisories/bulk 253ms
233 silly audit report {
233 silly audit report   '@hono/node-server': [
233 silly audit report     {
233 silly audit report       id: 1116281,
233 silly audit report       url: 'https://github.com/advisories/GHSA-92pp-h63x-v22m',
233 silly audit report       title: '@hono/node-server: Middleware bypass via repeated slashes in serveStatic',
233 silly audit report       severity: 'moderate',
233 silly audit report       vulnerable_versions: '<1.19.13',
233 silly audit report       cwe: [Array],
233 silly audit report       cvss: [Object]
233 silly audit report     }
233 silly audit report   ]
233 silly audit report }
234 silly packumentCache corgi:https://registry.npmjs.org/@hono%2fnode-server cache-miss
235 http fetch GET 200 https://registry.npmjs.org/node-gyp-build/-/node-gyp-build-4.8.4.tgz 248ms (cache miss)
236 http fetch GET 200 https://registry.npmjs.org/@types/ms/-/ms-2.1.0.tgz 251ms (cache miss)
237 http fetch GET 200 https://registry.npmjs.org/@types/jsonwebtoken/-/jsonwebtoken-9.0.10.tgz 267ms (cache miss)
238 http fetch GET 200 https://registry.npmjs.org/lodash.isnumber/-/lodash.isnumber-3.0.3.tgz 276ms (cache miss)
239 http fetch GET 200 https://registry.npmjs.org/lodash.isstring/-/lodash.isstring-4.0.1.tgz 279ms (cache miss)
240 http fetch GET 200 https://registry.npmjs.org/lodash.includes/-/lodash.includes-4.3.0.tgz 279ms (cache miss)
241 http fetch GET 200 https://registry.npmjs.org/lodash.isinteger/-/lodash.isinteger-4.0.4.tgz 282ms (cache miss)
242 http fetch GET 200 https://registry.npmjs.org/lodash.isplainobject/-/lodash.isplainobject-4.0.6.tgz 284ms (cache miss)
243 http fetch GET 200 https://registry.npmjs.org/jsonwebtoken/-/jsonwebtoken-9.0.3.tgz 288ms (cache miss)
244 http fetch GET 200 https://registry.npmjs.org/passport-jwt/-/passport-jwt-4.0.1.tgz 293ms (cache miss)
245 http fetch GET 200 https://registry.npmjs.org/passport/-/passport-0.7.0.tgz 306ms (cache miss)
246 http fetch GET 200 https://registry.npmjs.org/lodash.isboolean/-/lodash.isboolean-3.0.3.tgz 316ms (cache miss)
247 http fetch GET 200 https://registry.npmjs.org/node-addon-api/-/node-addon-api-8.7.0.tgz 316ms (cache miss)
248 http fetch GET 200 https://registry.npmjs.org/passport-strategy/-/passport-strategy-1.0.0.tgz 336ms (cache miss)
249 http fetch GET 200 https://registry.npmjs.org/jws/-/jws-4.0.1.tgz 374ms (cache miss)
250 http fetch GET 200 https://registry.npmjs.org/@nestjs/passport/-/passport-11.0.5.tgz 381ms (cache miss)
251 http fetch GET 200 https://registry.npmjs.org/@hono%2fnode-server 147ms (cache miss)
252 silly packumentCache corgi:https://registry.npmjs.org/@hono%2fnode-server set size:undefined disposed:false
253 http fetch GET 200 https://registry.npmjs.org/@nestjs/jwt/-/jwt-11.0.2.tgz 395ms (cache miss)
254 silly packumentCache corgi:https://registry.npmjs.org/@prisma%2fdev cache-miss
255 http fetch GET 200 https://registry.npmjs.org/bcrypt/-/bcrypt-6.0.0.tgz 429ms (cache miss)
256 http fetch GET 200 https://registry.npmjs.org/@types/validator/-/validator-13.15.10.tgz 439ms (cache miss)
257 http fetch GET 200 https://registry.npmjs.org/validator/-/validator-13.15.35.tgz 508ms (cache miss)
258 http fetch GET 200 https://registry.npmjs.org/class-transformer/-/class-transformer-0.5.1.tgz 516ms (cache miss)
259 http fetch GET 200 https://registry.npmjs.org/@prisma%2fdev 158ms (cache miss)
260 silly packumentCache corgi:https://registry.npmjs.org/@prisma%2fdev set size:undefined disposed:false
261 silly packumentCache corgi:https://registry.npmjs.org/prisma cache-miss
262 http fetch GET 200 https://registry.npmjs.org/class-validator/-/class-validator-0.15.1.tgz 1613ms (cache miss)
263 http fetch GET 200 https://registry.npmjs.org/libphonenumber-js/-/libphonenumber-js-1.13.2.tgz 1777ms (cache miss)
264 info run bcrypt@6.0.0 install node_modules/bcrypt node-gyp-build
265 http fetch GET 200 https://registry.npmjs.org/prisma 1312ms (cache miss)
266 silly packumentCache corgi:https://registry.npmjs.org/prisma set size:undefined disposed:false
267 silly packumentCache corgi:https://registry.npmjs.org/@prisma%2fclient cache-miss
268 info run bcrypt@6.0.0 install { code: 0, signal: null }
269 http fetch GET 200 https://registry.npmjs.org/@prisma%2fclient 1195ms (cache miss)
270 silly packumentCache corgi:https://registry.npmjs.org/@prisma%2fclient set size:undefined disposed:false
271 silly ADD node_modules/utils-merge
272 silly ADD node_modules/pause
273 silly ADD node_modules/passport-strategy
274 silly ADD node_modules/ecdsa-sig-formatter
275 silly ADD node_modules/buffer-equal-constant-time
276 silly ADD node_modules/jwa
277 silly ADD node_modules/lodash.once
278 silly ADD node_modules/lodash.isstring
279 silly ADD node_modules/lodash.isplainobject
280 silly ADD node_modules/lodash.isnumber
281 silly ADD node_modules/lodash.isinteger
282 silly ADD node_modules/lodash.isboolean
283 silly ADD node_modules/lodash.includes
284 silly ADD node_modules/jws
285 silly ADD node_modules/validator
286 silly ADD node_modules/libphonenumber-js
287 silly ADD node_modules/@types/validator
288 silly ADD node_modules/node-gyp-build
289 silly ADD node_modules/node-addon-api
290 silly ADD node_modules/@types/ms
291 silly ADD node_modules/jsonwebtoken
292 silly ADD node_modules/@types/jsonwebtoken
293 silly ADD node_modules/passport-jwt
294 silly ADD node_modules/passport
295 silly ADD node_modules/class-validator
296 silly ADD node_modules/class-transformer
297 silly ADD node_modules/bcrypt
298 silly ADD node_modules/@nestjs/passport
299 silly ADD node_modules/@nestjs/jwt
300 verbose cwd /Users/abc/Documents/projectCV/Amanotes/backend
301 verbose os Darwin 24.6.0
302 verbose node v20.19.0
303 verbose npm  v10.8.2
304 notice
304 notice New major version of npm available! 10.8.2 -> 11.15.0
304 notice Changelog: https://github.com/npm/cli/releases/tag/v11.15.0
304 notice To update run: npm install -g npm@11.15.0
304 notice  { force: true, [Symbol(proc-log.meta)]: true }
305 verbose exit 0
306 info ok
