0 verbose cli /Users/abc/.nvm/versions/node/v20.19.0/bin/node /Users/abc/.nvm/versions/node/v20.19.0/bin/npm
1 info using npm@10.8.2
2 info using node@v20.19.0
3 silly config load:file:/Users/abc/.nvm/versions/node/v20.19.0/lib/node_modules/npm/npmrc
4 silly config load:file:/Users/abc/Documents/projectCV/Amanotes/backend/.npmrc
5 silly config load:file:/Users/abc/.npmrc
6 silly config load:file:/Users/abc/.nvm/versions/node/v20.19.0/etc/npmrc
7 verbose title npm install cloudinary multer-storage-cloudinary
8 verbose argv "install" "--cache" "/Users/abc/Documents/projectCV/Amanotes/backend/.npm-cache" "cloudinary" "multer-storage-cloudinary"
9 verbose logfile logs-max:10 dir:/Users/abc/Documents/projectCV/Amanotes/backend/.npm-cache/_logs/2026-05-21T04_58_48_004Z-
10 verbose logfile /Users/abc/Documents/projectCV/Amanotes/backend/.npm-cache/_logs/2026-05-21T04_58_48_004Z-debug-0.log
11 silly packumentCache heap:4345298944 maxSize:1086324736 maxEntrySize:543162368
12 silly logfile done cleaning log files
13 silly idealTree buildDeps
14 silly fetch manifest cloudinary@*
15 silly packumentCache full:https://registry.npmjs.org/cloudinary cache-miss
16 http fetch GET 200 https://registry.npmjs.org/cloudinary 294ms (cache miss)
17 silly packumentCache full:https://registry.npmjs.org/cloudinary set size:undefined disposed:false
18 silly fetch manifest multer-storage-cloudinary@*
19 silly packumentCache full:https://registry.npmjs.org/multer-storage-cloudinary cache-miss
20 http fetch GET 200 https://registry.npmjs.org/multer-storage-cloudinary 208ms (cache miss)
21 silly packumentCache full:https://registry.npmjs.org/multer-storage-cloudinary set size:undefined disposed:false
22 silly fetch manifest cloudinary@^1.21.0
23 silly packumentCache full:https://registry.npmjs.org/cloudinary cache-miss
24 http fetch GET 200 https://registry.npmjs.org/cloudinary 9ms (cache hit)
25 silly packumentCache full:https://registry.npmjs.org/cloudinary set size:296922 disposed:false
26 silly placeDep ROOT cloudinary@2.10.0 OK for: backend@1.0.0 want: *
27 silly placeDep ROOT multer-storage-cloudinary@4.0.0 OK for: backend@1.0.0 want: *
28 silly placeDep ROOT cloudinary@1.41.3 REPLACE for: multer-storage-cloudinary@4.0.0 want: ^1.21.0
29 silly fetch manifest q@^1.5.1
30 silly packumentCache full:https://registry.npmjs.org/q cache-miss
31 silly fetch manifest core-js@^3.30.1
32 silly packumentCache full:https://registry.npmjs.org/core-js cache-miss
33 silly fetch manifest cloudinary-core@^2.13.0
34 silly packumentCache full:https://registry.npmjs.org/cloudinary-core cache-miss
35 http fetch GET 200 https://registry.npmjs.org/q 246ms (cache miss)
36 silly packumentCache full:https://registry.npmjs.org/q set size:undefined disposed:false
37 http fetch GET 200 https://registry.npmjs.org/core-js 310ms (cache miss)
38 silly packumentCache full:https://registry.npmjs.org/core-js set size:undefined disposed:false
39 http fetch GET 200 https://registry.npmjs.org/cloudinary-core 489ms (cache miss)
40 silly packumentCache full:https://registry.npmjs.org/cloudinary-core set size:undefined disposed:false
41 silly fetch manifest lodash@^4.17.21
42 silly packumentCache full:https://registry.npmjs.org/lodash cache-miss
43 http fetch GET 200 https://registry.npmjs.org/lodash 80ms (cache miss)
44 silly packumentCache full:https://registry.npmjs.org/lodash set size:undefined disposed:false
45 silly placeDep ROOT cloudinary-core@2.14.1 OK for: cloudinary@1.41.3 want: ^2.13.0
46 silly placeDep ROOT core-js@3.49.0 OK for: cloudinary@1.41.3 want: ^3.30.1
47 silly placeDep ROOT q@1.5.1 OK for: cloudinary@1.41.3 want: ^1.5.1
48 warn EBADENGINE Unsupported engine {
48 warn EBADENGINE   package: '@prisma/streams-local@0.1.2',
48 warn EBADENGINE   required: { bun: '>=1.3.6', node: '>=22.0.0' },
48 warn EBADENGINE   current: { node: 'v20.19.0', npm: '10.8.2' }
48 warn EBADENGINE }
49 silly reify moves {}
50 silly audit bulk request {
50 silly audit   '@angular-devkit/core': [ '19.2.24' ],
50 silly audit   rxjs: [ '7.8.1', '7.8.2' ],
50 silly audit   '@angular-devkit/schematics': [ '19.2.24' ],
50 silly audit   '@angular-devkit/schematics-cli': [ '19.2.24' ],
50 silly audit   '@inquirer/prompts': [ '7.3.2', '7.10.1' ],
50 silly audit   '@babel/code-frame': [ '7.29.0' ],
50 silly audit   '@babel/helper-validator-identifier': [ '7.28.5' ],
50 silly audit   '@borewit/text-codec': [ '0.2.2' ],
50 silly audit   '@colors/colors': [ '1.5.0' ],
50 silly audit   '@cspotcode/source-map-support': [ '0.8.1' ],
50 silly audit   '@electric-sql/pglite': [ '0.4.1' ],
50 silly audit   '@electric-sql/pglite-socket': [ '0.1.1' ],
50 silly audit   '@electric-sql/pglite-tools': [ '0.3.1' ],
50 silly audit   '@hono/node-server': [ '1.19.11' ],
50 silly audit   '@inquirer/ansi': [ '1.0.2' ],
50 silly audit   '@inquirer/checkbox': [ '4.3.2' ],
50 silly audit   '@inquirer/confirm': [ '5.1.21' ],
50 silly audit   '@inquirer/core': [ '10.3.2' ],
50 silly audit   '@inquirer/editor': [ '4.2.23' ],
50 silly audit   '@inquirer/expand': [ '4.0.23' ],
50 silly audit   '@inquirer/external-editor': [ '1.0.3' ],
50 silly audit   '@inquirer/figures': [ '1.0.15' ],
50 silly audit   '@inquirer/input': [ '4.3.1' ],
50 silly audit   '@inquirer/number': [ '3.0.23' ],
50 silly audit   '@inquirer/password': [ '4.0.23' ],
50 silly audit   '@inquirer/rawlist': [ '4.1.11' ],
50 silly audit   '@inquirer/search': [ '3.2.2' ],
50 silly audit   '@inquirer/select': [ '4.4.2' ],
50 silly audit   '@inquirer/type': [ '3.0.10' ],
50 silly audit   '@jridgewell/gen-mapping': [ '0.3.13' ],
50 silly audit   '@jridgewell/trace-mapping': [ '0.3.31', '0.3.9' ],
50 silly audit   '@jridgewell/resolve-uri': [ '3.1.2' ],
50 silly audit   '@jridgewell/source-map': [ '0.3.11' ],
50 silly audit   '@jridgewell/sourcemap-codec': [ '1.5.5' ],
50 silly audit   '@kurkle/color': [ '0.3.4' ],
50 silly audit   '@lukeed/csprng': [ '1.1.0' ],
50 silly audit   '@microsoft/tsdoc': [ '0.16.0' ],
50 silly audit   '@nestjs/cli': [ '11.0.21' ],
50 silly audit   typescript: [ '5.9.3', '6.0.3' ],
50 silly audit   '@nestjs/common': [ '11.1.21' ],
50 silly audit   '@nestjs/core': [ '11.1.21' ],
50 silly audit   '@nestjs/jwt': [ '11.0.2' ],
50 silly audit   '@nestjs/mapped-types': [ '2.1.1' ],
50 silly audit   '@nestjs/passport': [ '11.0.5' ],
50 silly audit   '@nestjs/platform-express': [ '11.1.21' ],
50 silly audit   '@nestjs/platform-socket.io': [ '11.1.21' ],
50 silly audit   '@nestjs/schematics': [ '11.1.0' ],
50 silly audit   '@nestjs/swagger': [ '11.4.3' ],
50 silly audit   '@nestjs/websockets': [ '11.1.21' ],
50 silly audit   '@nuxt/opencollective': [ '0.4.1' ],
50 silly audit   '@prisma/adapter-pg': [ '7.8.0' ],
50 silly audit   '@prisma/client': [ '7.8.0' ],
50 silly audit   '@prisma/client-runtime-utils': [ '7.8.0' ],
50 silly audit   '@prisma/config': [ '7.8.0' ],
50 silly audit   '@prisma/debug': [ '7.8.0', '7.2.0' ],
50 silly audit   '@prisma/dev': [ '0.24.3' ],
50 silly audit   '@prisma/driver-adapter-utils': [ '7.8.0' ],
50 silly audit   '@prisma/engines': [ '7.8.0' ],
50 silly audit   '@prisma/engines-version': [ '7.8.0-6.3c6e192761c0362d496ed980de936e2f3cebcd3a' ],
50 silly audit   '@prisma/get-platform': [ '7.8.0', '7.2.0' ],
50 silly audit   '@prisma/fetch-engine': [ '7.8.0' ],
50 silly audit   '@prisma/query-plan-executor': [ '7.2.0' ],
50 silly audit   '@prisma/streams-local': [ '0.1.2' ],
50 silly audit   '@prisma/studio-core': [ '0.27.3' ],
50 silly audit   '@radix-ui/primitive': [ '1.1.3' ],
50 silly audit   '@radix-ui/react-compose-refs': [ '1.1.2' ],
50 silly audit   '@radix-ui/react-primitive': [ '2.1.3' ],
50 silly audit   '@radix-ui/react-slot': [ '1.2.3' ],
50 silly audit   '@radix-ui/react-toggle': [ '1.1.10' ],
50 silly audit   '@radix-ui/react-use-controllable-state': [ '1.2.2' ],
50 silly audit   '@radix-ui/react-use-effect-event': [ '0.0.2' ],
50 silly audit   '@radix-ui/react-use-layout-effect': [ '1.1.1' ],
50 silly audit   '@scarf/scarf': [ '1.4.0' ],
50 silly audit   '@socket.io/component-emitter': [ '3.1.2' ],
50 silly audit   '@standard-schema/spec': [ '1.1.0' ],
50 silly audit   '@tokenizer/inflate': [ '0.4.1' ],
50 silly audit   '@tokenizer/token': [ '0.3.0' ],
50 silly audit   '@tsconfig/node10': [ '1.0.12' ],
50 silly audit   '@tsconfig/node12': [ '1.0.11' ],
50 silly audit   '@tsconfig/node14': [ '1.0.3' ],
50 silly audit   '@tsconfig/node16': [ '1.0.4' ],
50 silly audit   '@types/bcrypt': [ '6.0.0' ],
50 silly audit   '@types/body-parser': [ '1.19.6' ],
50 silly audit   '@types/connect': [ '3.4.38' ],
50 silly audit   '@types/cors': [ '2.8.19' ],
50 silly audit   '@types/eslint': [ '9.6.1' ],
50 silly audit   '@types/eslint-scope': [ '3.7.7' ],
50 silly audit   '@types/estree': [ '1.0.9' ],
50 silly audit   '@types/express': [ '5.0.6' ],
50 silly audit   '@types/express-serve-static-core': [ '5.1.1' ],
50 silly audit   '@types/http-errors': [ '2.0.5' ],
50 silly audit   '@types/json-schema': [ '7.0.15' ],
50 silly audit   '@types/jsonwebtoken': [ '9.0.10' ],
50 silly audit   '@types/ms': [ '2.1.0' ],
50 silly audit   '@types/multer': [ '2.1.0' ],
50 silly audit   '@types/node': [ '25.9.1' ],
50 silly audit   '@types/passport': [ '1.0.17' ],
50 silly audit   '@types/passport-jwt': [ '4.0.1' ],
50 silly audit   '@types/passport-strategy': [ '0.2.38' ],
50 silly audit   '@types/pg': [ '8.20.0' ],
50 silly audit   '@types/qs': [ '6.15.1' ],
50 silly audit   '@types/range-parser': [ '1.2.7' ],
50 silly audit   '@types/react': [ '19.2.15' ],
50 silly audit   '@types/send': [ '1.2.1' ],
50 silly audit   '@types/serve-static': [ '2.2.0' ],
50 silly audit   '@types/validator': [ '13.15.10' ],
50 silly audit   '@types/ws': [ '8.18.1' ],
50 silly audit   '@webassemblyjs/ast': [ '1.14.1' ],
50 silly audit   '@webassemblyjs/floating-point-hex-parser': [ '1.13.2' ],
50 silly audit   '@webassemblyjs/helper-api-error': [ '1.13.2' ],
50 silly audit   '@webassemblyjs/helper-buffer': [ '1.14.1' ],
50 silly audit   '@webassemblyjs/helper-numbers': [ '1.13.2' ],
50 silly audit   '@webassemblyjs/helper-wasm-bytecode': [ '1.13.2' ],
50 silly audit   '@webassemblyjs/helper-wasm-section': [ '1.14.1' ],
50 silly audit   '@webassemblyjs/ieee754': [ '1.13.2' ],
50 silly audit   '@webassemblyjs/leb128': [ '1.13.2' ],
50 silly audit   '@webassemblyjs/utf8': [ '1.13.2' ],
50 silly audit   '@webassemblyjs/wasm-edit': [ '1.14.1' ],
50 silly audit   '@webassemblyjs/wasm-gen': [ '1.14.1' ],
50 silly audit   '@webassemblyjs/wasm-opt': [ '1.14.1' ],
50 silly audit   '@webassemblyjs/wasm-parser': [ '1.14.1' ],
50 silly audit   '@webassemblyjs/wast-printer': [ '1.14.1' ],
50 silly audit   '@xtuc/ieee754': [ '1.2.0' ],
50 silly audit   '@xtuc/long': [ '4.2.2' ],
50 silly audit   accepts: [ '2.0.0', '1.3.8' ],
50 silly audit   acorn: [ '8.16.0' ],
50 silly audit   'acorn-import-phases': [ '1.0.4' ],
50 silly audit   'acorn-walk': [ '8.3.5' ],
50 silly audit   ajv: [ '8.18.0', '6.15.0' ],
50 silly audit   'ajv-formats': [ '3.0.1', '2.1.1' ],
50 silly audit   'ajv-keywords': [ '5.1.0', '3.5.2' ],
50 silly audit   'ansi-colors': [ '4.1.3' ],
50 silly audit   'ansi-regex': [ '5.0.1' ],
50 silly audit   'ansi-styles': [ '4.3.0' ],
50 silly audit   ansis: [ '4.2.0' ],
50 silly audit   'append-field': [ '1.0.0' ],
50 silly audit   arg: [ '4.1.3' ],
50 silly audit   argparse: [ '2.0.1' ],
50 silly audit   'array-timsort': [ '1.0.3' ],
50 silly audit   'aws-ssl-profiles': [ '1.1.2' ],
50 silly audit   'balanced-match': [ '1.0.2', '4.0.4' ],
50 silly audit   'base64-js': [ '1.5.1' ],
50 silly audit   base64id: [ '2.0.0' ],
50 silly audit   'baseline-browser-mapping': [ '2.10.31' ],
50 silly audit   bcrypt: [ '6.0.0' ],
50 silly audit   'better-result': [ '2.9.2' ],
50 silly audit   bl: [ '4.1.0' ],
50 silly audit   'body-parser': [ '2.2.2' ],
50 silly audit   'brace-expansion': [ '1.1.14', '5.0.6' ],
50 silly audit   browserslist: [ '4.28.2' ],
50 silly audit   buffer: [ '5.7.1' ],
50 silly audit   'buffer-equal-constant-time': [ '1.0.1' ],
50 silly audit   'buffer-from': [ '1.1.2' ],
50 silly audit   busboy: [ '1.6.0' ],
50 silly audit   bytes: [ '3.1.2' ],
50 silly audit   c12: [ '3.3.4' ],
50 silly audit   chokidar: [ '5.0.0', '4.0.3' ],
50 silly audit   readdirp: [ '5.0.0', '4.1.2' ],
50 silly audit   'call-bind-apply-helpers': [ '1.0.2' ],
50 silly audit   'call-bound': [ '1.0.4' ],
50 silly audit   callsites: [ '3.1.0' ],
50 silly audit   'caniuse-lite': [ '1.0.30001793' ],
50 silly audit   chalk: [ '4.1.2' ],
50 silly audit   chardet: [ '2.1.1' ],
50 silly audit   'chart.js': [ '4.5.1' ],
50 silly audit   'chrome-trace-event': [ '1.0.4' ],
50 silly audit   'class-transformer': [ '0.5.1' ],
50 silly audit   'class-validator': [ '0.15.1' ],
50 silly audit   'cli-cursor': [ '3.1.0' ],
50 silly audit   'cli-spinners': [ '2.9.2' ],
50 silly audit   'cli-table3': [ '0.6.5' ],
50 silly audit   'cli-width': [ '4.1.0' ],
50 silly audit   clone: [ '1.0.4' ],
50 silly audit   'color-convert': [ '2.0.1' ],
50 silly audit   'color-name': [ '1.1.4' ],
50 silly audit   commander: [ '4.1.1', '2.20.3' ],
50 silly audit   'comment-json': [ '5.0.0' ],
50 silly audit   'concat-map': [ '0.0.1' ],
50 silly audit   'concat-stream': [ '2.0.0' ],
50 silly audit   confbox: [ '0.2.4' ],
50 silly audit   consola: [ '3.4.2' ],
50 silly audit   'content-disposition': [ '1.1.0' ],
50 silly audit   'content-type': [ '1.0.5', '2.0.0' ],
50 silly audit   cookie: [ '0.7.2' ],
50 silly audit   'cookie-signature': [ '1.2.2' ],
50 silly audit   cors: [ '2.8.6' ],
50 silly audit   cosmiconfig: [ '8.3.6' ],
50 silly audit   'create-require': [ '1.1.1' ],
50 silly audit   'cross-spawn': [ '7.0.6' ],
50 silly audit   csstype: [ '3.2.3' ],
50 silly audit   debug: [ '4.4.3' ],
50 silly audit   deepmerge: [ '4.3.1' ],
50 silly audit   'deepmerge-ts': [ '7.1.5' ],
50 silly audit   defaults: [ '1.0.4' ],
50 silly audit   defu: [ '6.1.7' ],
50 silly audit   denque: [ '2.1.0' ],
50 silly audit   depd: [ '2.0.0' ],
50 silly audit   destr: [ '2.0.5' ],
50 silly audit   diff: [ '4.0.4' ],
50 silly audit   dotenv: [ '17.4.2' ],
50 silly audit   'dunder-proto': [ '1.0.1' ],
50 silly audit   'ecdsa-sig-formatter': [ '1.0.11' ],
50 silly audit   'ee-first': [ '1.1.1' ],
50 silly audit   effect: [ '3.20.0' ],
50 silly audit   'electron-to-chromium': [ '1.5.360' ],
50 silly audit   'emoji-regex': [ '8.0.0' ],
50 silly audit   empathic: [ '2.0.0' ],
50 silly audit   encodeurl: [ '2.0.0' ],
50 silly audit   'engine.io': [ '6.6.8' ],
50 silly audit   'engine.io-client': [ '6.6.5' ],
50 silly audit   'engine.io-parser': [ '5.2.3' ],
50 silly audit   'mime-db': [ '1.52.0', '1.54.0' ],
50 silly audit   'mime-types': [ '2.1.35', '3.0.2' ],
50 silly audit   negotiator: [ '0.6.3', '1.0.0' ],
50 silly audit   'enhanced-resolve': [ '5.21.5' ],
50 silly audit   'env-paths': [ '3.0.0' ],
50 silly audit   'error-ex': [ '1.3.4' ],
50 silly audit   'es-define-property': [ '1.0.1' ],
50 silly audit   'es-errors': [ '1.3.0' ],
50 silly audit   'es-module-lexer': [ '2.1.0' ],
50 silly audit   'es-object-atoms': [ '1.1.1' ],
50 silly audit   escalade: [ '3.2.0' ],
50 silly audit   'escape-html': [ '1.0.3' ],
50 silly audit   'eslint-scope': [ '5.1.1' ],
50 silly audit   esprima: [ '4.0.1' ],
50 silly audit   esrecurse: [ '4.3.0' ],
50 silly audit   estraverse: [ '5.3.0', '4.3.0' ],
50 silly audit   etag: [ '1.8.1' ],
50 silly audit   events: [ '3.3.0' ],
50 silly audit   express: [ '5.2.1' ],
50 silly audit   exsolve: [ '1.0.8' ],
50 silly audit   'fast-check': [ '3.23.2' ],
50 silly audit   'fast-deep-equal': [ '3.1.3' ],
50 silly audit   'fast-json-stable-stringify': [ '2.1.0' ],
50 silly audit   'fast-safe-stringify': [ '2.1.1' ],
50 silly audit   'fast-uri': [ '3.1.2' ],
50 silly audit   'file-type': [ '21.3.4' ],
50 silly audit   finalhandler: [ '2.1.1' ],
50 silly audit   'foreground-child': [ '3.3.1' ],
50 silly audit   'fork-ts-checker-webpack-plugin': [ '9.1.0' ],
50 silly audit   forwarded: [ '0.2.0' ],
50 silly audit   fresh: [ '2.0.0' ],
50 silly audit   'fs-extra': [ '10.1.0' ],
50 silly audit   'fs-monkey': [ '1.1.0' ],
50 silly audit   'function-bind': [ '1.1.2' ],
50 silly audit   'generate-function': [ '2.3.1' ],
50 silly audit   'get-intrinsic': [ '1.3.0' ],
50 silly audit   'get-port-please': [ '3.2.0' ],
50 silly audit   'get-proto': [ '1.0.1' ],
50 silly audit   giget: [ '3.2.0' ],
50 silly audit   glob: [ '13.0.6' ],
50 silly audit   'glob-to-regexp': [ '0.4.1' ],
50 silly audit   minimatch: [ '10.2.5', '3.1.5' ],
50 silly audit   gopd: [ '1.2.0' ],
50 silly audit   'graceful-fs': [ '4.2.11' ],
50 silly audit   grammex: [ '3.1.12' ],
50 silly audit   graphmatch: [ '1.1.1' ],
50 silly audit   'has-flag': [ '4.0.0' ],
50 silly audit   'has-symbols': [ '1.1.0' ],
50 silly audit   hasown: [ '2.0.3' ],
50 silly audit   hono: [ '4.12.21' ],
50 silly audit   'http-errors': [ '2.0.1' ],
50 silly audit   'http-status-codes': [ '2.3.0' ],
50 silly audit   'iconv-lite': [ '0.7.2' ],
50 silly audit   ieee754: [ '1.2.1' ],
50 silly audit   'import-fresh': [ '3.3.1' ],
50 silly audit   inherits: [ '2.0.4' ],
50 silly audit   'ipaddr.js': [ '1.9.1' ],
50 silly audit   'is-arrayish': [ '0.2.1' ],
50 silly audit   'is-fullwidth-code-point': [ '3.0.0' ],
50 silly audit   'is-interactive': [ '1.0.0' ],
50 silly audit   'is-promise': [ '4.0.0' ],
50 silly audit   'is-property': [ '1.0.2' ],
50 silly audit   'is-unicode-supported': [ '0.1.0' ],
50 silly audit   isexe: [ '2.0.0' ],
50 silly audit   iterare: [ '1.2.1' ],
50 silly audit   'jest-worker': [ '27.5.1' ],
50 silly audit   'supports-color': [ '8.1.1', '7.2.0' ],
50 silly audit   jiti: [ '2.7.0' ],
50 silly audit   'js-tokens': [ '4.0.0' ],
50 silly audit   'js-yaml': [ '4.1.1' ],
50 silly audit   'json-parse-even-better-errors': [ '2.3.1' ],
50 silly audit   'json-schema-traverse': [ '1.0.0', '0.4.1' ],
50 silly audit   json5: [ '2.2.3' ],
50 silly audit   'jsonc-parser': [ '3.3.1' ],
50 silly audit   jsonfile: [ '6.2.1' ],
50 silly audit   jsonwebtoken: [ '9.0.3' ],
50 silly audit   jwa: [ '2.0.1' ],
50 silly audit   jws: [ '4.0.1' ],
50 silly audit   'libphonenumber-js': [ '1.13.2' ],
50 silly audit   'lines-and-columns': [ '1.2.4' ],
50 silly audit   'load-esm': [ '1.0.3' ],
50 silly audit   'loader-runner': [ '4.3.2' ],
50 silly audit   lodash: [ '4.18.1' ],
50 silly audit   'lodash.includes': [ '4.3.0' ],
50 silly audit   'lodash.isboolean': [ '3.0.3' ],
50 silly audit   'lodash.isinteger': [ '4.0.4' ],
50 silly audit   'lodash.isnumber': [ '3.0.3' ],
50 silly audit   'lodash.isplainobject': [ '4.0.6' ],
50 silly audit   'lodash.isstring': [ '4.0.1' ],
50 silly audit   'lodash.once': [ '4.1.1' ],
50 silly audit   'log-symbols': [ '4.1.0' ],
50 silly audit   long: [ '5.3.2' ],
50 silly audit   'lru-cache': [ '11.5.0' ],
50 silly audit   'lru.min': [ '1.1.4' ],
50 silly audit   'magic-string': [ '0.30.17' ],
50 silly audit   'make-error': [ '1.3.6' ],
50 silly audit   'math-intrinsics': [ '1.1.0' ],
50 silly audit   'media-typer': [ '1.1.0', '0.3.0' ],
50 silly audit   memfs: [ '3.5.3' ],
50 silly audit   'merge-descriptors': [ '2.0.0' ],
50 silly audit   'merge-stream': [ '2.0.0' ],
50 silly audit   'mimic-fn': [ '2.1.0' ],
50 silly audit   minimist: [ '1.2.8' ],
50 silly audit   minipass: [ '7.1.3' ],
50 silly audit   ms: [ '2.1.3' ],
50 silly audit   multer: [ '2.1.1' ],
50 silly audit   'type-is': [ '1.6.18', '2.1.0' ],
50 silly audit   'mute-stream': [ '2.0.0' ],
50 silly audit   mysql2: [ '3.15.3' ],
50 silly audit   'named-placeholders': [ '1.1.6' ],
50 silly audit   'neo-async': [ '2.6.2' ],
50 silly audit   'node-abort-controller': [ '3.1.1' ],
50 silly audit   'node-addon-api': [ '8.7.0' ],
50 silly audit   'node-emoji': [ '1.11.0' ],
50 silly audit   'node-gyp-build': [ '4.8.4' ],
50 silly audit   'node-releases': [ '2.0.44' ],
50 silly audit   'object-assign': [ '4.1.1' ],
50 silly audit   'object-hash': [ '3.0.0' ],
50 silly audit   'object-inspect': [ '1.13.4' ],
50 silly audit   ohash: [ '2.0.11' ],
50 silly audit   'on-finished': [ '2.4.1' ],
50 silly audit   once: [ '1.4.0' ],
50 silly audit   onetime: [ '5.1.2' ],
50 silly audit   ora: [ '5.4.1' ],
50 silly audit   'parent-module': [ '1.0.1' ],
50 silly audit   'parse-json': [ '5.2.0' ],
50 silly audit   parseurl: [ '1.3.3' ],
50 silly audit   passport: [ '0.7.0' ],
50 silly audit   'passport-jwt': [ '4.0.1' ],
50 silly audit   'passport-strategy': [ '1.0.0' ],
50 silly audit   'path-key': [ '3.1.1' ],
50 silly audit   'path-scurry': [ '2.0.2' ],
50 silly audit   'path-to-regexp': [ '8.4.2' ],
50 silly audit   'path-type': [ '4.0.0' ],
50 silly audit   pathe: [ '2.0.3' ],
50 silly audit   pause: [ '0.0.1' ],
50 silly audit   'perfect-debounce': [ '2.1.0' ],
50 silly audit   pg: [ '8.21.0' ],
50 silly audit   'pg-cloudflare': [ '1.4.0' ],
50 silly audit   'pg-connection-string': [ '2.13.0' ],
50 silly audit   'pg-int8': [ '1.0.1' ],
50 silly audit   'pg-pool': [ '3.14.0' ],
50 silly audit   'pg-protocol': [ '1.14.0' ],
50 silly audit   'pg-types': [ '2.2.0' ],
50 silly audit   'postgres-array': [ '2.0.0', '3.0.4' ],
50 silly audit   pgpass: [ '1.0.5' ],
50 silly audit   picocolors: [ '1.1.1' ],
50 silly audit   picomatch: [ '4.0.4' ],
50 silly audit   'pkg-types': [ '2.3.1' ],
50 silly audit   pluralize: [ '8.0.0' ],
50 silly audit   postgres: [ '3.4.7' ],
50 silly audit   'postgres-bytea': [ '1.0.1' ],
50 silly audit   'postgres-date': [ '1.0.7' ],
50 silly audit   'postgres-interval': [ '1.2.0' ],
50 silly audit   prisma: [ '7.8.0' ],
50 silly audit   'proper-lockfile': [ '4.1.2' ],
50 silly audit   'signal-exit': [ '3.0.7', '4.1.0' ],
50 silly audit   'proxy-addr': [ '2.0.7' ],
50 silly audit   punycode: [ '2.3.1' ],
50 silly audit   'pure-rand': [ '6.1.0' ],
50 silly audit   qs: [ '6.15.2' ],
50 silly audit   'range-parser': [ '1.2.1' ],
50 silly audit   'raw-body': [ '3.0.2' ],
50 silly audit   rc9: [ '3.0.1' ],
50 silly audit   react: [ '19.2.6' ],
50 silly audit   'react-dom': [ '19.2.6' ],
50 silly audit   'readable-stream': [ '3.6.2' ],
50 silly audit   'reflect-metadata': [ '0.2.2' ],
50 silly audit   remeda: [ '2.33.4' ],
50 silly audit   'require-from-string': [ '2.0.2' ],
50 silly audit   'resolve-from': [ '4.0.0' ],
50 silly audit   'restore-cursor': [ '3.1.0' ],
50 silly audit   retry: [ '0.12.0' ],
50 silly audit   router: [ '2.2.0' ],
50 silly audit   'safe-buffer': [ '5.2.1' ],
50 silly audit   'safer-buffer': [ '2.1.2' ],
50 silly audit   scheduler: [ '0.27.0' ],
50 silly audit   'schema-utils': [ '3.3.0', '4.3.3' ],
50 silly audit   semver: [ '7.8.0' ],
50 silly audit   send: [ '1.2.1' ],
50 silly audit   'seq-queue': [ '0.0.5' ],
50 silly audit   'serve-static': [ '2.2.1' ],
50 silly audit   setprototypeof: [ '1.2.0' ],
50 silly audit   'shebang-command': [ '2.0.0' ],
50 silly audit   'shebang-regex': [ '3.0.0' ],
50 silly audit   'side-channel': [ '1.1.0' ],
50 silly audit   'side-channel-list': [ '1.0.1' ],
50 silly audit   'side-channel-map': [ '1.0.1' ],
50 silly audit   'side-channel-weakmap': [ '1.0.2' ],
50 silly audit   'socket.io': [ '4.8.3' ],
50 silly audit   'socket.io-adapter': [ '2.5.7' ],
50 silly audit   'socket.io-client': [ '4.8.3' ],
50 silly audit   'socket.io-parser': [ '4.2.6' ],
50 silly audit   'source-map': [ '0.7.4', '0.6.1' ],
50 silly audit   'source-map-support': [ '0.5.21' ],
50 silly audit   split2: [ '4.2.0' ],
50 silly audit   sqlstring: [ '2.3.3' ],
50 silly audit   statuses: [ '2.0.2' ],
50 silly audit   'std-env': [ '3.10.0' ],
50 silly audit   streamsearch: [ '1.1.0' ],
50 silly audit   string_decoder: [ '1.3.0' ],
50 silly audit   'string-width': [ '4.2.3' ],
50 silly audit   'strip-ansi': [ '6.0.1' ],
50 silly audit   'strip-bom': [ '3.0.0' ],
50 silly audit   strtok3: [ '10.3.5' ],
50 silly audit   'swagger-ui-dist': [ '5.32.6' ],
50 silly audit   'swagger-ui-express': [ '5.0.1' ],
50 silly audit   'symbol-observable': [ '4.0.0' ],
50 silly audit   tapable: [ '2.3.3' ],
50 silly audit   terser: [ '5.47.1' ],
50 silly audit   'terser-webpack-plugin': [ '5.6.0' ],
50 silly audit   toidentifier: [ '1.0.1' ],
50 silly audit   'token-types': [ '6.1.2' ],
50 silly audit   'ts-node': [ '10.9.2' ],
50 silly audit   'tsconfig-paths': [ '4.2.0' ],
50 silly audit   'tsconfig-paths-webpack-plugin': [ '4.2.0' ],
50 silly audit   tslib: [ '2.8.1' ],
50 silly audit   typedarray: [ '0.0.6' ],
50 silly audit   uid: [ '2.0.2' ],
50 silly audit   'uint8array-extras': [ '1.5.0' ],
50 silly audit   'undici-types': [ '7.24.6' ],
50 silly audit   universalify: [ '2.0.1' ],
50 silly audit   unpipe: [ '1.0.0' ],
50 silly audit   'update-browserslist-db': [ '1.2.3' ],
50 silly audit   'uri-js': [ '4.4.1' ],
50 silly audit   'util-deprecate': [ '1.0.2' ],
50 silly audit   'utils-merge': [ '1.0.1' ],
50 silly audit   'v8-compile-cache-lib': [ '3.0.1' ],
50 silly audit   valibot: [ '1.2.0' ],
50 silly audit   validator: [ '13.15.35' ],
50 silly audit   vary: [ '1.1.2' ],
50 silly audit   watchpack: [ '2.5.1' ],
50 silly audit   wcwidth: [ '1.0.1' ],
50 silly audit   webpack: [ '5.106.0' ],
50 silly audit   'webpack-node-externals': [ '3.0.0' ],
50 silly audit   'webpack-sources': [ '3.4.1' ],
50 silly audit   which: [ '2.0.2' ],
50 silly audit   'wrap-ansi': [ '6.2.0' ],
50 silly audit   wrappy: [ '1.0.2' ],
50 silly audit   ws: [ '8.20.1' ],
50 silly audit   'xmlhttprequest-ssl': [ '2.1.2' ],
50 silly audit   xtend: [ '4.0.2' ],
50 silly audit   'yargs-parser': [ '21.1.1' ],
50 silly audit   yn: [ '3.1.1' ],
50 silly audit   'yoctocolors-cjs': [ '2.1.3' ],
50 silly audit   zeptomatch: [ '2.1.0' ],
50 silly audit   'multer-storage-cloudinary': [ '4.0.0' ],
50 silly audit   cloudinary: [ '1.41.3' ],
50 silly audit   'cloudinary-core': [ '2.14.1' ],
50 silly audit   'core-js': [ '3.49.0' ],
50 silly audit   q: [ '1.5.1' ]
50 silly audit }
51 silly tarball no local data for q@https://registry.npmjs.org/q/-/q-1.5.1.tgz. Extracting by manifest.
52 silly tarball no local data for cloudinary@https://registry.npmjs.org/cloudinary/-/cloudinary-1.41.3.tgz. Extracting by manifest.
53 silly tarball no local data for cloudinary-core@https://registry.npmjs.org/cloudinary-core/-/cloudinary-core-2.14.1.tgz. Extracting by manifest.
54 silly tarball no local data for core-js@https://registry.npmjs.org/core-js/-/core-js-3.49.0.tgz. Extracting by manifest.
55 silly tarball no local data for multer-storage-cloudinary@https://registry.npmjs.org/multer-storage-cloudinary/-/multer-storage-cloudinary-4.0.0.tgz. Extracting by manifest.
56 http fetch GET 200 https://registry.npmjs.org/q/-/q-1.5.1.tgz 97ms (cache miss)
57 warn deprecated q@1.5.1: You or someone you depend on is using Q, the JavaScript Promise library that gave JavaScript developers strong feelings about promises. They can almost certainly migrate to the native JavaScript promise now. Thank you literally everyone for joining me in this bet against the odds. Be excellent to each other.
57 warn deprecated
57 warn deprecated (For a CapTP with native promises, see @endo/eventual-send and @endo/captp)
58 http fetch GET 200 https://registry.npmjs.org/cloudinary/-/cloudinary-1.41.3.tgz 106ms (cache miss)
59 http fetch POST 200 https://registry.npmjs.org/-/npm/v1/security/advisories/bulk 213ms
60 silly audit report {
60 silly audit report   '@hono/node-server': [
60 silly audit report     {
60 silly audit report       id: 1116281,
60 silly audit report       url: 'https://github.com/advisories/GHSA-92pp-h63x-v22m',
60 silly audit report       title: '@hono/node-server: Middleware bypass via repeated slashes in serveStatic',
60 silly audit report       severity: 'moderate',
60 silly audit report       vulnerable_versions: '<1.19.13',
60 silly audit report       cwe: [Array],
60 silly audit report       cvss: [Object]
60 silly audit report     }
60 silly audit report   ],
60 silly audit report   cloudinary: [
60 silly audit report     {
60 silly audit report       id: 1109723,
60 silly audit report       url: 'https://github.com/advisories/GHSA-g4mf-96x5-5m2c',
60 silly audit report       title: 'Cloudinary Node SDK is vulnerable to Arbitrary Argument Injection through parameters that include an ampersand',
60 silly audit report       severity: 'high',
60 silly audit report       vulnerable_versions: '<2.7.0',
60 silly audit report       cwe: [Array],
60 silly audit report       cvss: [Object]
60 silly audit report     }
60 silly audit report   ]
60 silly audit report }
61 silly packumentCache corgi:https://registry.npmjs.org/@hono%2fnode-server cache-miss
62 silly packumentCache corgi:https://registry.npmjs.org/cloudinary cache-miss
63 warn tar TAR_ENTRY_ERROR ENOENT: no such file or directory, lstat '/Users/abc/Documents/projectCV/Amanotes/backend/node_modules/multer-storage-cloudinary/.vscode'
64 silly tar TAR_ENTRY_ERROR ENOENT: no such file or directory, lstat '/Users/abc/Documents/projectCV/Amanotes/backend/node_modules/multer-storage-cloudinary/.vscode' [Error: ENOENT: no such file or directory, lstat '/Users/abc/Documents/projectCV/Amanotes/backend/node_modules/multer-storage-cloudinary/.vscode'] {
64 silly tar   errno: -2,
64 silly tar   code: 'ENOENT',
64 silly tar   syscall: 'lstat',
64 silly tar   path: '/Users/abc/Documents/projectCV/Amanotes/backend/node_modules/multer-storage-cloudinary/.vscode',
64 silly tar   entry: ReadEntry {
64 silly tar     _events: [Object: null prototype] { end: [Function (anonymous)] },
64 silly tar     _eventsCount: 1,
64 silly tar     _maxListeners: undefined,
64 silly tar     writable: false,
64 silly tar     readable: true,
64 silly tar     extended: null,
64 silly tar     globalExtended: null,
64 silly tar     header: Header {
64 silly tar       cksumValid: true,
64 silly tar       needPax: false,
64 silly tar       nullBlock: false,
64 silly tar       block: null,
64 silly tar       path: 'package/.vscode/settings.json',
64 silly tar       mode: 438,
64 silly tar       uid: null,
64 silly tar       gid: null,
64 silly tar       size: 285,
64 silly tar       mtime: 1985-10-26T08:15:00.000Z,
64 silly tar       cksum: 5874,
64 silly tar       linkpath: '',
64 silly tar       uname: '',
64 silly tar       gname: '',
64 silly tar       devmaj: 0,
64 silly tar       devmin: 0,
64 silly tar       atime: null,
64 silly tar       ctime: null,
64 silly tar       [Symbol(type)]: '0'
64 silly tar     },
64 silly tar     startBlockSize: 512,
64 silly tar     blockRemain: 0,
64 silly tar     remain: 0,
64 silly tar     type: 'File',
64 silly tar     meta: false,
64 silly tar     ignore: false,
64 silly tar     path: '.vscode/settings.json',
64 silly tar     mode: 438,
64 silly tar     uid: null,
64 silly tar     gid: null,
64 silly tar     uname: '',
64 silly tar     gname: '',
64 silly tar     size: 285,
64 silly tar     mtime: 1985-10-26T08:15:00.000Z,
64 silly tar     atime: null,
64 silly tar     ctime: null,
64 silly tar     linkpath: '',
64 silly tar     absolute: '/Users/abc/Documents/projectCV/Amanotes/backend/node_modules/multer-storage-cloudinary/.vscode/settings.json',
64 silly tar     [Symbol(shapeMode)]: false,
64 silly tar     [Symbol(kCapture)]: false,
64 silly tar     [Symbol(flowing)]: false,
64 silly tar     [Symbol(paused)]: true,
64 silly tar     [Symbol(pipes)]: [],
64 silly tar     [Symbol(buffer)]: [
64 silly tar       <Buffer 7b 0d 0a 20 20 22 5b 6a 73 6f 6e 5d 22 3a 20 7b 0d 0a 20 20 20 20 22 65 64 69 74 6f 72 2e 64 65 66 61 75 6c 74 46 6f 72 6d 61 74 74 65 72 22 3a 20 22 ... 235 more bytes>
64 silly tar     ],
64 silly tar     [Symbol(objectMode)]: false,
64 silly tar     [Symbol(encoding)]: null,
64 silly tar     [Symbol(async)]: false,
64 silly tar     [Symbol(decoder)]: null,
64 silly tar     [Symbol(EOF)]: true,
64 silly tar     [Symbol(emittedEnd)]: false,
64 silly tar     [Symbol(emittingEnd)]: false,
64 silly tar     [Symbol(closed)]: false,
64 silly tar     [Symbol(emittedError)]: null,
64 silly tar     [Symbol(bufferLength)]: 285,
64 silly tar     [Symbol(destroyed)]: false,
64 silly tar     [Symbol(signal)]: undefined,
64 silly tar     [Symbol(aborted)]: false
64 silly tar   },
64 silly tar   cwd: '/Users/abc/Documents/projectCV/Amanotes/backend/node_modules/multer-storage-cloudinary',
64 silly tar   tarCode: 'TAR_ENTRY_ERROR'
64 silly tar }
65 http fetch GET 200 https://registry.npmjs.org/multer-storage-cloudinary/-/multer-storage-cloudinary-4.0.0.tgz 233ms (cache miss)
66 http fetch GET 200 https://registry.npmjs.org/cloudinary 76ms (cache miss)
67 silly packumentCache corgi:https://registry.npmjs.org/cloudinary set size:undefined disposed:false
68 http fetch GET 200 https://registry.npmjs.org/@hono%2fnode-server 87ms (cache revalidated)
69 silly packumentCache corgi:https://registry.npmjs.org/@hono%2fnode-server set size:90058 disposed:false
70 silly packumentCache corgi:https://registry.npmjs.org/@prisma%2fdev cache-miss
71 http fetch GET 200 https://registry.npmjs.org/cloudinary-core/-/cloudinary-core-2.14.1.tgz 367ms (cache miss)
72 http fetch GET 200 https://registry.npmjs.org/@prisma%2fdev 81ms (cache revalidated)
73 silly packumentCache corgi:https://registry.npmjs.org/@prisma%2fdev set size:961880 disposed:false
74 silly packumentCache corgi:https://registry.npmjs.org/multer-storage-cloudinary cache-miss
75 http fetch GET 200 https://registry.npmjs.org/multer-storage-cloudinary 216ms (cache miss)
76 silly packumentCache corgi:https://registry.npmjs.org/multer-storage-cloudinary set size:undefined disposed:false
77 silly packumentCache corgi:https://registry.npmjs.org/prisma cache-miss
78 http fetch GET 200 https://registry.npmjs.org/core-js/-/core-js-3.49.0.tgz 639ms (cache miss)
79 info run core-js@3.49.0 postinstall node_modules/core-js node -e "try{require('./postinstall')}catch(e){}"
80 http fetch GET 200 https://registry.npmjs.org/prisma 103ms (cache revalidated)
81 silly packumentCache corgi:https://registry.npmjs.org/prisma set size:22812788 disposed:false
82 silly packumentCache corgi:https://registry.npmjs.org/@prisma%2fclient cache-miss
83 info run core-js@3.49.0 postinstall { code: 0, signal: null }
84 http fetch GET 200 https://registry.npmjs.org/@prisma%2fclient 303ms (cache revalidated)
85 silly packumentCache corgi:https://registry.npmjs.org/@prisma%2fclient set size:37806480 disposed:false
86 silly ADD node_modules/q
87 silly ADD node_modules/core-js
88 silly ADD node_modules/cloudinary-core
89 silly ADD node_modules/cloudinary
90 silly ADD node_modules/multer-storage-cloudinary
91 verbose cwd /Users/abc/Documents/projectCV/Amanotes/backend
92 verbose os Darwin 24.6.0
93 verbose node v20.19.0
94 verbose npm  v10.8.2
95 verbose exit 0
96 info ok
