0 verbose cli /Users/abc/.nvm/versions/node/v20.19.0/bin/node /Users/abc/.nvm/versions/node/v20.19.0/bin/npm
1 info using npm@10.8.2
2 info using node@v20.19.0
3 silly config load:file:/Users/abc/.nvm/versions/node/v20.19.0/lib/node_modules/npm/npmrc
4 silly config load:file:/Users/abc/Documents/projectCV/Amanotes/backend/.npmrc
5 silly config load:file:/Users/abc/.npmrc
6 silly config load:file:/Users/abc/.nvm/versions/node/v20.19.0/etc/npmrc
7 verbose title npm install @types/multer
8 verbose argv "install" "--save-dev" "--cache" "/Users/abc/Documents/projectCV/Amanotes/backend/.npm-cache" "@types/multer"
9 verbose logfile logs-max:10 dir:/Users/abc/Documents/projectCV/Amanotes/backend/.npm-cache/_logs/2026-05-21T04_50_08_892Z-
10 verbose logfile /Users/abc/Documents/projectCV/Amanotes/backend/.npm-cache/_logs/2026-05-21T04_50_08_892Z-debug-0.log
11 silly packumentCache heap:4345298944 maxSize:1086324736 maxEntrySize:543162368
12 silly logfile done cleaning log files
13 silly idealTree buildDeps
14 silly fetch manifest @types/multer@*
15 silly packumentCache full:https://registry.npmjs.org/@types%2fmulter cache-miss
16 http fetch GET 200 https://registry.npmjs.org/@types%2fmulter 261ms (cache miss)
17 silly packumentCache full:https://registry.npmjs.org/@types%2fmulter set size:undefined disposed:false
18 silly placeDep ROOT @types/multer@2.1.0 OK for: backend@1.0.0 want: *
19 warn EBADENGINE Unsupported engine {
19 warn EBADENGINE   package: '@prisma/streams-local@0.1.2',
19 warn EBADENGINE   required: { bun: '>=1.3.6', node: '>=22.0.0' },
19 warn EBADENGINE   current: { node: 'v20.19.0', npm: '10.8.2' }
19 warn EBADENGINE }
20 silly reify moves {}
21 silly audit bulk request {
21 silly audit   '@angular-devkit/core': [ '19.2.24' ],
21 silly audit   rxjs: [ '7.8.1', '7.8.2' ],
21 silly audit   '@angular-devkit/schematics': [ '19.2.24' ],
21 silly audit   '@angular-devkit/schematics-cli': [ '19.2.24' ],
21 silly audit   '@inquirer/prompts': [ '7.3.2', '7.10.1' ],
21 silly audit   '@babel/code-frame': [ '7.29.0' ],
21 silly audit   '@babel/helper-validator-identifier': [ '7.28.5' ],
21 silly audit   '@borewit/text-codec': [ '0.2.2' ],
21 silly audit   '@colors/colors': [ '1.5.0' ],
21 silly audit   '@cspotcode/source-map-support': [ '0.8.1' ],
21 silly audit   '@electric-sql/pglite': [ '0.4.1' ],
21 silly audit   '@electric-sql/pglite-socket': [ '0.1.1' ],
21 silly audit   '@electric-sql/pglite-tools': [ '0.3.1' ],
21 silly audit   '@hono/node-server': [ '1.19.11' ],
21 silly audit   '@inquirer/ansi': [ '1.0.2' ],
21 silly audit   '@inquirer/checkbox': [ '4.3.2' ],
21 silly audit   '@inquirer/confirm': [ '5.1.21' ],
21 silly audit   '@inquirer/core': [ '10.3.2' ],
21 silly audit   '@inquirer/editor': [ '4.2.23' ],
21 silly audit   '@inquirer/expand': [ '4.0.23' ],
21 silly audit   '@inquirer/external-editor': [ '1.0.3' ],
21 silly audit   '@inquirer/figures': [ '1.0.15' ],
21 silly audit   '@inquirer/input': [ '4.3.1' ],
21 silly audit   '@inquirer/number': [ '3.0.23' ],
21 silly audit   '@inquirer/password': [ '4.0.23' ],
21 silly audit   '@inquirer/rawlist': [ '4.1.11' ],
21 silly audit   '@inquirer/search': [ '3.2.2' ],
21 silly audit   '@inquirer/select': [ '4.4.2' ],
21 silly audit   '@inquirer/type': [ '3.0.10' ],
21 silly audit   '@jridgewell/gen-mapping': [ '0.3.13' ],
21 silly audit   '@jridgewell/trace-mapping': [ '0.3.31', '0.3.9' ],
21 silly audit   '@jridgewell/resolve-uri': [ '3.1.2' ],
21 silly audit   '@jridgewell/source-map': [ '0.3.11' ],
21 silly audit   '@jridgewell/sourcemap-codec': [ '1.5.5' ],
21 silly audit   '@kurkle/color': [ '0.3.4' ],
21 silly audit   '@lukeed/csprng': [ '1.1.0' ],
21 silly audit   '@microsoft/tsdoc': [ '0.16.0' ],
21 silly audit   '@nestjs/cli': [ '11.0.21' ],
21 silly audit   typescript: [ '5.9.3', '6.0.3' ],
21 silly audit   '@nestjs/common': [ '11.1.21' ],
21 silly audit   '@nestjs/core': [ '11.1.21' ],
21 silly audit   '@nestjs/jwt': [ '11.0.2' ],
21 silly audit   '@nestjs/mapped-types': [ '2.1.1' ],
21 silly audit   '@nestjs/passport': [ '11.0.5' ],
21 silly audit   '@nestjs/platform-express': [ '11.1.21' ],
21 silly audit   '@nestjs/platform-socket.io': [ '11.1.21' ],
21 silly audit   '@nestjs/schematics': [ '11.1.0' ],
21 silly audit   '@nestjs/swagger': [ '11.4.3' ],
21 silly audit   '@nestjs/websockets': [ '11.1.21' ],
21 silly audit   '@nuxt/opencollective': [ '0.4.1' ],
21 silly audit   '@prisma/adapter-pg': [ '7.8.0' ],
21 silly audit   '@prisma/client': [ '7.8.0' ],
21 silly audit   '@prisma/client-runtime-utils': [ '7.8.0' ],
21 silly audit   '@prisma/config': [ '7.8.0' ],
21 silly audit   '@prisma/debug': [ '7.8.0', '7.2.0' ],
21 silly audit   '@prisma/dev': [ '0.24.3' ],
21 silly audit   '@prisma/driver-adapter-utils': [ '7.8.0' ],
21 silly audit   '@prisma/engines': [ '7.8.0' ],
21 silly audit   '@prisma/engines-version': [ '7.8.0-6.3c6e192761c0362d496ed980de936e2f3cebcd3a' ],
21 silly audit   '@prisma/get-platform': [ '7.8.0', '7.2.0' ],
21 silly audit   '@prisma/fetch-engine': [ '7.8.0' ],
21 silly audit   '@prisma/query-plan-executor': [ '7.2.0' ],
21 silly audit   '@prisma/streams-local': [ '0.1.2' ],
21 silly audit   '@prisma/studio-core': [ '0.27.3' ],
21 silly audit   '@radix-ui/primitive': [ '1.1.3' ],
21 silly audit   '@radix-ui/react-compose-refs': [ '1.1.2' ],
21 silly audit   '@radix-ui/react-primitive': [ '2.1.3' ],
21 silly audit   '@radix-ui/react-slot': [ '1.2.3' ],
21 silly audit   '@radix-ui/react-toggle': [ '1.1.10' ],
21 silly audit   '@radix-ui/react-use-controllable-state': [ '1.2.2' ],
21 silly audit   '@radix-ui/react-use-effect-event': [ '0.0.2' ],
21 silly audit   '@radix-ui/react-use-layout-effect': [ '1.1.1' ],
21 silly audit   '@scarf/scarf': [ '1.4.0' ],
21 silly audit   '@socket.io/component-emitter': [ '3.1.2' ],
21 silly audit   '@standard-schema/spec': [ '1.1.0' ],
21 silly audit   '@tokenizer/inflate': [ '0.4.1' ],
21 silly audit   '@tokenizer/token': [ '0.3.0' ],
21 silly audit   '@tsconfig/node10': [ '1.0.12' ],
21 silly audit   '@tsconfig/node12': [ '1.0.11' ],
21 silly audit   '@tsconfig/node14': [ '1.0.3' ],
21 silly audit   '@tsconfig/node16': [ '1.0.4' ],
21 silly audit   '@types/bcrypt': [ '6.0.0' ],
21 silly audit   '@types/body-parser': [ '1.19.6' ],
21 silly audit   '@types/connect': [ '3.4.38' ],
21 silly audit   '@types/cors': [ '2.8.19' ],
21 silly audit   '@types/eslint': [ '9.6.1' ],
21 silly audit   '@types/eslint-scope': [ '3.7.7' ],
21 silly audit   '@types/estree': [ '1.0.9' ],
21 silly audit   '@types/express': [ '5.0.6' ],
21 silly audit   '@types/express-serve-static-core': [ '5.1.1' ],
21 silly audit   '@types/http-errors': [ '2.0.5' ],
21 silly audit   '@types/json-schema': [ '7.0.15' ],
21 silly audit   '@types/jsonwebtoken': [ '9.0.10' ],
21 silly audit   '@types/ms': [ '2.1.0' ],
21 silly audit   '@types/node': [ '25.9.1' ],
21 silly audit   '@types/passport': [ '1.0.17' ],
21 silly audit   '@types/passport-jwt': [ '4.0.1' ],
21 silly audit   '@types/passport-strategy': [ '0.2.38' ],
21 silly audit   '@types/pg': [ '8.20.0' ],
21 silly audit   '@types/qs': [ '6.15.1' ],
21 silly audit   '@types/range-parser': [ '1.2.7' ],
21 silly audit   '@types/react': [ '19.2.15' ],
21 silly audit   '@types/send': [ '1.2.1' ],
21 silly audit   '@types/serve-static': [ '2.2.0' ],
21 silly audit   '@types/validator': [ '13.15.10' ],
21 silly audit   '@types/ws': [ '8.18.1' ],
21 silly audit   '@webassemblyjs/ast': [ '1.14.1' ],
21 silly audit   '@webassemblyjs/floating-point-hex-parser': [ '1.13.2' ],
21 silly audit   '@webassemblyjs/helper-api-error': [ '1.13.2' ],
21 silly audit   '@webassemblyjs/helper-buffer': [ '1.14.1' ],
21 silly audit   '@webassemblyjs/helper-numbers': [ '1.13.2' ],
21 silly audit   '@webassemblyjs/helper-wasm-bytecode': [ '1.13.2' ],
21 silly audit   '@webassemblyjs/helper-wasm-section': [ '1.14.1' ],
21 silly audit   '@webassemblyjs/ieee754': [ '1.13.2' ],
21 silly audit   '@webassemblyjs/leb128': [ '1.13.2' ],
21 silly audit   '@webassemblyjs/utf8': [ '1.13.2' ],
21 silly audit   '@webassemblyjs/wasm-edit': [ '1.14.1' ],
21 silly audit   '@webassemblyjs/wasm-gen': [ '1.14.1' ],
21 silly audit   '@webassemblyjs/wasm-opt': [ '1.14.1' ],
21 silly audit   '@webassemblyjs/wasm-parser': [ '1.14.1' ],
21 silly audit   '@webassemblyjs/wast-printer': [ '1.14.1' ],
21 silly audit   '@xtuc/ieee754': [ '1.2.0' ],
21 silly audit   '@xtuc/long': [ '4.2.2' ],
21 silly audit   accepts: [ '2.0.0', '1.3.8' ],
21 silly audit   acorn: [ '8.16.0' ],
21 silly audit   'acorn-import-phases': [ '1.0.4' ],
21 silly audit   'acorn-walk': [ '8.3.5' ],
21 silly audit   ajv: [ '8.18.0', '6.15.0' ],
21 silly audit   'ajv-formats': [ '3.0.1', '2.1.1' ],
21 silly audit   'ajv-keywords': [ '5.1.0', '3.5.2' ],
21 silly audit   'ansi-colors': [ '4.1.3' ],
21 silly audit   'ansi-regex': [ '5.0.1' ],
21 silly audit   'ansi-styles': [ '4.3.0' ],
21 silly audit   ansis: [ '4.2.0' ],
21 silly audit   'append-field': [ '1.0.0' ],
21 silly audit   arg: [ '4.1.3' ],
21 silly audit   argparse: [ '2.0.1' ],
21 silly audit   'array-timsort': [ '1.0.3' ],
21 silly audit   'aws-ssl-profiles': [ '1.1.2' ],
21 silly audit   'balanced-match': [ '1.0.2', '4.0.4' ],
21 silly audit   'base64-js': [ '1.5.1' ],
21 silly audit   base64id: [ '2.0.0' ],
21 silly audit   'baseline-browser-mapping': [ '2.10.31' ],
21 silly audit   bcrypt: [ '6.0.0' ],
21 silly audit   'better-result': [ '2.9.2' ],
21 silly audit   bl: [ '4.1.0' ],
21 silly audit   'body-parser': [ '2.2.2' ],
21 silly audit   'brace-expansion': [ '1.1.14', '5.0.6' ],
21 silly audit   browserslist: [ '4.28.2' ],
21 silly audit   buffer: [ '5.7.1' ],
21 silly audit   'buffer-equal-constant-time': [ '1.0.1' ],
21 silly audit   'buffer-from': [ '1.1.2' ],
21 silly audit   busboy: [ '1.6.0' ],
21 silly audit   bytes: [ '3.1.2' ],
21 silly audit   c12: [ '3.3.4' ],
21 silly audit   chokidar: [ '5.0.0', '4.0.3' ],
21 silly audit   readdirp: [ '5.0.0', '4.1.2' ],
21 silly audit   'call-bind-apply-helpers': [ '1.0.2' ],
21 silly audit   'call-bound': [ '1.0.4' ],
21 silly audit   callsites: [ '3.1.0' ],
21 silly audit   'caniuse-lite': [ '1.0.30001793' ],
21 silly audit   chalk: [ '4.1.2' ],
21 silly audit   chardet: [ '2.1.1' ],
21 silly audit   'chart.js': [ '4.5.1' ],
21 silly audit   'chrome-trace-event': [ '1.0.4' ],
21 silly audit   'class-transformer': [ '0.5.1' ],
21 silly audit   'class-validator': [ '0.15.1' ],
21 silly audit   'cli-cursor': [ '3.1.0' ],
21 silly audit   'cli-spinners': [ '2.9.2' ],
21 silly audit   'cli-table3': [ '0.6.5' ],
21 silly audit   'cli-width': [ '4.1.0' ],
21 silly audit   clone: [ '1.0.4' ],
21 silly audit   'color-convert': [ '2.0.1' ],
21 silly audit   'color-name': [ '1.1.4' ],
21 silly audit   commander: [ '4.1.1', '2.20.3' ],
21 silly audit   'comment-json': [ '5.0.0' ],
21 silly audit   'concat-map': [ '0.0.1' ],
21 silly audit   'concat-stream': [ '2.0.0' ],
21 silly audit   confbox: [ '0.2.4' ],
21 silly audit   consola: [ '3.4.2' ],
21 silly audit   'content-disposition': [ '1.1.0' ],
21 silly audit   'content-type': [ '1.0.5', '2.0.0' ],
21 silly audit   cookie: [ '0.7.2' ],
21 silly audit   'cookie-signature': [ '1.2.2' ],
21 silly audit   cors: [ '2.8.6' ],
21 silly audit   cosmiconfig: [ '8.3.6' ],
21 silly audit   'create-require': [ '1.1.1' ],
21 silly audit   'cross-spawn': [ '7.0.6' ],
21 silly audit   csstype: [ '3.2.3' ],
21 silly audit   debug: [ '4.4.3' ],
21 silly audit   deepmerge: [ '4.3.1' ],
21 silly audit   'deepmerge-ts': [ '7.1.5' ],
21 silly audit   defaults: [ '1.0.4' ],
21 silly audit   defu: [ '6.1.7' ],
21 silly audit   denque: [ '2.1.0' ],
21 silly audit   depd: [ '2.0.0' ],
21 silly audit   destr: [ '2.0.5' ],
21 silly audit   diff: [ '4.0.4' ],
21 silly audit   dotenv: [ '17.4.2' ],
21 silly audit   'dunder-proto': [ '1.0.1' ],
21 silly audit   'ecdsa-sig-formatter': [ '1.0.11' ],
21 silly audit   'ee-first': [ '1.1.1' ],
21 silly audit   effect: [ '3.20.0' ],
21 silly audit   'electron-to-chromium': [ '1.5.360' ],
21 silly audit   'emoji-regex': [ '8.0.0' ],
21 silly audit   empathic: [ '2.0.0' ],
21 silly audit   encodeurl: [ '2.0.0' ],
21 silly audit   'engine.io': [ '6.6.8' ],
21 silly audit   'engine.io-client': [ '6.6.5' ],
21 silly audit   'engine.io-parser': [ '5.2.3' ],
21 silly audit   'mime-db': [ '1.52.0', '1.54.0' ],
21 silly audit   'mime-types': [ '2.1.35', '3.0.2' ],
21 silly audit   negotiator: [ '0.6.3', '1.0.0' ],
21 silly audit   'enhanced-resolve': [ '5.21.5' ],
21 silly audit   'env-paths': [ '3.0.0' ],
21 silly audit   'error-ex': [ '1.3.4' ],
21 silly audit   'es-define-property': [ '1.0.1' ],
21 silly audit   'es-errors': [ '1.3.0' ],
21 silly audit   'es-module-lexer': [ '2.1.0' ],
21 silly audit   'es-object-atoms': [ '1.1.1' ],
21 silly audit   escalade: [ '3.2.0' ],
21 silly audit   'escape-html': [ '1.0.3' ],
21 silly audit   'eslint-scope': [ '5.1.1' ],
21 silly audit   esprima: [ '4.0.1' ],
21 silly audit   esrecurse: [ '4.3.0' ],
21 silly audit   estraverse: [ '5.3.0', '4.3.0' ],
21 silly audit   etag: [ '1.8.1' ],
21 silly audit   events: [ '3.3.0' ],
21 silly audit   express: [ '5.2.1' ],
21 silly audit   exsolve: [ '1.0.8' ],
21 silly audit   'fast-check': [ '3.23.2' ],
21 silly audit   'fast-deep-equal': [ '3.1.3' ],
21 silly audit   'fast-json-stable-stringify': [ '2.1.0' ],
21 silly audit   'fast-safe-stringify': [ '2.1.1' ],
21 silly audit   'fast-uri': [ '3.1.2' ],
21 silly audit   'file-type': [ '21.3.4' ],
21 silly audit   finalhandler: [ '2.1.1' ],
21 silly audit   'foreground-child': [ '3.3.1' ],
21 silly audit   'fork-ts-checker-webpack-plugin': [ '9.1.0' ],
21 silly audit   forwarded: [ '0.2.0' ],
21 silly audit   fresh: [ '2.0.0' ],
21 silly audit   'fs-extra': [ '10.1.0' ],
21 silly audit   'fs-monkey': [ '1.1.0' ],
21 silly audit   'function-bind': [ '1.1.2' ],
21 silly audit   'generate-function': [ '2.3.1' ],
21 silly audit   'get-intrinsic': [ '1.3.0' ],
21 silly audit   'get-port-please': [ '3.2.0' ],
21 silly audit   'get-proto': [ '1.0.1' ],
21 silly audit   giget: [ '3.2.0' ],
21 silly audit   glob: [ '13.0.6' ],
21 silly audit   'glob-to-regexp': [ '0.4.1' ],
21 silly audit   minimatch: [ '10.2.5', '3.1.5' ],
21 silly audit   gopd: [ '1.2.0' ],
21 silly audit   'graceful-fs': [ '4.2.11' ],
21 silly audit   grammex: [ '3.1.12' ],
21 silly audit   graphmatch: [ '1.1.1' ],
21 silly audit   'has-flag': [ '4.0.0' ],
21 silly audit   'has-symbols': [ '1.1.0' ],
21 silly audit   hasown: [ '2.0.3' ],
21 silly audit   hono: [ '4.12.21' ],
21 silly audit   'http-errors': [ '2.0.1' ],
21 silly audit   'http-status-codes': [ '2.3.0' ],
21 silly audit   'iconv-lite': [ '0.7.2' ],
21 silly audit   ieee754: [ '1.2.1' ],
21 silly audit   'import-fresh': [ '3.3.1' ],
21 silly audit   inherits: [ '2.0.4' ],
21 silly audit   'ipaddr.js': [ '1.9.1' ],
21 silly audit   'is-arrayish': [ '0.2.1' ],
21 silly audit   'is-fullwidth-code-point': [ '3.0.0' ],
21 silly audit   'is-interactive': [ '1.0.0' ],
21 silly audit   'is-promise': [ '4.0.0' ],
21 silly audit   'is-property': [ '1.0.2' ],
21 silly audit   'is-unicode-supported': [ '0.1.0' ],
21 silly audit   isexe: [ '2.0.0' ],
21 silly audit   iterare: [ '1.2.1' ],
21 silly audit   'jest-worker': [ '27.5.1' ],
21 silly audit   'supports-color': [ '8.1.1', '7.2.0' ],
21 silly audit   jiti: [ '2.7.0' ],
21 silly audit   'js-tokens': [ '4.0.0' ],
21 silly audit   'js-yaml': [ '4.1.1' ],
21 silly audit   'json-parse-even-better-errors': [ '2.3.1' ],
21 silly audit   'json-schema-traverse': [ '1.0.0', '0.4.1' ],
21 silly audit   json5: [ '2.2.3' ],
21 silly audit   'jsonc-parser': [ '3.3.1' ],
21 silly audit   jsonfile: [ '6.2.1' ],
21 silly audit   jsonwebtoken: [ '9.0.3' ],
21 silly audit   jwa: [ '2.0.1' ],
21 silly audit   jws: [ '4.0.1' ],
21 silly audit   'libphonenumber-js': [ '1.13.2' ],
21 silly audit   'lines-and-columns': [ '1.2.4' ],
21 silly audit   'load-esm': [ '1.0.3' ],
21 silly audit   'loader-runner': [ '4.3.2' ],
21 silly audit   lodash: [ '4.18.1' ],
21 silly audit   'lodash.includes': [ '4.3.0' ],
21 silly audit   'lodash.isboolean': [ '3.0.3' ],
21 silly audit   'lodash.isinteger': [ '4.0.4' ],
21 silly audit   'lodash.isnumber': [ '3.0.3' ],
21 silly audit   'lodash.isplainobject': [ '4.0.6' ],
21 silly audit   'lodash.isstring': [ '4.0.1' ],
21 silly audit   'lodash.once': [ '4.1.1' ],
21 silly audit   'log-symbols': [ '4.1.0' ],
21 silly audit   long: [ '5.3.2' ],
21 silly audit   'lru-cache': [ '11.5.0' ],
21 silly audit   'lru.min': [ '1.1.4' ],
21 silly audit   'magic-string': [ '0.30.17' ],
21 silly audit   'make-error': [ '1.3.6' ],
21 silly audit   'math-intrinsics': [ '1.1.0' ],
21 silly audit   'media-typer': [ '1.1.0', '0.3.0' ],
21 silly audit   memfs: [ '3.5.3' ],
21 silly audit   'merge-descriptors': [ '2.0.0' ],
21 silly audit   'merge-stream': [ '2.0.0' ],
21 silly audit   'mimic-fn': [ '2.1.0' ],
21 silly audit   minimist: [ '1.2.8' ],
21 silly audit   minipass: [ '7.1.3' ],
21 silly audit   ms: [ '2.1.3' ],
21 silly audit   multer: [ '2.1.1' ],
21 silly audit   'type-is': [ '1.6.18', '2.1.0' ],
21 silly audit   'mute-stream': [ '2.0.0' ],
21 silly audit   mysql2: [ '3.15.3' ],
21 silly audit   'named-placeholders': [ '1.1.6' ],
21 silly audit   'neo-async': [ '2.6.2' ],
21 silly audit   'node-abort-controller': [ '3.1.1' ],
21 silly audit   'node-addon-api': [ '8.7.0' ],
21 silly audit   'node-emoji': [ '1.11.0' ],
21 silly audit   'node-gyp-build': [ '4.8.4' ],
21 silly audit   'node-releases': [ '2.0.44' ],
21 silly audit   'object-assign': [ '4.1.1' ],
21 silly audit   'object-hash': [ '3.0.0' ],
21 silly audit   'object-inspect': [ '1.13.4' ],
21 silly audit   ohash: [ '2.0.11' ],
21 silly audit   'on-finished': [ '2.4.1' ],
21 silly audit   once: [ '1.4.0' ],
21 silly audit   onetime: [ '5.1.2' ],
21 silly audit   ora: [ '5.4.1' ],
21 silly audit   'parent-module': [ '1.0.1' ],
21 silly audit   'parse-json': [ '5.2.0' ],
21 silly audit   parseurl: [ '1.3.3' ],
21 silly audit   passport: [ '0.7.0' ],
21 silly audit   'passport-jwt': [ '4.0.1' ],
21 silly audit   'passport-strategy': [ '1.0.0' ],
21 silly audit   'path-key': [ '3.1.1' ],
21 silly audit   'path-scurry': [ '2.0.2' ],
21 silly audit   'path-to-regexp': [ '8.4.2' ],
21 silly audit   'path-type': [ '4.0.0' ],
21 silly audit   pathe: [ '2.0.3' ],
21 silly audit   pause: [ '0.0.1' ],
21 silly audit   'perfect-debounce': [ '2.1.0' ],
21 silly audit   pg: [ '8.21.0' ],
21 silly audit   'pg-cloudflare': [ '1.4.0' ],
21 silly audit   'pg-connection-string': [ '2.13.0' ],
21 silly audit   'pg-int8': [ '1.0.1' ],
21 silly audit   'pg-pool': [ '3.14.0' ],
21 silly audit   'pg-protocol': [ '1.14.0' ],
21 silly audit   'pg-types': [ '2.2.0' ],
21 silly audit   'postgres-array': [ '2.0.0', '3.0.4' ],
21 silly audit   pgpass: [ '1.0.5' ],
21 silly audit   picocolors: [ '1.1.1' ],
21 silly audit   picomatch: [ '4.0.4' ],
21 silly audit   'pkg-types': [ '2.3.1' ],
21 silly audit   pluralize: [ '8.0.0' ],
21 silly audit   postgres: [ '3.4.7' ],
21 silly audit   'postgres-bytea': [ '1.0.1' ],
21 silly audit   'postgres-date': [ '1.0.7' ],
21 silly audit   'postgres-interval': [ '1.2.0' ],
21 silly audit   prisma: [ '7.8.0' ],
21 silly audit   'proper-lockfile': [ '4.1.2' ],
21 silly audit   'signal-exit': [ '3.0.7', '4.1.0' ],
21 silly audit   'proxy-addr': [ '2.0.7' ],
21 silly audit   punycode: [ '2.3.1' ],
21 silly audit   'pure-rand': [ '6.1.0' ],
21 silly audit   qs: [ '6.15.2' ],
21 silly audit   'range-parser': [ '1.2.1' ],
21 silly audit   'raw-body': [ '3.0.2' ],
21 silly audit   rc9: [ '3.0.1' ],
21 silly audit   react: [ '19.2.6' ],
21 silly audit   'react-dom': [ '19.2.6' ],
21 silly audit   'readable-stream': [ '3.6.2' ],
21 silly audit   'reflect-metadata': [ '0.2.2' ],
21 silly audit   remeda: [ '2.33.4' ],
21 silly audit   'require-from-string': [ '2.0.2' ],
21 silly audit   'resolve-from': [ '4.0.0' ],
21 silly audit   'restore-cursor': [ '3.1.0' ],
21 silly audit   retry: [ '0.12.0' ],
21 silly audit   router: [ '2.2.0' ],
21 silly audit   'safe-buffer': [ '5.2.1' ],
21 silly audit   'safer-buffer': [ '2.1.2' ],
21 silly audit   scheduler: [ '0.27.0' ],
21 silly audit   'schema-utils': [ '3.3.0', '4.3.3' ],
21 silly audit   semver: [ '7.8.0' ],
21 silly audit   send: [ '1.2.1' ],
21 silly audit   'seq-queue': [ '0.0.5' ],
21 silly audit   'serve-static': [ '2.2.1' ],
21 silly audit   setprototypeof: [ '1.2.0' ],
21 silly audit   'shebang-command': [ '2.0.0' ],
21 silly audit   'shebang-regex': [ '3.0.0' ],
21 silly audit   'side-channel': [ '1.1.0' ],
21 silly audit   'side-channel-list': [ '1.0.1' ],
21 silly audit   'side-channel-map': [ '1.0.1' ],
21 silly audit   'side-channel-weakmap': [ '1.0.2' ],
21 silly audit   'socket.io': [ '4.8.3' ],
21 silly audit   'socket.io-adapter': [ '2.5.7' ],
21 silly audit   'socket.io-client': [ '4.8.3' ],
21 silly audit   'socket.io-parser': [ '4.2.6' ],
21 silly audit   'source-map': [ '0.7.4', '0.6.1' ],
21 silly audit   'source-map-support': [ '0.5.21' ],
21 silly audit   split2: [ '4.2.0' ],
21 silly audit   sqlstring: [ '2.3.3' ],
21 silly audit   statuses: [ '2.0.2' ],
21 silly audit   'std-env': [ '3.10.0' ],
21 silly audit   streamsearch: [ '1.1.0' ],
21 silly audit   string_decoder: [ '1.3.0' ],
21 silly audit   'string-width': [ '4.2.3' ],
21 silly audit   'strip-ansi': [ '6.0.1' ],
21 silly audit   'strip-bom': [ '3.0.0' ],
21 silly audit   strtok3: [ '10.3.5' ],
21 silly audit   'swagger-ui-dist': [ '5.32.6' ],
21 silly audit   'swagger-ui-express': [ '5.0.1' ],
21 silly audit   'symbol-observable': [ '4.0.0' ],
21 silly audit   tapable: [ '2.3.3' ],
21 silly audit   terser: [ '5.47.1' ],
21 silly audit   'terser-webpack-plugin': [ '5.6.0' ],
21 silly audit   toidentifier: [ '1.0.1' ],
21 silly audit   'token-types': [ '6.1.2' ],
21 silly audit   'ts-node': [ '10.9.2' ],
21 silly audit   'tsconfig-paths': [ '4.2.0' ],
21 silly audit   'tsconfig-paths-webpack-plugin': [ '4.2.0' ],
21 silly audit   tslib: [ '2.8.1' ],
21 silly audit   typedarray: [ '0.0.6' ],
21 silly audit   uid: [ '2.0.2' ],
21 silly audit   'uint8array-extras': [ '1.5.0' ],
21 silly audit   'undici-types': [ '7.24.6' ],
21 silly audit   universalify: [ '2.0.1' ],
21 silly audit   unpipe: [ '1.0.0' ],
21 silly audit   'update-browserslist-db': [ '1.2.3' ],
21 silly audit   'uri-js': [ '4.4.1' ],
21 silly audit   'util-deprecate': [ '1.0.2' ],
21 silly audit   'utils-merge': [ '1.0.1' ],
21 silly audit   'v8-compile-cache-lib': [ '3.0.1' ],
21 silly audit   valibot: [ '1.2.0' ],
21 silly audit   validator: [ '13.15.35' ],
21 silly audit   vary: [ '1.1.2' ],
21 silly audit   watchpack: [ '2.5.1' ],
21 silly audit   wcwidth: [ '1.0.1' ],
21 silly audit   webpack: [ '5.106.0' ],
21 silly audit   'webpack-node-externals': [ '3.0.0' ],
21 silly audit   'webpack-sources': [ '3.4.1' ],
21 silly audit   which: [ '2.0.2' ],
21 silly audit   'wrap-ansi': [ '6.2.0' ],
21 silly audit   wrappy: [ '1.0.2' ],
21 silly audit   ws: [ '8.20.1' ],
21 silly audit   'xmlhttprequest-ssl': [ '2.1.2' ],
21 silly audit   xtend: [ '4.0.2' ],
21 silly audit   'yargs-parser': [ '21.1.1' ],
21 silly audit   yn: [ '3.1.1' ],
21 silly audit   'yoctocolors-cjs': [ '2.1.3' ],
21 silly audit   zeptomatch: [ '2.1.0' ],
21 silly audit   '@types/multer': [ '2.1.0' ]
21 silly audit }
22 silly tarball no local data for @types/multer@https://registry.npmjs.org/@types/multer/-/multer-2.1.0.tgz. Extracting by manifest.
23 http fetch GET 200 https://registry.npmjs.org/@types/multer/-/multer-2.1.0.tgz 243ms (cache miss)
24 http fetch POST 200 https://registry.npmjs.org/-/npm/v1/security/advisories/bulk 303ms
25 silly audit report {
25 silly audit report   '@hono/node-server': [
25 silly audit report     {
25 silly audit report       id: 1116281,
25 silly audit report       url: 'https://github.com/advisories/GHSA-92pp-h63x-v22m',
25 silly audit report       title: '@hono/node-server: Middleware bypass via repeated slashes in serveStatic',
25 silly audit report       severity: 'moderate',
25 silly audit report       vulnerable_versions: '<1.19.13',
25 silly audit report       cwe: [Array],
25 silly audit report       cvss: [Object]
25 silly audit report     }
25 silly audit report   ]
25 silly audit report }
26 silly packumentCache corgi:https://registry.npmjs.org/@hono%2fnode-server cache-miss
27 http fetch GET 200 https://registry.npmjs.org/@hono%2fnode-server 29ms (cache hit)
28 silly packumentCache corgi:https://registry.npmjs.org/@hono%2fnode-server set size:90058 disposed:false
29 silly packumentCache corgi:https://registry.npmjs.org/@prisma%2fdev cache-miss
30 http fetch GET 200 https://registry.npmjs.org/@prisma%2fdev 2ms (cache hit)
31 silly packumentCache corgi:https://registry.npmjs.org/@prisma%2fdev set size:961880 disposed:false
32 silly packumentCache corgi:https://registry.npmjs.org/prisma cache-miss
33 http fetch GET 200 https://registry.npmjs.org/prisma 21ms (cache hit)
34 silly packumentCache corgi:https://registry.npmjs.org/prisma set size:22812788 disposed:false
35 silly packumentCache corgi:https://registry.npmjs.org/@prisma%2fclient cache-miss
36 http fetch GET 200 https://registry.npmjs.org/@prisma%2fclient 125ms (cache hit)
37 silly packumentCache corgi:https://registry.npmjs.org/@prisma%2fclient set size:37806480 disposed:false
38 silly ADD node_modules/@types/multer
39 verbose cwd /Users/abc/Documents/projectCV/Amanotes/backend
40 verbose os Darwin 24.6.0
41 verbose node v20.19.0
42 verbose npm  v10.8.2
43 verbose exit 0
44 info ok
