0 verbose cli /Users/abc/.nvm/versions/node/v20.19.0/bin/node /Users/abc/.nvm/versions/node/v20.19.0/bin/npm
1 info using npm@10.8.2
2 info using node@v20.19.0
3 silly config load:file:/Users/abc/.nvm/versions/node/v20.19.0/lib/node_modules/npm/npmrc
4 silly config load:file:/Users/abc/Documents/projectCV/Amanotes/backend/.npmrc
5 silly config load:file:/Users/abc/.npmrc
6 silly config load:file:/Users/abc/.nvm/versions/node/v20.19.0/etc/npmrc
7 verbose title npm ls @scarf/scarf
8 verbose argv "ls" "@scarf/scarf" "--json" "--long"
9 verbose logfile logs-max:10 dir:/Users/abc/Documents/projectCV/Amanotes/backend/.npm-cache/_logs/2026-05-21T02_35_31_939Z-
10 verbose logfile /Users/abc/Documents/projectCV/Amanotes/backend/.npm-cache/_logs/2026-05-21T02_35_31_939Z-debug-0.log
11 silly packumentCache heap:4345298944 maxSize:1086324736 maxEntrySize:543162368
12 silly logfile done cleaning log files
13 verbose shrinkwrap failed to load node_modules/.package-lock.json out of date, updated: node_modules
14 verbose cwd /Users/abc/Documents/projectCV/Amanotes/backend
15 verbose os Darwin 24.6.0
16 verbose node v20.19.0
17 verbose npm  v10.8.2
18 verbose exit 0
19 info ok
