0 verbose cli /Users/abc/.nvm/versions/node/v20.19.0/bin/node /Users/abc/.nvm/versions/node/v20.19.0/bin/npm
1 info using npm@10.8.2
2 info using node@v20.19.0
3 silly config load:file:/Users/abc/.nvm/versions/node/v20.19.0/lib/node_modules/npm/npmrc
4 silly config load:file:/Users/abc/Documents/projectCV/Amanotes/backend/.npmrc
5 silly config load:file:/Users/abc/.npmrc
6 silly config load:file:/Users/abc/.nvm/versions/node/v20.19.0/etc/npmrc
7 verbose title npm install @nestjs/websockets @nestjs/platform-socket.io socket.io socket.io-client
8 verbose argv "install" "--cache" "/Users/abc/Documents/projectCV/Amanotes/backend/.npm-cache" "@nestjs/websockets" "@nestjs/platform-socket.io" "socket.io" "socket.io-client"
9 verbose logfile logs-max:10 dir:/Users/abc/Documents/projectCV/Amanotes/backend/.npm-cache/_logs/2026-05-21T04_11_49_805Z-
10 verbose logfile /Users/abc/Documents/projectCV/Amanotes/backend/.npm-cache/_logs/2026-05-21T04_11_49_805Z-debug-0.log
11 silly packumentCache heap:4345298944 maxSize:1086324736 maxEntrySize:543162368
12 silly logfile done cleaning log files
13 silly idealTree buildDeps
14 silly fetch manifest @nestjs/websockets@*
15 silly packumentCache full:https://registry.npmjs.org/@nestjs%2fwebsockets cache-miss
16 http fetch GET 200 https://registry.npmjs.org/@nestjs%2fwebsockets 626ms (cache revalidated)
17 silly packumentCache full:https://registry.npmjs.org/@nestjs%2fwebsockets set size:851240 disposed:false
18 silly fetch manifest @nestjs/common@^11.1.21
19 silly packumentCache full:https://registry.npmjs.org/@nestjs%2fcommon cache-miss
20 http fetch GET 200 https://registry.npmjs.org/@nestjs%2fcommon 223ms (cache revalidated)
21 silly packumentCache full:https://registry.npmjs.org/@nestjs%2fcommon set size:904948 disposed:false
22 silly fetch manifest class-transformer@^0.5.1
23 silly packumentCache full:https://registry.npmjs.org/class-transformer cache-miss
24 http fetch GET 200 https://registry.npmjs.org/class-transformer 76ms (cache revalidated)
25 silly packumentCache full:https://registry.npmjs.org/class-transformer set size:106571 disposed:false
26 silly fetch manifest class-validator@^0.15.1
27 silly packumentCache full:https://registry.npmjs.org/class-validator cache-miss
28 http fetch GET 200 https://registry.npmjs.org/class-validator 71ms (cache revalidated)
29 silly packumentCache full:https://registry.npmjs.org/class-validator set size:223768 disposed:false
30 silly fetch manifest reflect-metadata@^0.2.2
31 silly packumentCache full:https://registry.npmjs.org/reflect-metadata cache-miss
32 http fetch GET 200 https://registry.npmjs.org/reflect-metadata 73ms (cache revalidated)
33 silly packumentCache full:https://registry.npmjs.org/reflect-metadata set size:61305 disposed:false
34 silly fetch manifest rxjs@^7.8.2
35 silly packumentCache full:https://registry.npmjs.org/rxjs cache-miss
36 http fetch GET 200 https://registry.npmjs.org/rxjs 72ms (cache revalidated)
37 silly packumentCache full:https://registry.npmjs.org/rxjs set size:980097 disposed:false
38 silly fetch manifest @nestjs/core@^11.1.21
39 silly packumentCache full:https://registry.npmjs.org/@nestjs%2fcore cache-miss
40 http fetch GET 200 https://registry.npmjs.org/@nestjs%2fcore 82ms (cache revalidated)
41 silly packumentCache full:https://registry.npmjs.org/@nestjs%2fcore set size:1044108 disposed:false
42 silly fetch manifest @nestjs/microservices@^11.0.0
43 silly packumentCache full:https://registry.npmjs.org/@nestjs%2fmicroservices cache-miss
44 http fetch GET 200 https://registry.npmjs.org/@nestjs%2fmicroservices 83ms (cache revalidated)
45 silly packumentCache full:https://registry.npmjs.org/@nestjs%2fmicroservices set size:997492 disposed:false
46 silly fetch manifest @grpc/grpc-js@*
47 silly packumentCache full:https://registry.npmjs.org/@grpc%2fgrpc-js cache-miss
48 http fetch GET 200 https://registry.npmjs.org/@grpc%2fgrpc-js 92ms (cache revalidated)
49 silly packumentCache full:https://registry.npmjs.org/@grpc%2fgrpc-js set size:674221 disposed:false
50 silly fetch manifest amqp-connection-manager@*
51 silly packumentCache full:https://registry.npmjs.org/amqp-connection-manager cache-miss
52 http fetch GET 200 https://registry.npmjs.org/amqp-connection-manager 70ms (cache revalidated)
53 silly packumentCache full:https://registry.npmjs.org/amqp-connection-manager set size:260264 disposed:false
54 silly fetch manifest amqplib@*
55 silly packumentCache full:https://registry.npmjs.org/amqplib cache-miss
56 http fetch GET 200 https://registry.npmjs.org/amqplib 67ms (cache revalidated)
57 silly packumentCache full:https://registry.npmjs.org/amqplib set size:110182 disposed:false
58 silly fetch manifest cache-manager@*
59 silly packumentCache full:https://registry.npmjs.org/cache-manager cache-miss
60 http fetch GET 200 https://registry.npmjs.org/cache-manager 68ms (cache revalidated)
61 silly packumentCache full:https://registry.npmjs.org/cache-manager set size:325685 disposed:false
62 silly fetch manifest ioredis@*
63 silly packumentCache full:https://registry.npmjs.org/ioredis cache-miss
64 http fetch GET 200 https://registry.npmjs.org/ioredis 70ms (cache revalidated)
65 silly packumentCache full:https://registry.npmjs.org/ioredis set size:842503 disposed:false
66 silly fetch manifest kafkajs@*
67 silly packumentCache full:https://registry.npmjs.org/kafkajs cache-miss
68 http fetch GET 200 https://registry.npmjs.org/kafkajs 105ms (cache revalidated)
69 silly packumentCache full:https://registry.npmjs.org/kafkajs set size:3133174 disposed:false
70 silly fetch manifest mqtt@*
71 silly packumentCache full:https://registry.npmjs.org/mqtt cache-miss
72 http fetch GET 200 https://registry.npmjs.org/mqtt 137ms (cache revalidated)
73 silly packumentCache full:https://registry.npmjs.org/mqtt set size:816276 disposed:false
74 silly fetch manifest nats@*
75 silly packumentCache full:https://registry.npmjs.org/nats cache-miss
76 http fetch GET 200 https://registry.npmjs.org/nats 68ms (cache revalidated)
77 silly packumentCache full:https://registry.npmjs.org/nats set size:792333 disposed:false
78 silly fetch manifest @nestjs/platform-express@^11.1.21
79 silly packumentCache full:https://registry.npmjs.org/@nestjs%2fplatform-express cache-miss
80 http fetch GET 200 https://registry.npmjs.org/@nestjs%2fplatform-express 79ms (cache revalidated)
81 silly packumentCache full:https://registry.npmjs.org/@nestjs%2fplatform-express set size:741742 disposed:false
82 silly fetch manifest @nestjs/platform-socket.io@*
83 silly packumentCache full:https://registry.npmjs.org/@nestjs%2fplatform-socket.io cache-miss
84 http fetch GET 200 https://registry.npmjs.org/@nestjs%2fplatform-socket.io 78ms (cache revalidated)
85 silly packumentCache full:https://registry.npmjs.org/@nestjs%2fplatform-socket.io set size:709220 disposed:false
86 silly fetch manifest socket.io@*
87 silly packumentCache full:https://registry.npmjs.org/socket.io cache-miss
88 http fetch GET 200 https://registry.npmjs.org/socket.io 124ms (cache miss)
89 silly packumentCache full:https://registry.npmjs.org/socket.io set size:undefined disposed:false
90 silly fetch manifest socket.io-client@*
91 silly packumentCache full:https://registry.npmjs.org/socket.io-client cache-miss
92 http fetch GET 200 https://registry.npmjs.org/socket.io-client 93ms (cache miss)
93 silly packumentCache full:https://registry.npmjs.org/socket.io-client set size:undefined disposed:false
94 silly placeDep ROOT @nestjs/platform-socket.io@11.1.21 OK for: backend@1.0.0 want: *
95 silly placeDep ROOT @nestjs/websockets@11.1.21 OK for: @nestjs/platform-socket.io@11.1.21 want: ^11.0.0
96 silly placeDep ROOT @nestjs/websockets@11.1.21 REPLACE for: backend@1.0.0 want: *
97 silly placeDep ROOT socket.io@4.8.3 OK for: backend@1.0.0 want: *
98 silly placeDep ROOT socket.io-client@4.8.3 OK for: backend@1.0.0 want: *
99 silly fetch manifest socket.io@4.8.3
100 silly packumentCache full:https://registry.npmjs.org/socket.io cache-miss
101 silly fetch manifest object-hash@3.0.0
102 silly packumentCache full:https://registry.npmjs.org/object-hash cache-miss
103 silly fetch manifest object-hash@3.0.0
104 silly packumentCache full:https://registry.npmjs.org/object-hash cache-miss
105 silly fetch manifest accepts@~1.3.4
106 silly packumentCache full:https://registry.npmjs.org/accepts cache-miss
107 silly fetch manifest base64id@~2.0.0
108 silly packumentCache full:https://registry.npmjs.org/base64id cache-miss
109 silly fetch manifest engine.io@~6.6.0
110 silly packumentCache full:https://registry.npmjs.org/engine.io cache-miss
111 silly fetch manifest socket.io-adapter@~2.5.2
112 silly packumentCache full:https://registry.npmjs.org/socket.io-adapter cache-miss
113 http fetch GET 200 https://registry.npmjs.org/socket.io 16ms (cache hit)
114 silly packumentCache full:https://registry.npmjs.org/socket.io set size:379231 disposed:false
115 silly fetch manifest socket.io-parser@~4.2.4
116 silly packumentCache full:https://registry.npmjs.org/socket.io-parser cache-miss
117 http fetch GET 200 https://registry.npmjs.org/object-hash 72ms (cache miss)
118 silly packumentCache full:https://registry.npmjs.org/object-hash set size:undefined disposed:false
119 silly fetch manifest @socket.io/component-emitter@~3.1.0
120 silly packumentCache full:https://registry.npmjs.org/@socket.io%2fcomponent-emitter cache-miss
121 http fetch GET 200 https://registry.npmjs.org/@socket.io%2fcomponent-emitter 91ms (cache miss)
122 silly packumentCache full:https://registry.npmjs.org/@socket.io%2fcomponent-emitter set size:undefined disposed:false
123 silly fetch manifest engine.io-client@~6.6.1
124 silly packumentCache full:https://registry.npmjs.org/engine.io-client cache-miss
125 http fetch GET 200 https://registry.npmjs.org/object-hash 247ms (cache miss)
126 silly packumentCache full:https://registry.npmjs.org/object-hash set size:undefined disposed:false
127 silly fetch manifest socket.io-parser@~4.2.4
128 silly packumentCache full:https://registry.npmjs.org/socket.io-parser cache-miss
129 http fetch GET 200 https://registry.npmjs.org/accepts 253ms (cache miss)
130 silly packumentCache full:https://registry.npmjs.org/accepts set size:undefined disposed:false
131 http fetch GET 200 https://registry.npmjs.org/engine.io-client 89ms (cache miss)
132 silly packumentCache full:https://registry.npmjs.org/engine.io-client set size:undefined disposed:false
133 http fetch GET 200 https://registry.npmjs.org/socket.io-parser 240ms (cache miss)
134 silly packumentCache full:https://registry.npmjs.org/socket.io-parser set size:undefined disposed:false
135 http fetch GET 200 https://registry.npmjs.org/engine.io 290ms (cache miss)
136 silly packumentCache full:https://registry.npmjs.org/engine.io set size:undefined disposed:false
137 http fetch GET 200 https://registry.npmjs.org/socket.io-parser 76ms (cache miss)
138 silly packumentCache full:https://registry.npmjs.org/socket.io-parser set size:undefined disposed:false
139 http fetch GET 200 https://registry.npmjs.org/base64id 396ms (cache miss)
140 silly packumentCache full:https://registry.npmjs.org/base64id set size:undefined disposed:false
141 http fetch GET 200 https://registry.npmjs.org/socket.io-adapter 397ms (cache miss)
142 silly packumentCache full:https://registry.npmjs.org/socket.io-adapter set size:undefined disposed:false
143 silly placeDep ROOT object-hash@3.0.0 OK for: @nestjs/websockets@11.1.21 want: 3.0.0
144 silly placeDep node_modules/socket.io accepts@1.3.8 OK for: socket.io@4.8.3 want: ~1.3.4
145 silly placeDep ROOT base64id@2.0.0 OK for: socket.io@4.8.3 want: ~2.0.0
146 silly placeDep ROOT engine.io@6.6.8 OK for: socket.io@4.8.3 want: ~6.6.0
147 silly placeDep ROOT socket.io-adapter@2.5.7 OK for: socket.io@4.8.3 want: ~2.5.2
148 silly placeDep ROOT socket.io-parser@4.2.6 OK for: socket.io@4.8.3 want: ~4.2.4
149 silly fetch manifest mime-types@~2.1.34
150 silly packumentCache full:https://registry.npmjs.org/mime-types cache-miss
151 silly fetch manifest negotiator@0.6.3
152 silly packumentCache full:https://registry.npmjs.org/negotiator cache-miss
153 silly fetch manifest @types/cors@^2.8.12
154 silly packumentCache full:https://registry.npmjs.org/@types%2fcors cache-miss
155 silly fetch manifest @types/ws@^8.5.12
156 silly packumentCache full:https://registry.npmjs.org/@types%2fws cache-miss
157 silly fetch manifest engine.io-parser@~5.2.1
158 silly packumentCache full:https://registry.npmjs.org/engine.io-parser cache-miss
159 silly fetch manifest ws@~8.20.1
160 silly packumentCache full:https://registry.npmjs.org/ws cache-miss
161 silly fetch manifest ws@~8.20.1
162 silly packumentCache full:https://registry.npmjs.org/ws cache-miss
163 http fetch GET 200 https://registry.npmjs.org/negotiator 137ms (cache miss)
164 silly packumentCache full:https://registry.npmjs.org/negotiator set size:undefined disposed:false
165 http fetch GET 200 https://registry.npmjs.org/@types%2fcors 145ms (cache miss)
166 silly packumentCache full:https://registry.npmjs.org/@types%2fcors set size:undefined disposed:false
167 http fetch GET 200 https://registry.npmjs.org/engine.io-parser 145ms (cache miss)
168 silly packumentCache full:https://registry.npmjs.org/engine.io-parser set size:undefined disposed:false
169 http fetch GET 200 https://registry.npmjs.org/mime-types 152ms (cache miss)
170 silly packumentCache full:https://registry.npmjs.org/mime-types set size:undefined disposed:false
171 http fetch GET 200 https://registry.npmjs.org/ws 177ms (cache miss)
172 silly packumentCache full:https://registry.npmjs.org/ws set size:undefined disposed:false
173 http fetch GET 200 https://registry.npmjs.org/ws 181ms (cache miss)
174 silly packumentCache full:https://registry.npmjs.org/ws set size:undefined disposed:false
175 http fetch GET 200 https://registry.npmjs.org/@types%2fws 185ms (cache miss)
176 silly packumentCache full:https://registry.npmjs.org/@types%2fws set size:undefined disposed:false
177 silly fetch manifest bufferutil@^4.0.1
178 silly packumentCache full:https://registry.npmjs.org/bufferutil cache-miss
179 http fetch GET 200 https://registry.npmjs.org/bufferutil 66ms (cache miss)
180 silly packumentCache full:https://registry.npmjs.org/bufferutil set size:undefined disposed:false
181 silly fetch manifest utf-8-validate@>=5.0.2
182 silly packumentCache full:https://registry.npmjs.org/utf-8-validate cache-miss
183 http fetch GET 200 https://registry.npmjs.org/utf-8-validate 72ms (cache miss)
184 silly packumentCache full:https://registry.npmjs.org/utf-8-validate set size:undefined disposed:false
185 silly placeDep ROOT @types/cors@2.8.19 OK for: engine.io@6.6.8 want: ^2.8.12
186 silly placeDep ROOT @types/ws@8.18.1 OK for: engine.io@6.6.8 want: ^8.5.12
187 silly placeDep node_modules/engine.io accepts@1.3.8 OK for: engine.io@6.6.8 want: ~1.3.4
188 silly placeDep ROOT engine.io-parser@5.2.3 OK for: engine.io@6.6.8 want: ~5.2.1
189 silly placeDep ROOT ws@8.20.1 OK for: engine.io@6.6.8 want: ~8.20.1
190 silly placeDep ROOT @socket.io/component-emitter@3.1.2 OK for: socket.io-client@4.8.3 want: ~3.1.0
191 silly placeDep ROOT engine.io-client@6.6.5 OK for: socket.io-client@4.8.3 want: ~6.6.1
192 silly fetch manifest xmlhttprequest-ssl@~2.1.1
193 silly packumentCache full:https://registry.npmjs.org/xmlhttprequest-ssl cache-miss
194 http fetch GET 200 https://registry.npmjs.org/xmlhttprequest-ssl 221ms (cache miss)
195 silly packumentCache full:https://registry.npmjs.org/xmlhttprequest-ssl set size:undefined disposed:false
196 silly placeDep ROOT xmlhttprequest-ssl@2.1.2 OK for: engine.io-client@6.6.5 want: ~2.1.1
197 silly placeDep node_modules/engine.io mime-types@2.1.35 OK for: accepts@1.3.8 want: ~2.1.34
198 silly placeDep node_modules/engine.io negotiator@0.6.3 OK for: accepts@1.3.8 want: 0.6.3
199 silly fetch manifest mime-db@1.52.0
200 silly packumentCache full:https://registry.npmjs.org/mime-db cache-miss
201 http fetch GET 200 https://registry.npmjs.org/mime-db 93ms (cache miss)
202 silly packumentCache full:https://registry.npmjs.org/mime-db set size:undefined disposed:false
203 silly placeDep node_modules/engine.io mime-db@1.52.0 OK for: mime-types@2.1.35 want: 1.52.0
204 silly placeDep node_modules/socket.io mime-types@2.1.35 OK for: accepts@1.3.8 want: ~2.1.34
205 silly placeDep node_modules/socket.io negotiator@0.6.3 OK for: accepts@1.3.8 want: 0.6.3
206 silly placeDep node_modules/socket.io mime-db@1.52.0 OK for: mime-types@2.1.35 want: 1.52.0
207 warn EBADENGINE Unsupported engine {
207 warn EBADENGINE   package: '@prisma/streams-local@0.1.2',
207 warn EBADENGINE   required: { bun: '>=1.3.6', node: '>=22.0.0' },
207 warn EBADENGINE   current: { node: 'v20.19.0', npm: '10.8.2' }
207 warn EBADENGINE }
208 silly reify moves {}
209 silly audit bulk request {
209 silly audit   '@angular-devkit/core': [ '19.2.24' ],
209 silly audit   rxjs: [ '7.8.1', '7.8.2' ],
209 silly audit   '@angular-devkit/schematics': [ '19.2.24' ],
209 silly audit   '@angular-devkit/schematics-cli': [ '19.2.24' ],
209 silly audit   '@inquirer/prompts': [ '7.3.2', '7.10.1' ],
209 silly audit   '@babel/code-frame': [ '7.29.0' ],
209 silly audit   '@babel/helper-validator-identifier': [ '7.28.5' ],
209 silly audit   '@borewit/text-codec': [ '0.2.2' ],
209 silly audit   '@colors/colors': [ '1.5.0' ],
209 silly audit   '@cspotcode/source-map-support': [ '0.8.1' ],
209 silly audit   '@electric-sql/pglite': [ '0.4.1' ],
209 silly audit   '@electric-sql/pglite-socket': [ '0.1.1' ],
209 silly audit   '@electric-sql/pglite-tools': [ '0.3.1' ],
209 silly audit   '@hono/node-server': [ '1.19.11' ],
209 silly audit   '@inquirer/ansi': [ '1.0.2' ],
209 silly audit   '@inquirer/checkbox': [ '4.3.2' ],
209 silly audit   '@inquirer/confirm': [ '5.1.21' ],
209 silly audit   '@inquirer/core': [ '10.3.2' ],
209 silly audit   '@inquirer/editor': [ '4.2.23' ],
209 silly audit   '@inquirer/expand': [ '4.0.23' ],
209 silly audit   '@inquirer/external-editor': [ '1.0.3' ],
209 silly audit   '@inquirer/figures': [ '1.0.15' ],
209 silly audit   '@inquirer/input': [ '4.3.1' ],
209 silly audit   '@inquirer/number': [ '3.0.23' ],
209 silly audit   '@inquirer/password': [ '4.0.23' ],
209 silly audit   '@inquirer/rawlist': [ '4.1.11' ],
209 silly audit   '@inquirer/search': [ '3.2.2' ],
209 silly audit   '@inquirer/select': [ '4.4.2' ],
209 silly audit   '@inquirer/type': [ '3.0.10' ],
209 silly audit   '@jridgewell/gen-mapping': [ '0.3.13' ],
209 silly audit   '@jridgewell/trace-mapping': [ '0.3.31', '0.3.9' ],
209 silly audit   '@jridgewell/resolve-uri': [ '3.1.2' ],
209 silly audit   '@jridgewell/source-map': [ '0.3.11' ],
209 silly audit   '@jridgewell/sourcemap-codec': [ '1.5.5' ],
209 silly audit   '@kurkle/color': [ '0.3.4' ],
209 silly audit   '@lukeed/csprng': [ '1.1.0' ],
209 silly audit   '@microsoft/tsdoc': [ '0.16.0' ],
209 silly audit   '@nestjs/cli': [ '11.0.21' ],
209 silly audit   typescript: [ '5.9.3', '6.0.3' ],
209 silly audit   '@nestjs/common': [ '11.1.21' ],
209 silly audit   '@nestjs/core': [ '11.1.21' ],
209 silly audit   '@nestjs/jwt': [ '11.0.2' ],
209 silly audit   '@nestjs/mapped-types': [ '2.1.1' ],
209 silly audit   '@nestjs/passport': [ '11.0.5' ],
209 silly audit   '@nestjs/platform-express': [ '11.1.21' ],
209 silly audit   '@nestjs/schematics': [ '11.1.0' ],
209 silly audit   '@nestjs/swagger': [ '11.4.3' ],
209 silly audit   '@nuxt/opencollective': [ '0.4.1' ],
209 silly audit   '@prisma/adapter-pg': [ '7.8.0' ],
209 silly audit   '@prisma/client': [ '7.8.0' ],
209 silly audit   '@prisma/client-runtime-utils': [ '7.8.0' ],
209 silly audit   '@prisma/config': [ '7.8.0' ],
209 silly audit   '@prisma/debug': [ '7.8.0', '7.2.0' ],
209 silly audit   '@prisma/dev': [ '0.24.3' ],
209 silly audit   '@prisma/driver-adapter-utils': [ '7.8.0' ],
209 silly audit   '@prisma/engines': [ '7.8.0' ],
209 silly audit   '@prisma/engines-version': [ '7.8.0-6.3c6e192761c0362d496ed980de936e2f3cebcd3a' ],
209 silly audit   '@prisma/get-platform': [ '7.8.0', '7.2.0' ],
209 silly audit   '@prisma/fetch-engine': [ '7.8.0' ],
209 silly audit   '@prisma/query-plan-executor': [ '7.2.0' ],
209 silly audit   '@prisma/streams-local': [ '0.1.2' ],
209 silly audit   '@prisma/studio-core': [ '0.27.3' ],
209 silly audit   '@radix-ui/primitive': [ '1.1.3' ],
209 silly audit   '@radix-ui/react-compose-refs': [ '1.1.2' ],
209 silly audit   '@radix-ui/react-primitive': [ '2.1.3' ],
209 silly audit   '@radix-ui/react-slot': [ '1.2.3' ],
209 silly audit   '@radix-ui/react-toggle': [ '1.1.10' ],
209 silly audit   '@radix-ui/react-use-controllable-state': [ '1.2.2' ],
209 silly audit   '@radix-ui/react-use-effect-event': [ '0.0.2' ],
209 silly audit   '@radix-ui/react-use-layout-effect': [ '1.1.1' ],
209 silly audit   '@scarf/scarf': [ '1.4.0' ],
209 silly audit   '@standard-schema/spec': [ '1.1.0' ],
209 silly audit   '@tokenizer/inflate': [ '0.4.1' ],
209 silly audit   '@tokenizer/token': [ '0.3.0' ],
209 silly audit   '@tsconfig/node10': [ '1.0.12' ],
209 silly audit   '@tsconfig/node12': [ '1.0.11' ],
209 silly audit   '@tsconfig/node14': [ '1.0.3' ],
209 silly audit   '@tsconfig/node16': [ '1.0.4' ],
209 silly audit   '@types/bcrypt': [ '6.0.0' ],
209 silly audit   '@types/body-parser': [ '1.19.6' ],
209 silly audit   '@types/connect': [ '3.4.38' ],
209 silly audit   '@types/eslint': [ '9.6.1' ],
209 silly audit   '@types/eslint-scope': [ '3.7.7' ],
209 silly audit   '@types/estree': [ '1.0.9' ],
209 silly audit   '@types/express': [ '5.0.6' ],
209 silly audit   '@types/express-serve-static-core': [ '5.1.1' ],
209 silly audit   '@types/http-errors': [ '2.0.5' ],
209 silly audit   '@types/json-schema': [ '7.0.15' ],
209 silly audit   '@types/jsonwebtoken': [ '9.0.10' ],
209 silly audit   '@types/ms': [ '2.1.0' ],
209 silly audit   '@types/node': [ '25.9.1' ],
209 silly audit   '@types/passport': [ '1.0.17' ],
209 silly audit   '@types/passport-jwt': [ '4.0.1' ],
209 silly audit   '@types/passport-strategy': [ '0.2.38' ],
209 silly audit   '@types/pg': [ '8.20.0' ],
209 silly audit   '@types/qs': [ '6.15.1' ],
209 silly audit   '@types/range-parser': [ '1.2.7' ],
209 silly audit   '@types/react': [ '19.2.15' ],
209 silly audit   '@types/send': [ '1.2.1' ],
209 silly audit   '@types/serve-static': [ '2.2.0' ],
209 silly audit   '@types/validator': [ '13.15.10' ],
209 silly audit   '@webassemblyjs/ast': [ '1.14.1' ],
209 silly audit   '@webassemblyjs/floating-point-hex-parser': [ '1.13.2' ],
209 silly audit   '@webassemblyjs/helper-api-error': [ '1.13.2' ],
209 silly audit   '@webassemblyjs/helper-buffer': [ '1.14.1' ],
209 silly audit   '@webassemblyjs/helper-numbers': [ '1.13.2' ],
209 silly audit   '@webassemblyjs/helper-wasm-bytecode': [ '1.13.2' ],
209 silly audit   '@webassemblyjs/helper-wasm-section': [ '1.14.1' ],
209 silly audit   '@webassemblyjs/ieee754': [ '1.13.2' ],
209 silly audit   '@webassemblyjs/leb128': [ '1.13.2' ],
209 silly audit   '@webassemblyjs/utf8': [ '1.13.2' ],
209 silly audit   '@webassemblyjs/wasm-edit': [ '1.14.1' ],
209 silly audit   '@webassemblyjs/wasm-gen': [ '1.14.1' ],
209 silly audit   '@webassemblyjs/wasm-opt': [ '1.14.1' ],
209 silly audit   '@webassemblyjs/wasm-parser': [ '1.14.1' ],
209 silly audit   '@webassemblyjs/wast-printer': [ '1.14.1' ],
209 silly audit   '@xtuc/ieee754': [ '1.2.0' ],
209 silly audit   '@xtuc/long': [ '4.2.2' ],
209 silly audit   accepts: [ '2.0.0', '1.3.8' ],
209 silly audit   acorn: [ '8.16.0' ],
209 silly audit   'acorn-import-phases': [ '1.0.4' ],
209 silly audit   'acorn-walk': [ '8.3.5' ],
209 silly audit   ajv: [ '8.18.0', '6.15.0' ],
209 silly audit   'ajv-formats': [ '3.0.1', '2.1.1' ],
209 silly audit   'ajv-keywords': [ '5.1.0', '3.5.2' ],
209 silly audit   'ansi-colors': [ '4.1.3' ],
209 silly audit   'ansi-regex': [ '5.0.1' ],
209 silly audit   'ansi-styles': [ '4.3.0' ],
209 silly audit   ansis: [ '4.2.0' ],
209 silly audit   'append-field': [ '1.0.0' ],
209 silly audit   arg: [ '4.1.3' ],
209 silly audit   argparse: [ '2.0.1' ],
209 silly audit   'array-timsort': [ '1.0.3' ],
209 silly audit   'aws-ssl-profiles': [ '1.1.2' ],
209 silly audit   'balanced-match': [ '1.0.2', '4.0.4' ],
209 silly audit   'base64-js': [ '1.5.1' ],
209 silly audit   'baseline-browser-mapping': [ '2.10.31' ],
209 silly audit   bcrypt: [ '6.0.0' ],
209 silly audit   'better-result': [ '2.9.2' ],
209 silly audit   bl: [ '4.1.0' ],
209 silly audit   'body-parser': [ '2.2.2' ],
209 silly audit   'brace-expansion': [ '1.1.14', '5.0.6' ],
209 silly audit   browserslist: [ '4.28.2' ],
209 silly audit   buffer: [ '5.7.1' ],
209 silly audit   'buffer-equal-constant-time': [ '1.0.1' ],
209 silly audit   'buffer-from': [ '1.1.2' ],
209 silly audit   busboy: [ '1.6.0' ],
209 silly audit   bytes: [ '3.1.2' ],
209 silly audit   c12: [ '3.3.4' ],
209 silly audit   chokidar: [ '5.0.0', '4.0.3' ],
209 silly audit   readdirp: [ '5.0.0', '4.1.2' ],
209 silly audit   'call-bind-apply-helpers': [ '1.0.2' ],
209 silly audit   'call-bound': [ '1.0.4' ],
209 silly audit   callsites: [ '3.1.0' ],
209 silly audit   'caniuse-lite': [ '1.0.30001793' ],
209 silly audit   chalk: [ '4.1.2' ],
209 silly audit   chardet: [ '2.1.1' ],
209 silly audit   'chart.js': [ '4.5.1' ],
209 silly audit   'chrome-trace-event': [ '1.0.4' ],
209 silly audit   'class-transformer': [ '0.5.1' ],
209 silly audit   'class-validator': [ '0.15.1' ],
209 silly audit   'cli-cursor': [ '3.1.0' ],
209 silly audit   'cli-spinners': [ '2.9.2' ],
209 silly audit   'cli-table3': [ '0.6.5' ],
209 silly audit   'cli-width': [ '4.1.0' ],
209 silly audit   clone: [ '1.0.4' ],
209 silly audit   'color-convert': [ '2.0.1' ],
209 silly audit   'color-name': [ '1.1.4' ],
209 silly audit   commander: [ '4.1.1', '2.20.3' ],
209 silly audit   'comment-json': [ '5.0.0' ],
209 silly audit   'concat-map': [ '0.0.1' ],
209 silly audit   'concat-stream': [ '2.0.0' ],
209 silly audit   confbox: [ '0.2.4' ],
209 silly audit   consola: [ '3.4.2' ],
209 silly audit   'content-disposition': [ '1.1.0' ],
209 silly audit   'content-type': [ '1.0.5', '2.0.0' ],
209 silly audit   cookie: [ '0.7.2' ],
209 silly audit   'cookie-signature': [ '1.2.2' ],
209 silly audit   cors: [ '2.8.6' ],
209 silly audit   cosmiconfig: [ '8.3.6' ],
209 silly audit   'create-require': [ '1.1.1' ],
209 silly audit   'cross-spawn': [ '7.0.6' ],
209 silly audit   csstype: [ '3.2.3' ],
209 silly audit   debug: [ '4.4.3' ],
209 silly audit   deepmerge: [ '4.3.1' ],
209 silly audit   'deepmerge-ts': [ '7.1.5' ],
209 silly audit   defaults: [ '1.0.4' ],
209 silly audit   defu: [ '6.1.7' ],
209 silly audit   denque: [ '2.1.0' ],
209 silly audit   depd: [ '2.0.0' ],
209 silly audit   destr: [ '2.0.5' ],
209 silly audit   diff: [ '4.0.4' ],
209 silly audit   dotenv: [ '17.4.2' ],
209 silly audit   'dunder-proto': [ '1.0.1' ],
209 silly audit   'ecdsa-sig-formatter': [ '1.0.11' ],
209 silly audit   'ee-first': [ '1.1.1' ],
209 silly audit   effect: [ '3.20.0' ],
209 silly audit   'electron-to-chromium': [ '1.5.360' ],
209 silly audit   'emoji-regex': [ '8.0.0' ],
209 silly audit   empathic: [ '2.0.0' ],
209 silly audit   encodeurl: [ '2.0.0' ],
209 silly audit   'enhanced-resolve': [ '5.21.5' ],
209 silly audit   'env-paths': [ '3.0.0' ],
209 silly audit   'error-ex': [ '1.3.4' ],
209 silly audit   'es-define-property': [ '1.0.1' ],
209 silly audit   'es-errors': [ '1.3.0' ],
209 silly audit   'es-module-lexer': [ '2.1.0' ],
209 silly audit   'es-object-atoms': [ '1.1.1' ],
209 silly audit   escalade: [ '3.2.0' ],
209 silly audit   'escape-html': [ '1.0.3' ],
209 silly audit   'eslint-scope': [ '5.1.1' ],
209 silly audit   esprima: [ '4.0.1' ],
209 silly audit   esrecurse: [ '4.3.0' ],
209 silly audit   estraverse: [ '5.3.0', '4.3.0' ],
209 silly audit   etag: [ '1.8.1' ],
209 silly audit   events: [ '3.3.0' ],
209 silly audit   express: [ '5.2.1' ],
209 silly audit   exsolve: [ '1.0.8' ],
209 silly audit   'fast-check': [ '3.23.2' ],
209 silly audit   'fast-deep-equal': [ '3.1.3' ],
209 silly audit   'fast-json-stable-stringify': [ '2.1.0' ],
209 silly audit   'fast-safe-stringify': [ '2.1.1' ],
209 silly audit   'fast-uri': [ '3.1.2' ],
209 silly audit   'file-type': [ '21.3.4' ],
209 silly audit   finalhandler: [ '2.1.1' ],
209 silly audit   'foreground-child': [ '3.3.1' ],
209 silly audit   'fork-ts-checker-webpack-plugin': [ '9.1.0' ],
209 silly audit   forwarded: [ '0.2.0' ],
209 silly audit   fresh: [ '2.0.0' ],
209 silly audit   'fs-extra': [ '10.1.0' ],
209 silly audit   'fs-monkey': [ '1.1.0' ],
209 silly audit   'function-bind': [ '1.1.2' ],
209 silly audit   'generate-function': [ '2.3.1' ],
209 silly audit   'get-intrinsic': [ '1.3.0' ],
209 silly audit   'get-port-please': [ '3.2.0' ],
209 silly audit   'get-proto': [ '1.0.1' ],
209 silly audit   giget: [ '3.2.0' ],
209 silly audit   glob: [ '13.0.6' ],
209 silly audit   'glob-to-regexp': [ '0.4.1' ],
209 silly audit   minimatch: [ '10.2.5', '3.1.5' ],
209 silly audit   gopd: [ '1.2.0' ],
209 silly audit   'graceful-fs': [ '4.2.11' ],
209 silly audit   grammex: [ '3.1.12' ],
209 silly audit   graphmatch: [ '1.1.1' ],
209 silly audit   'has-flag': [ '4.0.0' ],
209 silly audit   'has-symbols': [ '1.1.0' ],
209 silly audit   hasown: [ '2.0.3' ],
209 silly audit   hono: [ '4.12.21' ],
209 silly audit   'http-errors': [ '2.0.1' ],
209 silly audit   'http-status-codes': [ '2.3.0' ],
209 silly audit   'iconv-lite': [ '0.7.2' ],
209 silly audit   ieee754: [ '1.2.1' ],
209 silly audit   'import-fresh': [ '3.3.1' ],
209 silly audit   inherits: [ '2.0.4' ],
209 silly audit   'ipaddr.js': [ '1.9.1' ],
209 silly audit   'is-arrayish': [ '0.2.1' ],
209 silly audit   'is-fullwidth-code-point': [ '3.0.0' ],
209 silly audit   'is-interactive': [ '1.0.0' ],
209 silly audit   'is-promise': [ '4.0.0' ],
209 silly audit   'is-property': [ '1.0.2' ],
209 silly audit   'is-unicode-supported': [ '0.1.0' ],
209 silly audit   isexe: [ '2.0.0' ],
209 silly audit   iterare: [ '1.2.1' ],
209 silly audit   'jest-worker': [ '27.5.1' ],
209 silly audit   'supports-color': [ '8.1.1', '7.2.0' ],
209 silly audit   jiti: [ '2.7.0' ],
209 silly audit   'js-tokens': [ '4.0.0' ],
209 silly audit   'js-yaml': [ '4.1.1' ],
209 silly audit   'json-parse-even-better-errors': [ '2.3.1' ],
209 silly audit   'json-schema-traverse': [ '1.0.0', '0.4.1' ],
209 silly audit   json5: [ '2.2.3' ],
209 silly audit   'jsonc-parser': [ '3.3.1' ],
209 silly audit   jsonfile: [ '6.2.1' ],
209 silly audit   jsonwebtoken: [ '9.0.3' ],
209 silly audit   jwa: [ '2.0.1' ],
209 silly audit   jws: [ '4.0.1' ],
209 silly audit   'libphonenumber-js': [ '1.13.2' ],
209 silly audit   'lines-and-columns': [ '1.2.4' ],
209 silly audit   'load-esm': [ '1.0.3' ],
209 silly audit   'loader-runner': [ '4.3.2' ],
209 silly audit   lodash: [ '4.18.1' ],
209 silly audit   'lodash.includes': [ '4.3.0' ],
209 silly audit   'lodash.isboolean': [ '3.0.3' ],
209 silly audit   'lodash.isinteger': [ '4.0.4' ],
209 silly audit   'lodash.isnumber': [ '3.0.3' ],
209 silly audit   'lodash.isplainobject': [ '4.0.6' ],
209 silly audit   'lodash.isstring': [ '4.0.1' ],
209 silly audit   'lodash.once': [ '4.1.1' ],
209 silly audit   'log-symbols': [ '4.1.0' ],
209 silly audit   long: [ '5.3.2' ],
209 silly audit   'lru-cache': [ '11.5.0' ],
209 silly audit   'lru.min': [ '1.1.4' ],
209 silly audit   'magic-string': [ '0.30.17' ],
209 silly audit   'make-error': [ '1.3.6' ],
209 silly audit   'math-intrinsics': [ '1.1.0' ],
209 silly audit   'media-typer': [ '1.1.0', '0.3.0' ],
209 silly audit   memfs: [ '3.5.3' ],
209 silly audit   'merge-descriptors': [ '2.0.0' ],
209 silly audit   'merge-stream': [ '2.0.0' ],
209 silly audit   'mime-db': [ '1.54.0', '1.52.0' ],
209 silly audit   'mime-types': [ '3.0.2', '2.1.35' ],
209 silly audit   'mimic-fn': [ '2.1.0' ],
209 silly audit   minimist: [ '1.2.8' ],
209 silly audit   minipass: [ '7.1.3' ],
209 silly audit   ms: [ '2.1.3' ],
209 silly audit   multer: [ '2.1.1' ],
209 silly audit   'type-is': [ '1.6.18', '2.1.0' ],
209 silly audit   'mute-stream': [ '2.0.0' ],
209 silly audit   mysql2: [ '3.15.3' ],
209 silly audit   'named-placeholders': [ '1.1.6' ],
209 silly audit   negotiator: [ '1.0.0', '0.6.3' ],
209 silly audit   'neo-async': [ '2.6.2' ],
209 silly audit   'node-abort-controller': [ '3.1.1' ],
209 silly audit   'node-addon-api': [ '8.7.0' ],
209 silly audit   'node-emoji': [ '1.11.0' ],
209 silly audit   'node-gyp-build': [ '4.8.4' ],
209 silly audit   'node-releases': [ '2.0.44' ],
209 silly audit   'object-assign': [ '4.1.1' ],
209 silly audit   'object-inspect': [ '1.13.4' ],
209 silly audit   ohash: [ '2.0.11' ],
209 silly audit   'on-finished': [ '2.4.1' ],
209 silly audit   once: [ '1.4.0' ],
209 silly audit   onetime: [ '5.1.2' ],
209 silly audit   ora: [ '5.4.1' ],
209 silly audit   'parent-module': [ '1.0.1' ],
209 silly audit   'parse-json': [ '5.2.0' ],
209 silly audit   parseurl: [ '1.3.3' ],
209 silly audit   passport: [ '0.7.0' ],
209 silly audit   'passport-jwt': [ '4.0.1' ],
209 silly audit   'passport-strategy': [ '1.0.0' ],
209 silly audit   'path-key': [ '3.1.1' ],
209 silly audit   'path-scurry': [ '2.0.2' ],
209 silly audit   'path-to-regexp': [ '8.4.2' ],
209 silly audit   'path-type': [ '4.0.0' ],
209 silly audit   pathe: [ '2.0.3' ],
209 silly audit   pause: [ '0.0.1' ],
209 silly audit   'perfect-debounce': [ '2.1.0' ],
209 silly audit   pg: [ '8.21.0' ],
209 silly audit   'pg-cloudflare': [ '1.4.0' ],
209 silly audit   'pg-connection-string': [ '2.13.0' ],
209 silly audit   'pg-int8': [ '1.0.1' ],
209 silly audit   'pg-pool': [ '3.14.0' ],
209 silly audit   'pg-protocol': [ '1.14.0' ],
209 silly audit   'pg-types': [ '2.2.0' ],
209 silly audit   'postgres-array': [ '2.0.0', '3.0.4' ],
209 silly audit   pgpass: [ '1.0.5' ],
209 silly audit   picocolors: [ '1.1.1' ],
209 silly audit   picomatch: [ '4.0.4' ],
209 silly audit   'pkg-types': [ '2.3.1' ],
209 silly audit   pluralize: [ '8.0.0' ],
209 silly audit   postgres: [ '3.4.7' ],
209 silly audit   'postgres-bytea': [ '1.0.1' ],
209 silly audit   'postgres-date': [ '1.0.7' ],
209 silly audit   'postgres-interval': [ '1.2.0' ],
209 silly audit   prisma: [ '7.8.0' ],
209 silly audit   'proper-lockfile': [ '4.1.2' ],
209 silly audit   'signal-exit': [ '3.0.7', '4.1.0' ],
209 silly audit   'proxy-addr': [ '2.0.7' ],
209 silly audit   punycode: [ '2.3.1' ],
209 silly audit   'pure-rand': [ '6.1.0' ],
209 silly audit   qs: [ '6.15.2' ],
209 silly audit   'range-parser': [ '1.2.1' ],
209 silly audit   'raw-body': [ '3.0.2' ],
209 silly audit   rc9: [ '3.0.1' ],
209 silly audit   react: [ '19.2.6' ],
209 silly audit   'react-dom': [ '19.2.6' ],
209 silly audit   'readable-stream': [ '3.6.2' ],
209 silly audit   'reflect-metadata': [ '0.2.2' ],
209 silly audit   remeda: [ '2.33.4' ],
209 silly audit   'require-from-string': [ '2.0.2' ],
209 silly audit   'resolve-from': [ '4.0.0' ],
209 silly audit   'restore-cursor': [ '3.1.0' ],
209 silly audit   retry: [ '0.12.0' ],
209 silly audit   router: [ '2.2.0' ],
209 silly audit   'safe-buffer': [ '5.2.1' ],
209 silly audit   'safer-buffer': [ '2.1.2' ],
209 silly audit   scheduler: [ '0.27.0' ],
209 silly audit   'schema-utils': [ '3.3.0', '4.3.3' ],
209 silly audit   semver: [ '7.8.0' ],
209 silly audit   send: [ '1.2.1' ],
209 silly audit   'seq-queue': [ '0.0.5' ],
209 silly audit   'serve-static': [ '2.2.1' ],
209 silly audit   setprototypeof: [ '1.2.0' ],
209 silly audit   'shebang-command': [ '2.0.0' ],
209 silly audit   'shebang-regex': [ '3.0.0' ],
209 silly audit   'side-channel': [ '1.1.0' ],
209 silly audit   'side-channel-list': [ '1.0.1' ],
209 silly audit   'side-channel-map': [ '1.0.1' ],
209 silly audit   'side-channel-weakmap': [ '1.0.2' ],
209 silly audit   'source-map': [ '0.7.4', '0.6.1' ],
209 silly audit   'source-map-support': [ '0.5.21' ],
209 silly audit   split2: [ '4.2.0' ],
209 silly audit   sqlstring: [ '2.3.3' ],
209 silly audit   statuses: [ '2.0.2' ],
209 silly audit   'std-env': [ '3.10.0' ],
209 silly audit   streamsearch: [ '1.1.0' ],
209 silly audit   string_decoder: [ '1.3.0' ],
209 silly audit   'string-width': [ '4.2.3' ],
209 silly audit   'strip-ansi': [ '6.0.1' ],
209 silly audit   'strip-bom': [ '3.0.0' ],
209 silly audit   strtok3: [ '10.3.5' ],
209 silly audit   'swagger-ui-dist': [ '5.32.6' ],
209 silly audit   'swagger-ui-express': [ '5.0.1' ],
209 silly audit   'symbol-observable': [ '4.0.0' ],
209 silly audit   tapable: [ '2.3.3' ],
209 silly audit   terser: [ '5.47.1' ],
209 silly audit   'terser-webpack-plugin': [ '5.6.0' ],
209 silly audit   toidentifier: [ '1.0.1' ],
209 silly audit   'token-types': [ '6.1.2' ],
209 silly audit   'ts-node': [ '10.9.2' ],
209 silly audit   'tsconfig-paths': [ '4.2.0' ],
209 silly audit   'tsconfig-paths-webpack-plugin': [ '4.2.0' ],
209 silly audit   tslib: [ '2.8.1' ],
209 silly audit   typedarray: [ '0.0.6' ],
209 silly audit   uid: [ '2.0.2' ],
209 silly audit   'uint8array-extras': [ '1.5.0' ],
209 silly audit   'undici-types': [ '7.24.6' ],
209 silly audit   universalify: [ '2.0.1' ],
209 silly audit   unpipe: [ '1.0.0' ],
209 silly audit   'update-browserslist-db': [ '1.2.3' ],
209 silly audit   'uri-js': [ '4.4.1' ],
209 silly audit   'util-deprecate': [ '1.0.2' ],
209 silly audit   'utils-merge': [ '1.0.1' ],
209 silly audit   'v8-compile-cache-lib': [ '3.0.1' ],
209 silly audit   valibot: [ '1.2.0' ],
209 silly audit   validator: [ '13.15.35' ],
209 silly audit   vary: [ '1.1.2' ],
209 silly audit   watchpack: [ '2.5.1' ],
209 silly audit   wcwidth: [ '1.0.1' ],
209 silly audit   webpack: [ '5.106.0' ],
209 silly audit   'webpack-node-externals': [ '3.0.0' ],
209 silly audit   'webpack-sources': [ '3.4.1' ],
209 silly audit   which: [ '2.0.2' ],
209 silly audit   'wrap-ansi': [ '6.2.0' ],
209 silly audit   wrappy: [ '1.0.2' ],
209 silly audit   xtend: [ '4.0.2' ],
209 silly audit   'yargs-parser': [ '21.1.1' ],
209 silly audit   yn: [ '3.1.1' ],
209 silly audit   'yoctocolors-cjs': [ '2.1.3' ],
209 silly audit   zeptomatch: [ '2.1.0' ],
209 silly audit   '@nestjs/platform-socket.io': [ '11.1.21' ],
209 silly audit   '@nestjs/websockets': [ '11.1.21' ],
209 silly audit   'socket.io': [ '4.8.3' ],
209 silly audit   'socket.io-client': [ '4.8.3' ],
209 silly audit   'object-hash': [ '3.0.0' ],
209 silly audit   base64id: [ '2.0.0' ],
209 silly audit   'engine.io': [ '6.6.8' ],
209 silly audit   'socket.io-adapter': [ '2.5.7' ],
209 silly audit   'socket.io-parser': [ '4.2.6' ],
209 silly audit   '@types/cors': [ '2.8.19' ],
209 silly audit   '@types/ws': [ '8.18.1' ],
209 silly audit   'engine.io-parser': [ '5.2.3' ],
209 silly audit   ws: [ '8.20.1' ],
209 silly audit   '@socket.io/component-emitter': [ '3.1.2' ],
209 silly audit   'engine.io-client': [ '6.6.5' ],
209 silly audit   'xmlhttprequest-ssl': [ '2.1.2' ]
209 silly audit }
210 silly tarball no local data for xmlhttprequest-ssl@https://registry.npmjs.org/xmlhttprequest-ssl/-/xmlhttprequest-ssl-2.1.2.tgz. Extracting by manifest.
211 silly tarball no local data for ws@https://registry.npmjs.org/ws/-/ws-8.20.1.tgz. Extracting by manifest.
212 silly tarball no local data for socket.io-adapter@https://registry.npmjs.org/socket.io-adapter/-/socket.io-adapter-2.5.7.tgz. Extracting by manifest.
213 silly tarball no local data for engine.io@https://registry.npmjs.org/engine.io/-/engine.io-6.6.8.tgz. Extracting by manifest.
214 silly tarball no local data for @socket.io/component-emitter@https://registry.npmjs.org/@socket.io/component-emitter/-/component-emitter-3.1.2.tgz. Extracting by manifest.
215 silly tarball no local data for engine.io-client@https://registry.npmjs.org/engine.io-client/-/engine.io-client-6.6.5.tgz. Extracting by manifest.
216 silly tarball no local data for socket.io-parser@https://registry.npmjs.org/socket.io-parser/-/socket.io-parser-4.2.6.tgz. Extracting by manifest.
217 silly tarball no local data for @types/ws@https://registry.npmjs.org/@types/ws/-/ws-8.18.1.tgz. Extracting by manifest.
218 silly tarball no local data for @nestjs/websockets@https://registry.npmjs.org/@nestjs/websockets/-/websockets-11.1.21.tgz. Extracting by manifest.
219 silly tarball no local data for socket.io-client@https://registry.npmjs.org/socket.io-client/-/socket.io-client-4.8.3.tgz. Extracting by manifest.
220 silly tarball no local data for socket.io@https://registry.npmjs.org/socket.io/-/socket.io-4.8.3.tgz. Extracting by manifest.
221 silly tarball no local data for @types/cors@https://registry.npmjs.org/@types/cors/-/cors-2.8.19.tgz. Extracting by manifest.
222 silly tarball no local data for base64id@https://registry.npmjs.org/base64id/-/base64id-2.0.0.tgz. Extracting by manifest.
223 silly tarball no local data for mime-types@https://registry.npmjs.org/mime-types/-/mime-types-2.1.35.tgz. Extracting by manifest.
224 silly tarball no local data for @nestjs/platform-socket.io@https://registry.npmjs.org/@nestjs/platform-socket.io/-/platform-socket.io-11.1.21.tgz. Extracting by manifest.
225 silly tarball no local data for mime-db@https://registry.npmjs.org/mime-db/-/mime-db-1.52.0.tgz. Extracting by manifest.
226 silly tarball no local data for mime-db@https://registry.npmjs.org/mime-db/-/mime-db-1.52.0.tgz. Extracting by manifest.
227 silly tarball no local data for accepts@https://registry.npmjs.org/accepts/-/accepts-1.3.8.tgz. Extracting by manifest.
228 silly tarball no local data for object-hash@https://registry.npmjs.org/object-hash/-/object-hash-3.0.0.tgz. Extracting by manifest.
229 silly tarball no local data for mime-types@https://registry.npmjs.org/mime-types/-/mime-types-2.1.35.tgz. Extracting by manifest.
230 silly tarball no local data for negotiator@https://registry.npmjs.org/negotiator/-/negotiator-0.6.3.tgz. Extracting by manifest.
231 silly tarball no local data for engine.io-parser@https://registry.npmjs.org/engine.io-parser/-/engine.io-parser-5.2.3.tgz. Extracting by manifest.
232 silly tarball no local data for negotiator@https://registry.npmjs.org/negotiator/-/negotiator-0.6.3.tgz. Extracting by manifest.
233 silly tarball no local data for accepts@https://registry.npmjs.org/accepts/-/accepts-1.3.8.tgz. Extracting by manifest.
234 http fetch GET 200 https://registry.npmjs.org/xmlhttprequest-ssl/-/xmlhttprequest-ssl-2.1.2.tgz 120ms (cache miss)
235 http fetch GET 200 https://registry.npmjs.org/socket.io-adapter/-/socket.io-adapter-2.5.7.tgz 119ms (cache miss)
236 http fetch GET 200 https://registry.npmjs.org/@socket.io/component-emitter/-/component-emitter-3.1.2.tgz 121ms (cache miss)
237 http fetch GET 200 https://registry.npmjs.org/ws/-/ws-8.20.1.tgz 127ms (cache miss)
238 http fetch GET 200 https://registry.npmjs.org/engine.io/-/engine.io-6.6.8.tgz 141ms (cache miss)
239 http fetch GET 200 https://registry.npmjs.org/mime-db/-/mime-db-1.52.0.tgz 153ms (cache miss)
240 http fetch GET 200 https://registry.npmjs.org/mime-db/-/mime-db-1.52.0.tgz 154ms (cache miss)
241 http fetch GET 200 https://registry.npmjs.org/accepts/-/accepts-1.3.8.tgz 159ms (cache miss)
242 http fetch GET 200 https://registry.npmjs.org/engine.io-client/-/engine.io-client-6.6.5.tgz 171ms (cache miss)
243 http fetch GET 200 https://registry.npmjs.org/object-hash/-/object-hash-3.0.0.tgz 168ms (cache miss)
244 http fetch POST 200 https://registry.npmjs.org/-/npm/v1/security/advisories/bulk 229ms
245 silly audit report {
245 silly audit report   '@hono/node-server': [
245 silly audit report     {
245 silly audit report       id: 1116281,
245 silly audit report       url: 'https://github.com/advisories/GHSA-92pp-h63x-v22m',
245 silly audit report       title: '@hono/node-server: Middleware bypass via repeated slashes in serveStatic',
245 silly audit report       severity: 'moderate',
245 silly audit report       vulnerable_versions: '<1.19.13',
245 silly audit report       cwe: [Array],
245 silly audit report       cvss: [Object]
245 silly audit report     }
245 silly audit report   ]
245 silly audit report }
246 silly packumentCache corgi:https://registry.npmjs.org/@hono%2fnode-server cache-miss
247 http fetch GET 200 https://registry.npmjs.org/mime-types/-/mime-types-2.1.35.tgz 222ms (cache miss)
248 http fetch GET 200 https://registry.npmjs.org/negotiator/-/negotiator-0.6.3.tgz 221ms (cache miss)
249 http fetch GET 200 https://registry.npmjs.org/negotiator/-/negotiator-0.6.3.tgz 223ms (cache miss)
250 http fetch GET 200 https://registry.npmjs.org/engine.io-parser/-/engine.io-parser-5.2.3.tgz 226ms (cache miss)
251 http fetch GET 200 https://registry.npmjs.org/accepts/-/accepts-1.3.8.tgz 231ms (cache miss)
252 http fetch GET 200 https://registry.npmjs.org/socket.io-parser/-/socket.io-parser-4.2.6.tgz 253ms (cache miss)
253 http fetch GET 200 https://registry.npmjs.org/mime-types/-/mime-types-2.1.35.tgz 282ms (cache miss)
254 http fetch GET 200 https://registry.npmjs.org/base64id/-/base64id-2.0.0.tgz 283ms (cache miss)
255 http fetch GET 200 https://registry.npmjs.org/@types/ws/-/ws-8.18.1.tgz 290ms (cache miss)
256 http fetch GET 200 https://registry.npmjs.org/@hono%2fnode-server 98ms (cache revalidated)
257 silly packumentCache corgi:https://registry.npmjs.org/@hono%2fnode-server set size:90058 disposed:false
258 silly packumentCache corgi:https://registry.npmjs.org/@prisma%2fdev cache-miss
259 http fetch GET 200 https://registry.npmjs.org/@types/cors/-/cors-2.8.19.tgz 304ms (cache miss)
260 http fetch GET 200 https://registry.npmjs.org/@nestjs/platform-socket.io/-/platform-socket.io-11.1.21.tgz 302ms (cache miss)
261 http fetch GET 200 https://registry.npmjs.org/socket.io/-/socket.io-4.8.3.tgz 369ms (cache miss)
262 http fetch GET 200 https://registry.npmjs.org/@prisma%2fdev 86ms (cache revalidated)
263 silly packumentCache corgi:https://registry.npmjs.org/@prisma%2fdev set size:961880 disposed:false
264 silly packumentCache corgi:https://registry.npmjs.org/prisma cache-miss
265 http fetch GET 200 https://registry.npmjs.org/socket.io-client/-/socket.io-client-4.8.3.tgz 406ms (cache miss)
266 http fetch GET 200 https://registry.npmjs.org/@nestjs/websockets/-/websockets-11.1.21.tgz 452ms (cache miss)
267 http fetch GET 200 https://registry.npmjs.org/prisma 468ms (cache revalidated)
268 silly packumentCache corgi:https://registry.npmjs.org/prisma set size:22812788 disposed:false
269 silly packumentCache corgi:https://registry.npmjs.org/@prisma%2fclient cache-miss
270 http fetch GET 200 https://registry.npmjs.org/@prisma%2fclient 239ms (cache revalidated)
271 silly packumentCache corgi:https://registry.npmjs.org/@prisma%2fclient set size:37806480 disposed:false
272 silly ADD node_modules/xmlhttprequest-ssl
273 silly ADD node_modules/engine.io-client
274 silly ADD node_modules/@socket.io/component-emitter
275 silly ADD node_modules/ws
276 silly ADD node_modules/engine.io-parser
277 silly ADD node_modules/@types/ws
278 silly ADD node_modules/@types/cors
279 silly ADD node_modules/socket.io-parser
280 silly ADD node_modules/socket.io-adapter
281 silly ADD node_modules/engine.io
282 silly ADD node_modules/engine.io/node_modules/mime-db
283 silly ADD node_modules/engine.io/node_modules/negotiator
284 silly ADD node_modules/engine.io/node_modules/mime-types
285 silly ADD node_modules/engine.io/node_modules/accepts
286 silly ADD node_modules/base64id
287 silly ADD node_modules/object-hash
288 silly ADD node_modules/socket.io-client
289 silly ADD node_modules/socket.io
290 silly ADD node_modules/socket.io/node_modules/mime-db
291 silly ADD node_modules/socket.io/node_modules/negotiator
292 silly ADD node_modules/socket.io/node_modules/mime-types
293 silly ADD node_modules/socket.io/node_modules/accepts
294 silly ADD node_modules/@nestjs/websockets
295 silly ADD node_modules/@nestjs/platform-socket.io
296 verbose cwd /Users/abc/Documents/projectCV/Amanotes/backend
297 verbose os Darwin 24.6.0
298 verbose node v20.19.0
299 verbose npm  v10.8.2
300 verbose exit 0
301 info ok
