0 verbose cli /Users/abc/.nvm/versions/node/v20.19.0/bin/node /Users/abc/.nvm/versions/node/v20.19.0/bin/npm
1 info using npm@10.8.2
2 info using node@v20.19.0
3 silly config load:file:/Users/abc/.nvm/versions/node/v20.19.0/lib/node_modules/npm/npmrc
4 silly config load:file:/Users/abc/Documents/projectCV/Amanotes/backend/.npmrc
5 silly config load:file:/Users/abc/.npmrc
6 silly config load:file:/Users/abc/.nvm/versions/node/v20.19.0/etc/npmrc
7 verbose title npm install @types/bcrypt @types/passport-jwt
8 verbose argv "install" "--save-dev" "--cache" "/Users/abc/Documents/projectCV/Amanotes/backend/.npm-cache" "@types/bcrypt" "@types/passport-jwt"
9 verbose logfile logs-max:10 dir:/Users/abc/Documents/projectCV/Amanotes/backend/.npm-cache/_logs/2026-05-21T02_07_08_080Z-
10 verbose logfile /Users/abc/Documents/projectCV/Amanotes/backend/.npm-cache/_logs/2026-05-21T02_07_08_080Z-debug-0.log
11 silly packumentCache heap:4345298944 maxSize:1086324736 maxEntrySize:543162368
12 silly logfile done cleaning log files
13 silly idealTree buildDeps
14 silly fetch manifest @types/bcrypt@*
15 silly packumentCache full:https://registry.npmjs.org/@types%2fbcrypt cache-miss
16 http fetch GET 200 https://registry.npmjs.org/@types%2fbcrypt 273ms (cache miss)
17 silly packumentCache full:https://registry.npmjs.org/@types%2fbcrypt set size:undefined disposed:false
18 silly fetch manifest @types/passport-jwt@*
19 silly packumentCache full:https://registry.npmjs.org/@types%2fpassport-jwt cache-miss
20 http fetch GET 200 https://registry.npmjs.org/@types%2fpassport-jwt 161ms (cache miss)
21 silly packumentCache full:https://registry.npmjs.org/@types%2fpassport-jwt set size:undefined disposed:false
22 silly placeDep ROOT @types/bcrypt@6.0.0 OK for: backend@1.0.0 want: *
23 silly placeDep ROOT @types/passport-jwt@4.0.1 OK for: backend@1.0.0 want: *
24 silly fetch manifest @types/passport-strategy@*
25 silly packumentCache full:https://registry.npmjs.org/@types%2fpassport-strategy cache-miss
26 http fetch GET 200 https://registry.npmjs.org/@types%2fpassport-strategy 76ms (cache miss)
27 silly packumentCache full:https://registry.npmjs.org/@types%2fpassport-strategy set size:undefined disposed:false
28 silly placeDep ROOT @types/passport-strategy@0.2.38 OK for: @types/passport-jwt@4.0.1 want: *
29 silly fetch manifest @types/express@*
30 silly packumentCache full:https://registry.npmjs.org/@types%2fexpress cache-miss
31 silly fetch manifest @types/passport@*
32 silly packumentCache full:https://registry.npmjs.org/@types%2fpassport cache-miss
33 http fetch GET 200 https://registry.npmjs.org/@types%2fexpress 84ms (cache miss)
34 silly packumentCache full:https://registry.npmjs.org/@types%2fexpress set size:undefined disposed:false
35 http fetch GET 200 https://registry.npmjs.org/@types%2fpassport 233ms (cache miss)
36 silly packumentCache full:https://registry.npmjs.org/@types%2fpassport set size:undefined disposed:false
37 silly placeDep ROOT @types/express@5.0.6 OK for: @types/passport-strategy@0.2.38 want: *
38 silly placeDep ROOT @types/passport@1.0.17 OK for: @types/passport-strategy@0.2.38 want: *
39 silly fetch manifest @types/body-parser@*
40 silly packumentCache full:https://registry.npmjs.org/@types%2fbody-parser cache-miss
41 silly fetch manifest @types/serve-static@^2
42 silly packumentCache full:https://registry.npmjs.org/@types%2fserve-static cache-miss
43 silly fetch manifest @types/express-serve-static-core@^5.0.0
44 silly packumentCache full:https://registry.npmjs.org/@types%2fexpress-serve-static-core cache-miss
45 http fetch GET 200 https://registry.npmjs.org/@types%2fbody-parser 79ms (cache miss)
46 silly packumentCache full:https://registry.npmjs.org/@types%2fbody-parser set size:undefined disposed:false
47 http fetch GET 200 https://registry.npmjs.org/@types%2fserve-static 101ms (cache miss)
48 silly packumentCache full:https://registry.npmjs.org/@types%2fserve-static set size:undefined disposed:false
49 http fetch GET 200 https://registry.npmjs.org/@types%2fexpress-serve-static-core 253ms (cache miss)
50 silly packumentCache full:https://registry.npmjs.org/@types%2fexpress-serve-static-core set size:undefined disposed:false
51 silly placeDep ROOT @types/body-parser@1.19.6 OK for: @types/express@5.0.6 want: *
52 silly placeDep ROOT @types/express-serve-static-core@5.1.1 OK for: @types/express@5.0.6 want: ^5.0.0
53 silly placeDep ROOT @types/serve-static@2.2.0 OK for: @types/express@5.0.6 want: ^2
54 silly fetch manifest @types/connect@*
55 silly packumentCache full:https://registry.npmjs.org/@types%2fconnect cache-miss
56 silly fetch manifest @types/qs@*
57 silly packumentCache full:https://registry.npmjs.org/@types%2fqs cache-miss
58 silly fetch manifest @types/send@*
59 silly packumentCache full:https://registry.npmjs.org/@types%2fsend cache-miss
60 silly fetch manifest @types/range-parser@*
61 silly packumentCache full:https://registry.npmjs.org/@types%2frange-parser cache-miss
62 silly fetch manifest @types/http-errors@*
63 silly packumentCache full:https://registry.npmjs.org/@types%2fhttp-errors cache-miss
64 http fetch GET 200 https://registry.npmjs.org/@types%2fconnect 95ms (cache miss)
65 silly packumentCache full:https://registry.npmjs.org/@types%2fconnect set size:undefined disposed:false
66 http fetch GET 200 https://registry.npmjs.org/@types%2fsend 95ms (cache miss)
67 silly packumentCache full:https://registry.npmjs.org/@types%2fsend set size:undefined disposed:false
68 http fetch GET 200 https://registry.npmjs.org/@types%2fqs 95ms (cache miss)
69 silly packumentCache full:https://registry.npmjs.org/@types%2fqs set size:undefined disposed:false
70 http fetch GET 200 https://registry.npmjs.org/@types%2fhttp-errors 241ms (cache miss)
71 silly packumentCache full:https://registry.npmjs.org/@types%2fhttp-errors set size:undefined disposed:false
72 http fetch GET 200 https://registry.npmjs.org/@types%2frange-parser 262ms (cache miss)
73 silly packumentCache full:https://registry.npmjs.org/@types%2frange-parser set size:undefined disposed:false
74 silly placeDep ROOT @types/connect@3.4.38 OK for: @types/body-parser@1.19.6 want: *
75 silly placeDep ROOT @types/qs@6.15.1 OK for: @types/express-serve-static-core@5.1.1 want: *
76 silly placeDep ROOT @types/range-parser@1.2.7 OK for: @types/express-serve-static-core@5.1.1 want: *
77 silly placeDep ROOT @types/send@1.2.1 OK for: @types/express-serve-static-core@5.1.1 want: *
78 silly placeDep ROOT @types/http-errors@2.0.5 OK for: @types/serve-static@2.2.0 want: *
79 warn EBADENGINE Unsupported engine {
79 warn EBADENGINE   package: '@prisma/streams-local@0.1.2',
79 warn EBADENGINE   required: { bun: '>=1.3.6', node: '>=22.0.0' },
79 warn EBADENGINE   current: { node: 'v20.19.0', npm: '10.8.2' }
79 warn EBADENGINE }
80 silly reify moves {}
81 silly audit bulk request {
81 silly audit   '@angular-devkit/core': [ '19.2.24' ],
81 silly audit   rxjs: [ '7.8.1', '7.8.2' ],
81 silly audit   '@angular-devkit/schematics': [ '19.2.24' ],
81 silly audit   '@angular-devkit/schematics-cli': [ '19.2.24' ],
81 silly audit   '@inquirer/prompts': [ '7.3.2', '7.10.1' ],
81 silly audit   '@babel/code-frame': [ '7.29.0' ],
81 silly audit   '@babel/helper-validator-identifier': [ '7.28.5' ],
81 silly audit   '@borewit/text-codec': [ '0.2.2' ],
81 silly audit   '@colors/colors': [ '1.5.0' ],
81 silly audit   '@cspotcode/source-map-support': [ '0.8.1' ],
81 silly audit   '@electric-sql/pglite': [ '0.4.1' ],
81 silly audit   '@electric-sql/pglite-socket': [ '0.1.1' ],
81 silly audit   '@electric-sql/pglite-tools': [ '0.3.1' ],
81 silly audit   '@hono/node-server': [ '1.19.11' ],
81 silly audit   '@inquirer/ansi': [ '1.0.2' ],
81 silly audit   '@inquirer/checkbox': [ '4.3.2' ],
81 silly audit   '@inquirer/confirm': [ '5.1.21' ],
81 silly audit   '@inquirer/core': [ '10.3.2' ],
81 silly audit   '@inquirer/editor': [ '4.2.23' ],
81 silly audit   '@inquirer/expand': [ '4.0.23' ],
81 silly audit   '@inquirer/external-editor': [ '1.0.3' ],
81 silly audit   '@inquirer/figures': [ '1.0.15' ],
81 silly audit   '@inquirer/input': [ '4.3.1' ],
81 silly audit   '@inquirer/number': [ '3.0.23' ],
81 silly audit   '@inquirer/password': [ '4.0.23' ],
81 silly audit   '@inquirer/rawlist': [ '4.1.11' ],
81 silly audit   '@inquirer/search': [ '3.2.2' ],
81 silly audit   '@inquirer/select': [ '4.4.2' ],
81 silly audit   '@inquirer/type': [ '3.0.10' ],
81 silly audit   '@jridgewell/gen-mapping': [ '0.3.13' ],
81 silly audit   '@jridgewell/trace-mapping': [ '0.3.31', '0.3.9' ],
81 silly audit   '@jridgewell/resolve-uri': [ '3.1.2' ],
81 silly audit   '@jridgewell/source-map': [ '0.3.11' ],
81 silly audit   '@jridgewell/sourcemap-codec': [ '1.5.5' ],
81 silly audit   '@kurkle/color': [ '0.3.4' ],
81 silly audit   '@lukeed/csprng': [ '1.1.0' ],
81 silly audit   '@nestjs/cli': [ '11.0.21' ],
81 silly audit   typescript: [ '5.9.3', '6.0.3' ],
81 silly audit   '@nestjs/common': [ '11.1.21' ],
81 silly audit   '@nestjs/core': [ '11.1.21' ],
81 silly audit   '@nestjs/jwt': [ '11.0.2' ],
81 silly audit   '@nestjs/passport': [ '11.0.5' ],
81 silly audit   '@nestjs/platform-express': [ '11.1.21' ],
81 silly audit   '@nestjs/schematics': [ '11.1.0' ],
81 silly audit   '@nuxt/opencollective': [ '0.4.1' ],
81 silly audit   '@prisma/adapter-pg': [ '7.8.0' ],
81 silly audit   '@prisma/client': [ '7.8.0' ],
81 silly audit   '@prisma/client-runtime-utils': [ '7.8.0' ],
81 silly audit   '@prisma/config': [ '7.8.0' ],
81 silly audit   '@prisma/debug': [ '7.8.0', '7.2.0' ],
81 silly audit   '@prisma/dev': [ '0.24.3' ],
81 silly audit   '@prisma/driver-adapter-utils': [ '7.8.0' ],
81 silly audit   '@prisma/engines': [ '7.8.0' ],
81 silly audit   '@prisma/engines-version': [ '7.8.0-6.3c6e192761c0362d496ed980de936e2f3cebcd3a' ],
81 silly audit   '@prisma/get-platform': [ '7.8.0', '7.2.0' ],
81 silly audit   '@prisma/fetch-engine': [ '7.8.0' ],
81 silly audit   '@prisma/query-plan-executor': [ '7.2.0' ],
81 silly audit   '@prisma/streams-local': [ '0.1.2' ],
81 silly audit   '@prisma/studio-core': [ '0.27.3' ],
81 silly audit   '@radix-ui/primitive': [ '1.1.3' ],
81 silly audit   '@radix-ui/react-compose-refs': [ '1.1.2' ],
81 silly audit   '@radix-ui/react-primitive': [ '2.1.3' ],
81 silly audit   '@radix-ui/react-slot': [ '1.2.3' ],
81 silly audit   '@radix-ui/react-toggle': [ '1.1.10' ],
81 silly audit   '@radix-ui/react-use-controllable-state': [ '1.2.2' ],
81 silly audit   '@radix-ui/react-use-effect-event': [ '0.0.2' ],
81 silly audit   '@radix-ui/react-use-layout-effect': [ '1.1.1' ],
81 silly audit   '@standard-schema/spec': [ '1.1.0' ],
81 silly audit   '@tokenizer/inflate': [ '0.4.1' ],
81 silly audit   '@tokenizer/token': [ '0.3.0' ],
81 silly audit   '@tsconfig/node10': [ '1.0.12' ],
81 silly audit   '@tsconfig/node12': [ '1.0.11' ],
81 silly audit   '@tsconfig/node14': [ '1.0.3' ],
81 silly audit   '@tsconfig/node16': [ '1.0.4' ],
81 silly audit   '@types/eslint': [ '9.6.1' ],
81 silly audit   '@types/eslint-scope': [ '3.7.7' ],
81 silly audit   '@types/estree': [ '1.0.9' ],
81 silly audit   '@types/json-schema': [ '7.0.15' ],
81 silly audit   '@types/jsonwebtoken': [ '9.0.10' ],
81 silly audit   '@types/ms': [ '2.1.0' ],
81 silly audit   '@types/node': [ '25.9.1' ],
81 silly audit   '@types/pg': [ '8.20.0' ],
81 silly audit   '@types/react': [ '19.2.15' ],
81 silly audit   '@types/validator': [ '13.15.10' ],
81 silly audit   '@webassemblyjs/ast': [ '1.14.1' ],
81 silly audit   '@webassemblyjs/floating-point-hex-parser': [ '1.13.2' ],
81 silly audit   '@webassemblyjs/helper-api-error': [ '1.13.2' ],
81 silly audit   '@webassemblyjs/helper-buffer': [ '1.14.1' ],
81 silly audit   '@webassemblyjs/helper-numbers': [ '1.13.2' ],
81 silly audit   '@webassemblyjs/helper-wasm-bytecode': [ '1.13.2' ],
81 silly audit   '@webassemblyjs/helper-wasm-section': [ '1.14.1' ],
81 silly audit   '@webassemblyjs/ieee754': [ '1.13.2' ],
81 silly audit   '@webassemblyjs/leb128': [ '1.13.2' ],
81 silly audit   '@webassemblyjs/utf8': [ '1.13.2' ],
81 silly audit   '@webassemblyjs/wasm-edit': [ '1.14.1' ],
81 silly audit   '@webassemblyjs/wasm-gen': [ '1.14.1' ],
81 silly audit   '@webassemblyjs/wasm-opt': [ '1.14.1' ],
81 silly audit   '@webassemblyjs/wasm-parser': [ '1.14.1' ],
81 silly audit   '@webassemblyjs/wast-printer': [ '1.14.1' ],
81 silly audit   '@xtuc/ieee754': [ '1.2.0' ],
81 silly audit   '@xtuc/long': [ '4.2.2' ],
81 silly audit   accepts: [ '2.0.0' ],
81 silly audit   acorn: [ '8.16.0' ],
81 silly audit   'acorn-import-phases': [ '1.0.4' ],
81 silly audit   'acorn-walk': [ '8.3.5' ],
81 silly audit   ajv: [ '8.18.0', '6.15.0' ],
81 silly audit   'ajv-formats': [ '3.0.1', '2.1.1' ],
81 silly audit   'ajv-keywords': [ '5.1.0', '3.5.2' ],
81 silly audit   'ansi-colors': [ '4.1.3' ],
81 silly audit   'ansi-regex': [ '5.0.1' ],
81 silly audit   'ansi-styles': [ '4.3.0' ],
81 silly audit   ansis: [ '4.2.0' ],
81 silly audit   'append-field': [ '1.0.0' ],
81 silly audit   arg: [ '4.1.3' ],
81 silly audit   argparse: [ '2.0.1' ],
81 silly audit   'array-timsort': [ '1.0.3' ],
81 silly audit   'aws-ssl-profiles': [ '1.1.2' ],
81 silly audit   'balanced-match': [ '1.0.2', '4.0.4' ],
81 silly audit   'base64-js': [ '1.5.1' ],
81 silly audit   'baseline-browser-mapping': [ '2.10.31' ],
81 silly audit   bcrypt: [ '6.0.0' ],
81 silly audit   'better-result': [ '2.9.2' ],
81 silly audit   bl: [ '4.1.0' ],
81 silly audit   'body-parser': [ '2.2.2' ],
81 silly audit   'brace-expansion': [ '1.1.14', '5.0.6' ],
81 silly audit   browserslist: [ '4.28.2' ],
81 silly audit   buffer: [ '5.7.1' ],
81 silly audit   'buffer-equal-constant-time': [ '1.0.1' ],
81 silly audit   'buffer-from': [ '1.1.2' ],
81 silly audit   busboy: [ '1.6.0' ],
81 silly audit   bytes: [ '3.1.2' ],
81 silly audit   c12: [ '3.3.4' ],
81 silly audit   chokidar: [ '5.0.0', '4.0.3' ],
81 silly audit   readdirp: [ '5.0.0', '4.1.2' ],
81 silly audit   'call-bind-apply-helpers': [ '1.0.2' ],
81 silly audit   'call-bound': [ '1.0.4' ],
81 silly audit   callsites: [ '3.1.0' ],
81 silly audit   'caniuse-lite': [ '1.0.30001793' ],
81 silly audit   chalk: [ '4.1.2' ],
81 silly audit   chardet: [ '2.1.1' ],
81 silly audit   'chart.js': [ '4.5.1' ],
81 silly audit   'chrome-trace-event': [ '1.0.4' ],
81 silly audit   'class-transformer': [ '0.5.1' ],
81 silly audit   'class-validator': [ '0.15.1' ],
81 silly audit   'cli-cursor': [ '3.1.0' ],
81 silly audit   'cli-spinners': [ '2.9.2' ],
81 silly audit   'cli-table3': [ '0.6.5' ],
81 silly audit   'cli-width': [ '4.1.0' ],
81 silly audit   clone: [ '1.0.4' ],
81 silly audit   'color-convert': [ '2.0.1' ],
81 silly audit   'color-name': [ '1.1.4' ],
81 silly audit   commander: [ '4.1.1', '2.20.3' ],
81 silly audit   'comment-json': [ '5.0.0' ],
81 silly audit   'concat-map': [ '0.0.1' ],
81 silly audit   'concat-stream': [ '2.0.0' ],
81 silly audit   confbox: [ '0.2.4' ],
81 silly audit   consola: [ '3.4.2' ],
81 silly audit   'content-disposition': [ '1.1.0' ],
81 silly audit   'content-type': [ '1.0.5', '2.0.0' ],
81 silly audit   cookie: [ '0.7.2' ],
81 silly audit   'cookie-signature': [ '1.2.2' ],
81 silly audit   cors: [ '2.8.6' ],
81 silly audit   cosmiconfig: [ '8.3.6' ],
81 silly audit   'create-require': [ '1.1.1' ],
81 silly audit   'cross-spawn': [ '7.0.6' ],
81 silly audit   csstype: [ '3.2.3' ],
81 silly audit   debug: [ '4.4.3' ],
81 silly audit   deepmerge: [ '4.3.1' ],
81 silly audit   'deepmerge-ts': [ '7.1.5' ],
81 silly audit   defaults: [ '1.0.4' ],
81 silly audit   defu: [ '6.1.7' ],
81 silly audit   denque: [ '2.1.0' ],
81 silly audit   depd: [ '2.0.0' ],
81 silly audit   destr: [ '2.0.5' ],
81 silly audit   diff: [ '4.0.4' ],
81 silly audit   dotenv: [ '17.4.2' ],
81 silly audit   'dunder-proto': [ '1.0.1' ],
81 silly audit   'ecdsa-sig-formatter': [ '1.0.11' ],
81 silly audit   'ee-first': [ '1.1.1' ],
81 silly audit   effect: [ '3.20.0' ],
81 silly audit   'electron-to-chromium': [ '1.5.360' ],
81 silly audit   'emoji-regex': [ '8.0.0' ],
81 silly audit   empathic: [ '2.0.0' ],
81 silly audit   encodeurl: [ '2.0.0' ],
81 silly audit   'enhanced-resolve': [ '5.21.5' ],
81 silly audit   'env-paths': [ '3.0.0' ],
81 silly audit   'error-ex': [ '1.3.4' ],
81 silly audit   'es-define-property': [ '1.0.1' ],
81 silly audit   'es-errors': [ '1.3.0' ],
81 silly audit   'es-module-lexer': [ '2.1.0' ],
81 silly audit   'es-object-atoms': [ '1.1.1' ],
81 silly audit   escalade: [ '3.2.0' ],
81 silly audit   'escape-html': [ '1.0.3' ],
81 silly audit   'eslint-scope': [ '5.1.1' ],
81 silly audit   esprima: [ '4.0.1' ],
81 silly audit   esrecurse: [ '4.3.0' ],
81 silly audit   estraverse: [ '5.3.0', '4.3.0' ],
81 silly audit   etag: [ '1.8.1' ],
81 silly audit   events: [ '3.3.0' ],
81 silly audit   express: [ '5.2.1' ],
81 silly audit   exsolve: [ '1.0.8' ],
81 silly audit   'fast-check': [ '3.23.2' ],
81 silly audit   'fast-deep-equal': [ '3.1.3' ],
81 silly audit   'fast-json-stable-stringify': [ '2.1.0' ],
81 silly audit   'fast-safe-stringify': [ '2.1.1' ],
81 silly audit   'fast-uri': [ '3.1.2' ],
81 silly audit   'file-type': [ '21.3.4' ],
81 silly audit   finalhandler: [ '2.1.1' ],
81 silly audit   'foreground-child': [ '3.3.1' ],
81 silly audit   'fork-ts-checker-webpack-plugin': [ '9.1.0' ],
81 silly audit   forwarded: [ '0.2.0' ],
81 silly audit   fresh: [ '2.0.0' ],
81 silly audit   'fs-extra': [ '10.1.0' ],
81 silly audit   'fs-monkey': [ '1.1.0' ],
81 silly audit   'function-bind': [ '1.1.2' ],
81 silly audit   'generate-function': [ '2.3.1' ],
81 silly audit   'get-intrinsic': [ '1.3.0' ],
81 silly audit   'get-port-please': [ '3.2.0' ],
81 silly audit   'get-proto': [ '1.0.1' ],
81 silly audit   giget: [ '3.2.0' ],
81 silly audit   glob: [ '13.0.6' ],
81 silly audit   'glob-to-regexp': [ '0.4.1' ],
81 silly audit   minimatch: [ '10.2.5', '3.1.5' ],
81 silly audit   gopd: [ '1.2.0' ],
81 silly audit   'graceful-fs': [ '4.2.11' ],
81 silly audit   grammex: [ '3.1.12' ],
81 silly audit   graphmatch: [ '1.1.1' ],
81 silly audit   'has-flag': [ '4.0.0' ],
81 silly audit   'has-symbols': [ '1.1.0' ],
81 silly audit   hasown: [ '2.0.3' ],
81 silly audit   hono: [ '4.12.21' ],
81 silly audit   'http-errors': [ '2.0.1' ],
81 silly audit   'http-status-codes': [ '2.3.0' ],
81 silly audit   'iconv-lite': [ '0.7.2' ],
81 silly audit   ieee754: [ '1.2.1' ],
81 silly audit   'import-fresh': [ '3.3.1' ],
81 silly audit   inherits: [ '2.0.4' ],
81 silly audit   'ipaddr.js': [ '1.9.1' ],
81 silly audit   'is-arrayish': [ '0.2.1' ],
81 silly audit   'is-fullwidth-code-point': [ '3.0.0' ],
81 silly audit   'is-interactive': [ '1.0.0' ],
81 silly audit   'is-promise': [ '4.0.0' ],
81 silly audit   'is-property': [ '1.0.2' ],
81 silly audit   'is-unicode-supported': [ '0.1.0' ],
81 silly audit   isexe: [ '2.0.0' ],
81 silly audit   iterare: [ '1.2.1' ],
81 silly audit   'jest-worker': [ '27.5.1' ],
81 silly audit   'supports-color': [ '8.1.1', '7.2.0' ],
81 silly audit   jiti: [ '2.7.0' ],
81 silly audit   'js-tokens': [ '4.0.0' ],
81 silly audit   'js-yaml': [ '4.1.1' ],
81 silly audit   'json-parse-even-better-errors': [ '2.3.1' ],
81 silly audit   'json-schema-traverse': [ '1.0.0', '0.4.1' ],
81 silly audit   json5: [ '2.2.3' ],
81 silly audit   'jsonc-parser': [ '3.3.1' ],
81 silly audit   jsonfile: [ '6.2.1' ],
81 silly audit   jsonwebtoken: [ '9.0.3' ],
81 silly audit   jwa: [ '2.0.1' ],
81 silly audit   jws: [ '4.0.1' ],
81 silly audit   'libphonenumber-js': [ '1.13.2' ],
81 silly audit   'lines-and-columns': [ '1.2.4' ],
81 silly audit   'load-esm': [ '1.0.3' ],
81 silly audit   'loader-runner': [ '4.3.2' ],
81 silly audit   lodash: [ '4.18.1' ],
81 silly audit   'lodash.includes': [ '4.3.0' ],
81 silly audit   'lodash.isboolean': [ '3.0.3' ],
81 silly audit   'lodash.isinteger': [ '4.0.4' ],
81 silly audit   'lodash.isnumber': [ '3.0.3' ],
81 silly audit   'lodash.isplainobject': [ '4.0.6' ],
81 silly audit   'lodash.isstring': [ '4.0.1' ],
81 silly audit   'lodash.once': [ '4.1.1' ],
81 silly audit   'log-symbols': [ '4.1.0' ],
81 silly audit   long: [ '5.3.2' ],
81 silly audit   'lru-cache': [ '11.5.0' ],
81 silly audit   'lru.min': [ '1.1.4' ],
81 silly audit   'magic-string': [ '0.30.17' ],
81 silly audit   'make-error': [ '1.3.6' ],
81 silly audit   'math-intrinsics': [ '1.1.0' ],
81 silly audit   'media-typer': [ '1.1.0', '0.3.0' ],
81 silly audit   memfs: [ '3.5.3' ],
81 silly audit   'merge-descriptors': [ '2.0.0' ],
81 silly audit   'merge-stream': [ '2.0.0' ],
81 silly audit   'mime-db': [ '1.54.0', '1.52.0' ],
81 silly audit   'mime-types': [ '3.0.2', '2.1.35' ],
81 silly audit   'mimic-fn': [ '2.1.0' ],
81 silly audit   minimist: [ '1.2.8' ],
81 silly audit   minipass: [ '7.1.3' ],
81 silly audit   ms: [ '2.1.3' ],
81 silly audit   multer: [ '2.1.1' ],
81 silly audit   'type-is': [ '1.6.18', '2.1.0' ],
81 silly audit   'mute-stream': [ '2.0.0' ],
81 silly audit   mysql2: [ '3.15.3' ],
81 silly audit   'named-placeholders': [ '1.1.6' ],
81 silly audit   negotiator: [ '1.0.0' ],
81 silly audit   'neo-async': [ '2.6.2' ],
81 silly audit   'node-abort-controller': [ '3.1.1' ],
81 silly audit   'node-addon-api': [ '8.7.0' ],
81 silly audit   'node-emoji': [ '1.11.0' ],
81 silly audit   'node-gyp-build': [ '4.8.4' ],
81 silly audit   'node-releases': [ '2.0.44' ],
81 silly audit   'object-assign': [ '4.1.1' ],
81 silly audit   'object-inspect': [ '1.13.4' ],
81 silly audit   ohash: [ '2.0.11' ],
81 silly audit   'on-finished': [ '2.4.1' ],
81 silly audit   once: [ '1.4.0' ],
81 silly audit   onetime: [ '5.1.2' ],
81 silly audit   ora: [ '5.4.1' ],
81 silly audit   'parent-module': [ '1.0.1' ],
81 silly audit   'parse-json': [ '5.2.0' ],
81 silly audit   parseurl: [ '1.3.3' ],
81 silly audit   passport: [ '0.7.0' ],
81 silly audit   'passport-jwt': [ '4.0.1' ],
81 silly audit   'passport-strategy': [ '1.0.0' ],
81 silly audit   'path-key': [ '3.1.1' ],
81 silly audit   'path-scurry': [ '2.0.2' ],
81 silly audit   'path-to-regexp': [ '8.4.2' ],
81 silly audit   'path-type': [ '4.0.0' ],
81 silly audit   pathe: [ '2.0.3' ],
81 silly audit   pause: [ '0.0.1' ],
81 silly audit   'perfect-debounce': [ '2.1.0' ],
81 silly audit   pg: [ '8.21.0' ],
81 silly audit   'pg-cloudflare': [ '1.4.0' ],
81 silly audit   'pg-connection-string': [ '2.13.0' ],
81 silly audit   'pg-int8': [ '1.0.1' ],
81 silly audit   'pg-pool': [ '3.14.0' ],
81 silly audit   'pg-protocol': [ '1.14.0' ],
81 silly audit   'pg-types': [ '2.2.0' ],
81 silly audit   'postgres-array': [ '2.0.0', '3.0.4' ],
81 silly audit   pgpass: [ '1.0.5' ],
81 silly audit   picocolors: [ '1.1.1' ],
81 silly audit   picomatch: [ '4.0.4' ],
81 silly audit   'pkg-types': [ '2.3.1' ],
81 silly audit   pluralize: [ '8.0.0' ],
81 silly audit   postgres: [ '3.4.7' ],
81 silly audit   'postgres-bytea': [ '1.0.1' ],
81 silly audit   'postgres-date': [ '1.0.7' ],
81 silly audit   'postgres-interval': [ '1.2.0' ],
81 silly audit   prisma: [ '7.8.0' ],
81 silly audit   'proper-lockfile': [ '4.1.2' ],
81 silly audit   'signal-exit': [ '3.0.7', '4.1.0' ],
81 silly audit   'proxy-addr': [ '2.0.7' ],
81 silly audit   punycode: [ '2.3.1' ],
81 silly audit   'pure-rand': [ '6.1.0' ],
81 silly audit   qs: [ '6.15.2' ],
81 silly audit   'range-parser': [ '1.2.1' ],
81 silly audit   'raw-body': [ '3.0.2' ],
81 silly audit   rc9: [ '3.0.1' ],
81 silly audit   react: [ '19.2.6' ],
81 silly audit   'react-dom': [ '19.2.6' ],
81 silly audit   'readable-stream': [ '3.6.2' ],
81 silly audit   'reflect-metadata': [ '0.2.2' ],
81 silly audit   remeda: [ '2.33.4' ],
81 silly audit   'require-from-string': [ '2.0.2' ],
81 silly audit   'resolve-from': [ '4.0.0' ],
81 silly audit   'restore-cursor': [ '3.1.0' ],
81 silly audit   retry: [ '0.12.0' ],
81 silly audit   router: [ '2.2.0' ],
81 silly audit   'safe-buffer': [ '5.2.1' ],
81 silly audit   'safer-buffer': [ '2.1.2' ],
81 silly audit   scheduler: [ '0.27.0' ],
81 silly audit   'schema-utils': [ '3.3.0', '4.3.3' ],
81 silly audit   semver: [ '7.8.0' ],
81 silly audit   send: [ '1.2.1' ],
81 silly audit   'seq-queue': [ '0.0.5' ],
81 silly audit   'serve-static': [ '2.2.1' ],
81 silly audit   setprototypeof: [ '1.2.0' ],
81 silly audit   'shebang-command': [ '2.0.0' ],
81 silly audit   'shebang-regex': [ '3.0.0' ],
81 silly audit   'side-channel': [ '1.1.0' ],
81 silly audit   'side-channel-list': [ '1.0.1' ],
81 silly audit   'side-channel-map': [ '1.0.1' ],
81 silly audit   'side-channel-weakmap': [ '1.0.2' ],
81 silly audit   'source-map': [ '0.7.4', '0.6.1' ],
81 silly audit   'source-map-support': [ '0.5.21' ],
81 silly audit   split2: [ '4.2.0' ],
81 silly audit   sqlstring: [ '2.3.3' ],
81 silly audit   statuses: [ '2.0.2' ],
81 silly audit   'std-env': [ '3.10.0' ],
81 silly audit   streamsearch: [ '1.1.0' ],
81 silly audit   string_decoder: [ '1.3.0' ],
81 silly audit   'string-width': [ '4.2.3' ],
81 silly audit   'strip-ansi': [ '6.0.1' ],
81 silly audit   'strip-bom': [ '3.0.0' ],
81 silly audit   strtok3: [ '10.3.5' ],
81 silly audit   'symbol-observable': [ '4.0.0' ],
81 silly audit   tapable: [ '2.3.3' ],
81 silly audit   terser: [ '5.47.1' ],
81 silly audit   'terser-webpack-plugin': [ '5.6.0' ],
81 silly audit   toidentifier: [ '1.0.1' ],
81 silly audit   'token-types': [ '6.1.2' ],
81 silly audit   'ts-node': [ '10.9.2' ],
81 silly audit   'tsconfig-paths': [ '4.2.0' ],
81 silly audit   'tsconfig-paths-webpack-plugin': [ '4.2.0' ],
81 silly audit   tslib: [ '2.8.1' ],
81 silly audit   typedarray: [ '0.0.6' ],
81 silly audit   uid: [ '2.0.2' ],
81 silly audit   'uint8array-extras': [ '1.5.0' ],
81 silly audit   'undici-types': [ '7.24.6' ],
81 silly audit   universalify: [ '2.0.1' ],
81 silly audit   unpipe: [ '1.0.0' ],
81 silly audit   'update-browserslist-db': [ '1.2.3' ],
81 silly audit   'uri-js': [ '4.4.1' ],
81 silly audit   'util-deprecate': [ '1.0.2' ],
81 silly audit   'utils-merge': [ '1.0.1' ],
81 silly audit   'v8-compile-cache-lib': [ '3.0.1' ],
81 silly audit   valibot: [ '1.2.0' ],
81 silly audit   validator: [ '13.15.35' ],
81 silly audit   vary: [ '1.1.2' ],
81 silly audit   watchpack: [ '2.5.1' ],
81 silly audit   wcwidth: [ '1.0.1' ],
81 silly audit   webpack: [ '5.106.0' ],
81 silly audit   'webpack-node-externals': [ '3.0.0' ],
81 silly audit   'webpack-sources': [ '3.4.1' ],
81 silly audit   which: [ '2.0.2' ],
81 silly audit   'wrap-ansi': [ '6.2.0' ],
81 silly audit   wrappy: [ '1.0.2' ],
81 silly audit   xtend: [ '4.0.2' ],
81 silly audit   'yargs-parser': [ '21.1.1' ],
81 silly audit   yn: [ '3.1.1' ],
81 silly audit   'yoctocolors-cjs': [ '2.1.3' ],
81 silly audit   zeptomatch: [ '2.1.0' ],
81 silly audit   '@types/bcrypt': [ '6.0.0' ],
81 silly audit   '@types/passport-jwt': [ '4.0.1' ],
81 silly audit   '@types/passport-strategy': [ '0.2.38' ],
81 silly audit   '@types/express': [ '5.0.6' ],
81 silly audit   '@types/passport': [ '1.0.17' ],
81 silly audit   '@types/body-parser': [ '1.19.6' ],
81 silly audit   '@types/express-serve-static-core': [ '5.1.1' ],
81 silly audit   '@types/serve-static': [ '2.2.0' ],
81 silly audit   '@types/connect': [ '3.4.38' ],
81 silly audit   '@types/qs': [ '6.15.1' ],
81 silly audit   '@types/range-parser': [ '1.2.7' ],
81 silly audit   '@types/send': [ '1.2.1' ],
81 silly audit   '@types/http-errors': [ '2.0.5' ]
81 silly audit }
82 silly tarball no local data for @types/qs@https://registry.npmjs.org/@types/qs/-/qs-6.15.1.tgz. Extracting by manifest.
83 silly tarball no local data for @types/http-errors@https://registry.npmjs.org/@types/http-errors/-/http-errors-2.0.5.tgz. Extracting by manifest.
84 silly tarball no local data for @types/serve-static@https://registry.npmjs.org/@types/serve-static/-/serve-static-2.2.0.tgz. Extracting by manifest.
85 silly tarball no local data for @types/passport@https://registry.npmjs.org/@types/passport/-/passport-1.0.17.tgz. Extracting by manifest.
86 silly tarball no local data for @types/range-parser@https://registry.npmjs.org/@types/range-parser/-/range-parser-1.2.7.tgz. Extracting by manifest.
87 silly tarball no local data for @types/body-parser@https://registry.npmjs.org/@types/body-parser/-/body-parser-1.19.6.tgz. Extracting by manifest.
88 silly tarball no local data for @types/send@https://registry.npmjs.org/@types/send/-/send-1.2.1.tgz. Extracting by manifest.
89 silly tarball no local data for @types/express-serve-static-core@https://registry.npmjs.org/@types/express-serve-static-core/-/express-serve-static-core-5.1.1.tgz. Extracting by manifest.
90 silly tarball no local data for @types/express@https://registry.npmjs.org/@types/express/-/express-5.0.6.tgz. Extracting by manifest.
91 silly tarball no local data for @types/passport-strategy@https://registry.npmjs.org/@types/passport-strategy/-/passport-strategy-0.2.38.tgz. Extracting by manifest.
92 silly tarball no local data for @types/connect@https://registry.npmjs.org/@types/connect/-/connect-3.4.38.tgz. Extracting by manifest.
93 silly tarball no local data for @types/bcrypt@https://registry.npmjs.org/@types/bcrypt/-/bcrypt-6.0.0.tgz. Extracting by manifest.
94 silly tarball no local data for @types/passport-jwt@https://registry.npmjs.org/@types/passport-jwt/-/passport-jwt-4.0.1.tgz. Extracting by manifest.
95 http fetch GET 200 https://registry.npmjs.org/@types/qs/-/qs-6.15.1.tgz 93ms (cache miss)
96 http fetch GET 200 https://registry.npmjs.org/@types/http-errors/-/http-errors-2.0.5.tgz 92ms (cache miss)
97 http fetch GET 200 https://registry.npmjs.org/@types/serve-static/-/serve-static-2.2.0.tgz 92ms (cache miss)
98 http fetch GET 200 https://registry.npmjs.org/@types/passport/-/passport-1.0.17.tgz 106ms (cache miss)
99 http fetch POST 200 https://registry.npmjs.org/-/npm/v1/security/advisories/bulk 217ms
100 silly audit report {
100 silly audit report   '@hono/node-server': [
100 silly audit report     {
100 silly audit report       id: 1116281,
100 silly audit report       url: 'https://github.com/advisories/GHSA-92pp-h63x-v22m',
100 silly audit report       title: '@hono/node-server: Middleware bypass via repeated slashes in serveStatic',
100 silly audit report       severity: 'moderate',
100 silly audit report       vulnerable_versions: '<1.19.13',
100 silly audit report       cwe: [Array],
100 silly audit report       cvss: [Object]
100 silly audit report     }
100 silly audit report   ]
100 silly audit report }
101 silly packumentCache corgi:https://registry.npmjs.org/@hono%2fnode-server cache-miss
102 http fetch GET 200 https://registry.npmjs.org/@hono%2fnode-server 4ms (cache hit)
103 silly packumentCache corgi:https://registry.npmjs.org/@hono%2fnode-server set size:90058 disposed:false
104 silly packumentCache corgi:https://registry.npmjs.org/@prisma%2fdev cache-miss
105 http fetch GET 200 https://registry.npmjs.org/@prisma%2fdev 3ms (cache hit)
106 silly packumentCache corgi:https://registry.npmjs.org/@prisma%2fdev set size:961880 disposed:false
107 silly packumentCache corgi:https://registry.npmjs.org/prisma cache-miss
108 http fetch GET 200 https://registry.npmjs.org/prisma 67ms (cache hit)
109 silly packumentCache corgi:https://registry.npmjs.org/prisma set size:22812788 disposed:false
110 silly packumentCache corgi:https://registry.npmjs.org/@prisma%2fclient cache-miss
111 http fetch GET 200 https://registry.npmjs.org/@types/passport-strategy/-/passport-strategy-0.2.38.tgz 602ms (cache miss)
112 http fetch GET 200 https://registry.npmjs.org/@types/range-parser/-/range-parser-1.2.7.tgz 610ms (cache miss)
113 http fetch GET 200 https://registry.npmjs.org/@types/express-serve-static-core/-/express-serve-static-core-5.1.1.tgz 612ms (cache miss)
114 http fetch GET 200 https://registry.npmjs.org/@types/connect/-/connect-3.4.38.tgz 613ms (cache miss)
115 http fetch GET 200 https://registry.npmjs.org/@types/body-parser/-/body-parser-1.19.6.tgz 615ms (cache miss)
116 http fetch GET 200 https://registry.npmjs.org/@types/bcrypt/-/bcrypt-6.0.0.tgz 614ms (cache miss)
117 http fetch GET 200 https://registry.npmjs.org/@types/send/-/send-1.2.1.tgz 617ms (cache miss)
118 http fetch GET 200 https://registry.npmjs.org/@types/passport-jwt/-/passport-jwt-4.0.1.tgz 614ms (cache miss)
119 http fetch GET 200 https://registry.npmjs.org/@types/express/-/express-5.0.6.tgz 617ms (cache miss)
120 http fetch GET 200 https://registry.npmjs.org/@prisma%2fclient 196ms (cache hit)
121 silly packumentCache corgi:https://registry.npmjs.org/@prisma%2fclient set size:37806480 disposed:false
122 silly ADD node_modules/@types/http-errors
123 silly ADD node_modules/@types/send
124 silly ADD node_modules/@types/range-parser
125 silly ADD node_modules/@types/qs
126 silly ADD node_modules/@types/connect
127 silly ADD node_modules/@types/serve-static
128 silly ADD node_modules/@types/express-serve-static-core
129 silly ADD node_modules/@types/body-parser
130 silly ADD node_modules/@types/passport
131 silly ADD node_modules/@types/express
132 silly ADD node_modules/@types/passport-strategy
133 silly ADD node_modules/@types/passport-jwt
134 silly ADD node_modules/@types/bcrypt
135 verbose cwd /Users/abc/Documents/projectCV/Amanotes/backend
136 verbose os Darwin 24.6.0
137 verbose node v20.19.0
138 verbose npm  v10.8.2
139 verbose exit 0
140 info ok
