0 verbose cli /Users/abc/.nvm/versions/node/v20.19.0/bin/node /Users/abc/.nvm/versions/node/v20.19.0/bin/npm
1 info using npm@10.8.2
2 info using node@v20.19.0
3 silly config load:file:/Users/abc/.nvm/versions/node/v20.19.0/lib/node_modules/npm/npmrc
4 silly config load:file:/Users/abc/Documents/projectCV/Amanotes/backend/.npmrc
5 silly config load:file:/Users/abc/.npmrc
6 silly config load:file:/Users/abc/.nvm/versions/node/v20.19.0/etc/npmrc
7 verbose title npm install @nestjs/swagger swagger-ui-express
8 verbose argv "install" "--cache" "/Users/abc/Documents/projectCV/Amanotes/backend/.npm-cache" "@nestjs/swagger" "swagger-ui-express"
9 verbose logfile logs-max:10 dir:/Users/abc/Documents/projectCV/Amanotes/backend/.npm-cache/_logs/2026-05-21T02_35_28_325Z-
10 verbose logfile /Users/abc/Documents/projectCV/Amanotes/backend/.npm-cache/_logs/2026-05-21T02_35_28_325Z-debug-0.log
11 silly packumentCache heap:4345298944 maxSize:1086324736 maxEntrySize:543162368
12 silly logfile done cleaning log files
13 silly idealTree buildDeps
14 silly fetch manifest @nestjs/swagger@*
15 silly packumentCache full:https://registry.npmjs.org/@nestjs%2fswagger cache-miss
16 http fetch GET 200 https://registry.npmjs.org/@nestjs%2fswagger 371ms (cache miss)
17 silly packumentCache full:https://registry.npmjs.org/@nestjs%2fswagger set size:undefined disposed:false
18 silly fetch manifest @fastify/static@^8.0.0 || ^9.0.0
19 silly packumentCache full:https://registry.npmjs.org/@fastify%2fstatic cache-miss
20 http fetch GET 200 https://registry.npmjs.org/@fastify%2fstatic 88ms (cache miss)
21 silly packumentCache full:https://registry.npmjs.org/@fastify%2fstatic set size:undefined disposed:false
22 silly fetch manifest @nestjs/common@^11.1.21
23 silly packumentCache full:https://registry.npmjs.org/@nestjs%2fcommon cache-miss
24 http fetch GET 200 https://registry.npmjs.org/@nestjs%2fcommon 82ms (cache revalidated)
25 silly packumentCache full:https://registry.npmjs.org/@nestjs%2fcommon set size:904948 disposed:false
26 silly fetch manifest class-transformer@^0.5.1
27 silly packumentCache full:https://registry.npmjs.org/class-transformer cache-miss
28 http fetch GET 200 https://registry.npmjs.org/class-transformer 64ms (cache revalidated)
29 silly packumentCache full:https://registry.npmjs.org/class-transformer set size:106571 disposed:false
30 silly fetch manifest class-validator@^0.15.1
31 silly packumentCache full:https://registry.npmjs.org/class-validator cache-miss
32 http fetch GET 200 https://registry.npmjs.org/class-validator 67ms (cache revalidated)
33 silly packumentCache full:https://registry.npmjs.org/class-validator set size:223768 disposed:false
34 silly fetch manifest reflect-metadata@^0.2.2
35 silly packumentCache full:https://registry.npmjs.org/reflect-metadata cache-miss
36 http fetch GET 200 https://registry.npmjs.org/reflect-metadata 65ms (cache revalidated)
37 silly packumentCache full:https://registry.npmjs.org/reflect-metadata set size:61305 disposed:false
38 silly fetch manifest rxjs@^7.8.2
39 silly packumentCache full:https://registry.npmjs.org/rxjs cache-miss
40 http fetch GET 200 https://registry.npmjs.org/rxjs 73ms (cache revalidated)
41 silly packumentCache full:https://registry.npmjs.org/rxjs set size:980097 disposed:false
42 silly fetch manifest @nestjs/core@^11.1.21
43 silly packumentCache full:https://registry.npmjs.org/@nestjs%2fcore cache-miss
44 http fetch GET 200 https://registry.npmjs.org/@nestjs%2fcore 168ms (cache miss)
45 silly packumentCache full:https://registry.npmjs.org/@nestjs%2fcore set size:undefined disposed:false
46 silly fetch manifest @nestjs/microservices@^11.0.0
47 silly packumentCache full:https://registry.npmjs.org/@nestjs%2fmicroservices cache-miss
48 http fetch GET 200 https://registry.npmjs.org/@nestjs%2fmicroservices 125ms (cache miss)
49 silly packumentCache full:https://registry.npmjs.org/@nestjs%2fmicroservices set size:undefined disposed:false
50 silly fetch manifest @grpc/grpc-js@*
51 silly packumentCache full:https://registry.npmjs.org/@grpc%2fgrpc-js cache-miss
52 http fetch GET 200 https://registry.npmjs.org/@grpc%2fgrpc-js 102ms (cache miss)
53 silly packumentCache full:https://registry.npmjs.org/@grpc%2fgrpc-js set size:undefined disposed:false
54 silly fetch manifest @nestjs/websockets@^11.0.0
55 silly packumentCache full:https://registry.npmjs.org/@nestjs%2fwebsockets cache-miss
56 http fetch GET 200 https://registry.npmjs.org/@nestjs%2fwebsockets 124ms (cache miss)
57 silly packumentCache full:https://registry.npmjs.org/@nestjs%2fwebsockets set size:undefined disposed:false
58 silly fetch manifest @nestjs/platform-socket.io@^11.0.0
59 silly packumentCache full:https://registry.npmjs.org/@nestjs%2fplatform-socket.io cache-miss
60 http fetch GET 200 https://registry.npmjs.org/@nestjs%2fplatform-socket.io 112ms (cache miss)
61 silly packumentCache full:https://registry.npmjs.org/@nestjs%2fplatform-socket.io set size:undefined disposed:false
62 silly fetch manifest amqp-connection-manager@*
63 silly packumentCache full:https://registry.npmjs.org/amqp-connection-manager cache-miss
64 http fetch GET 200 https://registry.npmjs.org/amqp-connection-manager 74ms (cache miss)
65 silly packumentCache full:https://registry.npmjs.org/amqp-connection-manager set size:undefined disposed:false
66 silly fetch manifest amqplib@*
67 silly packumentCache full:https://registry.npmjs.org/amqplib cache-miss
68 http fetch GET 200 https://registry.npmjs.org/amqplib 75ms (cache miss)
69 silly packumentCache full:https://registry.npmjs.org/amqplib set size:undefined disposed:false
70 silly fetch manifest cache-manager@*
71 silly packumentCache full:https://registry.npmjs.org/cache-manager cache-miss
72 http fetch GET 200 https://registry.npmjs.org/cache-manager 75ms (cache miss)
73 silly packumentCache full:https://registry.npmjs.org/cache-manager set size:undefined disposed:false
74 silly fetch manifest ioredis@*
75 silly packumentCache full:https://registry.npmjs.org/ioredis cache-miss
76 http fetch GET 200 https://registry.npmjs.org/ioredis 93ms (cache miss)
77 silly packumentCache full:https://registry.npmjs.org/ioredis set size:undefined disposed:false
78 silly fetch manifest kafkajs@*
79 silly packumentCache full:https://registry.npmjs.org/kafkajs cache-miss
80 http fetch GET 200 https://registry.npmjs.org/kafkajs 116ms (cache miss)
81 silly packumentCache full:https://registry.npmjs.org/kafkajs set size:undefined disposed:false
82 silly fetch manifest mqtt@*
83 silly packumentCache full:https://registry.npmjs.org/mqtt cache-miss
84 http fetch GET 200 https://registry.npmjs.org/mqtt 78ms (cache miss)
85 silly packumentCache full:https://registry.npmjs.org/mqtt set size:undefined disposed:false
86 silly fetch manifest nats@*
87 silly packumentCache full:https://registry.npmjs.org/nats cache-miss
88 http fetch GET 200 https://registry.npmjs.org/nats 84ms (cache miss)
89 silly packumentCache full:https://registry.npmjs.org/nats set size:undefined disposed:false
90 silly fetch manifest @nestjs/platform-express@^11.1.21
91 silly packumentCache full:https://registry.npmjs.org/@nestjs%2fplatform-express cache-miss
92 http fetch GET 200 https://registry.npmjs.org/@nestjs%2fplatform-express 105ms (cache miss)
93 silly packumentCache full:https://registry.npmjs.org/@nestjs%2fplatform-express set size:undefined disposed:false
94 silly fetch manifest swagger-ui-express@*
95 silly packumentCache full:https://registry.npmjs.org/swagger-ui-express cache-miss
96 http fetch GET 200 https://registry.npmjs.org/swagger-ui-express 69ms (cache miss)
97 silly packumentCache full:https://registry.npmjs.org/swagger-ui-express set size:undefined disposed:false
98 silly fetch manifest express@>=4.0.0 || >=5.0.0-beta
99 silly packumentCache full:https://registry.npmjs.org/express cache-miss
100 http fetch GET 200 https://registry.npmjs.org/express 88ms (cache miss)
101 silly packumentCache full:https://registry.npmjs.org/express set size:undefined disposed:false
102 silly placeDep ROOT @nestjs/swagger@11.4.3 OK for: backend@1.0.0 want: *
103 silly placeDep ROOT swagger-ui-express@5.0.1 OK for: backend@1.0.0 want: *
104 silly fetch manifest @microsoft/tsdoc@0.16.0
105 silly packumentCache full:https://registry.npmjs.org/@microsoft%2ftsdoc cache-miss
106 silly fetch manifest @nestjs/mapped-types@2.1.1
107 silly packumentCache full:https://registry.npmjs.org/@nestjs%2fmapped-types cache-miss
108 silly fetch manifest swagger-ui-dist@5.32.6
109 silly packumentCache full:https://registry.npmjs.org/swagger-ui-dist cache-miss
110 silly fetch manifest swagger-ui-dist@>=5.0.0
111 silly packumentCache full:https://registry.npmjs.org/swagger-ui-dist cache-miss
112 http fetch GET 200 https://registry.npmjs.org/@microsoft%2ftsdoc 89ms (cache miss)
113 silly packumentCache full:https://registry.npmjs.org/@microsoft%2ftsdoc set size:undefined disposed:false
114 http fetch GET 200 https://registry.npmjs.org/@nestjs%2fmapped-types 258ms (cache miss)
115 silly packumentCache full:https://registry.npmjs.org/@nestjs%2fmapped-types set size:undefined disposed:false
116 http fetch GET 200 https://registry.npmjs.org/swagger-ui-dist 295ms (cache miss)
117 silly packumentCache full:https://registry.npmjs.org/swagger-ui-dist set size:undefined disposed:false
118 http fetch GET 200 https://registry.npmjs.org/swagger-ui-dist 328ms (cache miss)
119 silly packumentCache full:https://registry.npmjs.org/swagger-ui-dist set size:undefined disposed:false
120 silly fetch manifest @nestjs/common@^11.0.1
121 silly packumentCache full:https://registry.npmjs.org/@nestjs%2fcommon cache-hit
122 silly fetch manifest class-transformer@*
123 silly packumentCache full:https://registry.npmjs.org/class-transformer cache-hit
124 silly fetch manifest class-validator@*
125 silly packumentCache full:https://registry.npmjs.org/class-validator cache-hit
126 silly fetch manifest reflect-metadata@^0.1.12 || ^0.2.0
127 silly packumentCache full:https://registry.npmjs.org/reflect-metadata cache-hit
128 silly fetch manifest rxjs@^7.1.0
129 silly packumentCache full:https://registry.npmjs.org/rxjs cache-hit
130 silly placeDep ROOT @microsoft/tsdoc@0.16.0 OK for: @nestjs/swagger@11.4.3 want: 0.16.0
131 silly placeDep ROOT @nestjs/mapped-types@2.1.1 OK for: @nestjs/swagger@11.4.3 want: 2.1.1
132 silly placeDep ROOT swagger-ui-dist@5.32.6 OK for: @nestjs/swagger@11.4.3 want: 5.32.6
133 silly fetch manifest @scarf/scarf@=1.4.0
134 silly packumentCache full:https://registry.npmjs.org/@scarf%2fscarf cache-miss
135 http fetch GET 200 https://registry.npmjs.org/@scarf%2fscarf 83ms (cache miss)
136 silly packumentCache full:https://registry.npmjs.org/@scarf%2fscarf set size:undefined disposed:false
137 silly placeDep ROOT @scarf/scarf@1.4.0 OK for: swagger-ui-dist@5.32.6 want: =1.4.0
138 warn EBADENGINE Unsupported engine {
138 warn EBADENGINE   package: '@prisma/streams-local@0.1.2',
138 warn EBADENGINE   required: { bun: '>=1.3.6', node: '>=22.0.0' },
138 warn EBADENGINE   current: { node: 'v20.19.0', npm: '10.8.2' }
138 warn EBADENGINE }
139 silly reify moves {}
140 silly audit bulk request {
140 silly audit   '@angular-devkit/core': [ '19.2.24' ],
140 silly audit   rxjs: [ '7.8.1', '7.8.2' ],
140 silly audit   '@angular-devkit/schematics': [ '19.2.24' ],
140 silly audit   '@angular-devkit/schematics-cli': [ '19.2.24' ],
140 silly audit   '@inquirer/prompts': [ '7.3.2', '7.10.1' ],
140 silly audit   '@babel/code-frame': [ '7.29.0' ],
140 silly audit   '@babel/helper-validator-identifier': [ '7.28.5' ],
140 silly audit   '@borewit/text-codec': [ '0.2.2' ],
140 silly audit   '@colors/colors': [ '1.5.0' ],
140 silly audit   '@cspotcode/source-map-support': [ '0.8.1' ],
140 silly audit   '@electric-sql/pglite': [ '0.4.1' ],
140 silly audit   '@electric-sql/pglite-socket': [ '0.1.1' ],
140 silly audit   '@electric-sql/pglite-tools': [ '0.3.1' ],
140 silly audit   '@hono/node-server': [ '1.19.11' ],
140 silly audit   '@inquirer/ansi': [ '1.0.2' ],
140 silly audit   '@inquirer/checkbox': [ '4.3.2' ],
140 silly audit   '@inquirer/confirm': [ '5.1.21' ],
140 silly audit   '@inquirer/core': [ '10.3.2' ],
140 silly audit   '@inquirer/editor': [ '4.2.23' ],
140 silly audit   '@inquirer/expand': [ '4.0.23' ],
140 silly audit   '@inquirer/external-editor': [ '1.0.3' ],
140 silly audit   '@inquirer/figures': [ '1.0.15' ],
140 silly audit   '@inquirer/input': [ '4.3.1' ],
140 silly audit   '@inquirer/number': [ '3.0.23' ],
140 silly audit   '@inquirer/password': [ '4.0.23' ],
140 silly audit   '@inquirer/rawlist': [ '4.1.11' ],
140 silly audit   '@inquirer/search': [ '3.2.2' ],
140 silly audit   '@inquirer/select': [ '4.4.2' ],
140 silly audit   '@inquirer/type': [ '3.0.10' ],
140 silly audit   '@jridgewell/gen-mapping': [ '0.3.13' ],
140 silly audit   '@jridgewell/trace-mapping': [ '0.3.31', '0.3.9' ],
140 silly audit   '@jridgewell/resolve-uri': [ '3.1.2' ],
140 silly audit   '@jridgewell/source-map': [ '0.3.11' ],
140 silly audit   '@jridgewell/sourcemap-codec': [ '1.5.5' ],
140 silly audit   '@kurkle/color': [ '0.3.4' ],
140 silly audit   '@lukeed/csprng': [ '1.1.0' ],
140 silly audit   '@nestjs/cli': [ '11.0.21' ],
140 silly audit   typescript: [ '5.9.3', '6.0.3' ],
140 silly audit   '@nestjs/common': [ '11.1.21' ],
140 silly audit   '@nestjs/core': [ '11.1.21' ],
140 silly audit   '@nestjs/jwt': [ '11.0.2' ],
140 silly audit   '@nestjs/passport': [ '11.0.5' ],
140 silly audit   '@nestjs/platform-express': [ '11.1.21' ],
140 silly audit   '@nestjs/schematics': [ '11.1.0' ],
140 silly audit   '@nuxt/opencollective': [ '0.4.1' ],
140 silly audit   '@prisma/adapter-pg': [ '7.8.0' ],
140 silly audit   '@prisma/client': [ '7.8.0' ],
140 silly audit   '@prisma/client-runtime-utils': [ '7.8.0' ],
140 silly audit   '@prisma/config': [ '7.8.0' ],
140 silly audit   '@prisma/debug': [ '7.8.0', '7.2.0' ],
140 silly audit   '@prisma/dev': [ '0.24.3' ],
140 silly audit   '@prisma/driver-adapter-utils': [ '7.8.0' ],
140 silly audit   '@prisma/engines': [ '7.8.0' ],
140 silly audit   '@prisma/engines-version': [ '7.8.0-6.3c6e192761c0362d496ed980de936e2f3cebcd3a' ],
140 silly audit   '@prisma/get-platform': [ '7.8.0', '7.2.0' ],
140 silly audit   '@prisma/fetch-engine': [ '7.8.0' ],
140 silly audit   '@prisma/query-plan-executor': [ '7.2.0' ],
140 silly audit   '@prisma/streams-local': [ '0.1.2' ],
140 silly audit   '@prisma/studio-core': [ '0.27.3' ],
140 silly audit   '@radix-ui/primitive': [ '1.1.3' ],
140 silly audit   '@radix-ui/react-compose-refs': [ '1.1.2' ],
140 silly audit   '@radix-ui/react-primitive': [ '2.1.3' ],
140 silly audit   '@radix-ui/react-slot': [ '1.2.3' ],
140 silly audit   '@radix-ui/react-toggle': [ '1.1.10' ],
140 silly audit   '@radix-ui/react-use-controllable-state': [ '1.2.2' ],
140 silly audit   '@radix-ui/react-use-effect-event': [ '0.0.2' ],
140 silly audit   '@radix-ui/react-use-layout-effect': [ '1.1.1' ],
140 silly audit   '@standard-schema/spec': [ '1.1.0' ],
140 silly audit   '@tokenizer/inflate': [ '0.4.1' ],
140 silly audit   '@tokenizer/token': [ '0.3.0' ],
140 silly audit   '@tsconfig/node10': [ '1.0.12' ],
140 silly audit   '@tsconfig/node12': [ '1.0.11' ],
140 silly audit   '@tsconfig/node14': [ '1.0.3' ],
140 silly audit   '@tsconfig/node16': [ '1.0.4' ],
140 silly audit   '@types/bcrypt': [ '6.0.0' ],
140 silly audit   '@types/body-parser': [ '1.19.6' ],
140 silly audit   '@types/connect': [ '3.4.38' ],
140 silly audit   '@types/eslint': [ '9.6.1' ],
140 silly audit   '@types/eslint-scope': [ '3.7.7' ],
140 silly audit   '@types/estree': [ '1.0.9' ],
140 silly audit   '@types/express': [ '5.0.6' ],
140 silly audit   '@types/express-serve-static-core': [ '5.1.1' ],
140 silly audit   '@types/http-errors': [ '2.0.5' ],
140 silly audit   '@types/json-schema': [ '7.0.15' ],
140 silly audit   '@types/jsonwebtoken': [ '9.0.10' ],
140 silly audit   '@types/ms': [ '2.1.0' ],
140 silly audit   '@types/node': [ '25.9.1' ],
140 silly audit   '@types/passport': [ '1.0.17' ],
140 silly audit   '@types/passport-jwt': [ '4.0.1' ],
140 silly audit   '@types/passport-strategy': [ '0.2.38' ],
140 silly audit   '@types/pg': [ '8.20.0' ],
140 silly audit   '@types/qs': [ '6.15.1' ],
140 silly audit   '@types/range-parser': [ '1.2.7' ],
140 silly audit   '@types/react': [ '19.2.15' ],
140 silly audit   '@types/send': [ '1.2.1' ],
140 silly audit   '@types/serve-static': [ '2.2.0' ],
140 silly audit   '@types/validator': [ '13.15.10' ],
140 silly audit   '@webassemblyjs/ast': [ '1.14.1' ],
140 silly audit   '@webassemblyjs/floating-point-hex-parser': [ '1.13.2' ],
140 silly audit   '@webassemblyjs/helper-api-error': [ '1.13.2' ],
140 silly audit   '@webassemblyjs/helper-buffer': [ '1.14.1' ],
140 silly audit   '@webassemblyjs/helper-numbers': [ '1.13.2' ],
140 silly audit   '@webassemblyjs/helper-wasm-bytecode': [ '1.13.2' ],
140 silly audit   '@webassemblyjs/helper-wasm-section': [ '1.14.1' ],
140 silly audit   '@webassemblyjs/ieee754': [ '1.13.2' ],
140 silly audit   '@webassemblyjs/leb128': [ '1.13.2' ],
140 silly audit   '@webassemblyjs/utf8': [ '1.13.2' ],
140 silly audit   '@webassemblyjs/wasm-edit': [ '1.14.1' ],
140 silly audit   '@webassemblyjs/wasm-gen': [ '1.14.1' ],
140 silly audit   '@webassemblyjs/wasm-opt': [ '1.14.1' ],
140 silly audit   '@webassemblyjs/wasm-parser': [ '1.14.1' ],
140 silly audit   '@webassemblyjs/wast-printer': [ '1.14.1' ],
140 silly audit   '@xtuc/ieee754': [ '1.2.0' ],
140 silly audit   '@xtuc/long': [ '4.2.2' ],
140 silly audit   accepts: [ '2.0.0' ],
140 silly audit   acorn: [ '8.16.0' ],
140 silly audit   'acorn-import-phases': [ '1.0.4' ],
140 silly audit   'acorn-walk': [ '8.3.5' ],
140 silly audit   ajv: [ '8.18.0', '6.15.0' ],
140 silly audit   'ajv-formats': [ '3.0.1', '2.1.1' ],
140 silly audit   'ajv-keywords': [ '5.1.0', '3.5.2' ],
140 silly audit   'ansi-colors': [ '4.1.3' ],
140 silly audit   'ansi-regex': [ '5.0.1' ],
140 silly audit   'ansi-styles': [ '4.3.0' ],
140 silly audit   ansis: [ '4.2.0' ],
140 silly audit   'append-field': [ '1.0.0' ],
140 silly audit   arg: [ '4.1.3' ],
140 silly audit   argparse: [ '2.0.1' ],
140 silly audit   'array-timsort': [ '1.0.3' ],
140 silly audit   'aws-ssl-profiles': [ '1.1.2' ],
140 silly audit   'balanced-match': [ '1.0.2', '4.0.4' ],
140 silly audit   'base64-js': [ '1.5.1' ],
140 silly audit   'baseline-browser-mapping': [ '2.10.31' ],
140 silly audit   bcrypt: [ '6.0.0' ],
140 silly audit   'better-result': [ '2.9.2' ],
140 silly audit   bl: [ '4.1.0' ],
140 silly audit   'body-parser': [ '2.2.2' ],
140 silly audit   'brace-expansion': [ '1.1.14', '5.0.6' ],
140 silly audit   browserslist: [ '4.28.2' ],
140 silly audit   buffer: [ '5.7.1' ],
140 silly audit   'buffer-equal-constant-time': [ '1.0.1' ],
140 silly audit   'buffer-from': [ '1.1.2' ],
140 silly audit   busboy: [ '1.6.0' ],
140 silly audit   bytes: [ '3.1.2' ],
140 silly audit   c12: [ '3.3.4' ],
140 silly audit   chokidar: [ '5.0.0', '4.0.3' ],
140 silly audit   readdirp: [ '5.0.0', '4.1.2' ],
140 silly audit   'call-bind-apply-helpers': [ '1.0.2' ],
140 silly audit   'call-bound': [ '1.0.4' ],
140 silly audit   callsites: [ '3.1.0' ],
140 silly audit   'caniuse-lite': [ '1.0.30001793' ],
140 silly audit   chalk: [ '4.1.2' ],
140 silly audit   chardet: [ '2.1.1' ],
140 silly audit   'chart.js': [ '4.5.1' ],
140 silly audit   'chrome-trace-event': [ '1.0.4' ],
140 silly audit   'class-transformer': [ '0.5.1' ],
140 silly audit   'class-validator': [ '0.15.1' ],
140 silly audit   'cli-cursor': [ '3.1.0' ],
140 silly audit   'cli-spinners': [ '2.9.2' ],
140 silly audit   'cli-table3': [ '0.6.5' ],
140 silly audit   'cli-width': [ '4.1.0' ],
140 silly audit   clone: [ '1.0.4' ],
140 silly audit   'color-convert': [ '2.0.1' ],
140 silly audit   'color-name': [ '1.1.4' ],
140 silly audit   commander: [ '4.1.1', '2.20.3' ],
140 silly audit   'comment-json': [ '5.0.0' ],
140 silly audit   'concat-map': [ '0.0.1' ],
140 silly audit   'concat-stream': [ '2.0.0' ],
140 silly audit   confbox: [ '0.2.4' ],
140 silly audit   consola: [ '3.4.2' ],
140 silly audit   'content-disposition': [ '1.1.0' ],
140 silly audit   'content-type': [ '1.0.5', '2.0.0' ],
140 silly audit   cookie: [ '0.7.2' ],
140 silly audit   'cookie-signature': [ '1.2.2' ],
140 silly audit   cors: [ '2.8.6' ],
140 silly audit   cosmiconfig: [ '8.3.6' ],
140 silly audit   'create-require': [ '1.1.1' ],
140 silly audit   'cross-spawn': [ '7.0.6' ],
140 silly audit   csstype: [ '3.2.3' ],
140 silly audit   debug: [ '4.4.3' ],
140 silly audit   deepmerge: [ '4.3.1' ],
140 silly audit   'deepmerge-ts': [ '7.1.5' ],
140 silly audit   defaults: [ '1.0.4' ],
140 silly audit   defu: [ '6.1.7' ],
140 silly audit   denque: [ '2.1.0' ],
140 silly audit   depd: [ '2.0.0' ],
140 silly audit   destr: [ '2.0.5' ],
140 silly audit   diff: [ '4.0.4' ],
140 silly audit   dotenv: [ '17.4.2' ],
140 silly audit   'dunder-proto': [ '1.0.1' ],
140 silly audit   'ecdsa-sig-formatter': [ '1.0.11' ],
140 silly audit   'ee-first': [ '1.1.1' ],
140 silly audit   effect: [ '3.20.0' ],
140 silly audit   'electron-to-chromium': [ '1.5.360' ],
140 silly audit   'emoji-regex': [ '8.0.0' ],
140 silly audit   empathic: [ '2.0.0' ],
140 silly audit   encodeurl: [ '2.0.0' ],
140 silly audit   'enhanced-resolve': [ '5.21.5' ],
140 silly audit   'env-paths': [ '3.0.0' ],
140 silly audit   'error-ex': [ '1.3.4' ],
140 silly audit   'es-define-property': [ '1.0.1' ],
140 silly audit   'es-errors': [ '1.3.0' ],
140 silly audit   'es-module-lexer': [ '2.1.0' ],
140 silly audit   'es-object-atoms': [ '1.1.1' ],
140 silly audit   escalade: [ '3.2.0' ],
140 silly audit   'escape-html': [ '1.0.3' ],
140 silly audit   'eslint-scope': [ '5.1.1' ],
140 silly audit   esprima: [ '4.0.1' ],
140 silly audit   esrecurse: [ '4.3.0' ],
140 silly audit   estraverse: [ '5.3.0', '4.3.0' ],
140 silly audit   etag: [ '1.8.1' ],
140 silly audit   events: [ '3.3.0' ],
140 silly audit   express: [ '5.2.1' ],
140 silly audit   exsolve: [ '1.0.8' ],
140 silly audit   'fast-check': [ '3.23.2' ],
140 silly audit   'fast-deep-equal': [ '3.1.3' ],
140 silly audit   'fast-json-stable-stringify': [ '2.1.0' ],
140 silly audit   'fast-safe-stringify': [ '2.1.1' ],
140 silly audit   'fast-uri': [ '3.1.2' ],
140 silly audit   'file-type': [ '21.3.4' ],
140 silly audit   finalhandler: [ '2.1.1' ],
140 silly audit   'foreground-child': [ '3.3.1' ],
140 silly audit   'fork-ts-checker-webpack-plugin': [ '9.1.0' ],
140 silly audit   forwarded: [ '0.2.0' ],
140 silly audit   fresh: [ '2.0.0' ],
140 silly audit   'fs-extra': [ '10.1.0' ],
140 silly audit   'fs-monkey': [ '1.1.0' ],
140 silly audit   'function-bind': [ '1.1.2' ],
140 silly audit   'generate-function': [ '2.3.1' ],
140 silly audit   'get-intrinsic': [ '1.3.0' ],
140 silly audit   'get-port-please': [ '3.2.0' ],
140 silly audit   'get-proto': [ '1.0.1' ],
140 silly audit   giget: [ '3.2.0' ],
140 silly audit   glob: [ '13.0.6' ],
140 silly audit   'glob-to-regexp': [ '0.4.1' ],
140 silly audit   minimatch: [ '10.2.5', '3.1.5' ],
140 silly audit   gopd: [ '1.2.0' ],
140 silly audit   'graceful-fs': [ '4.2.11' ],
140 silly audit   grammex: [ '3.1.12' ],
140 silly audit   graphmatch: [ '1.1.1' ],
140 silly audit   'has-flag': [ '4.0.0' ],
140 silly audit   'has-symbols': [ '1.1.0' ],
140 silly audit   hasown: [ '2.0.3' ],
140 silly audit   hono: [ '4.12.21' ],
140 silly audit   'http-errors': [ '2.0.1' ],
140 silly audit   'http-status-codes': [ '2.3.0' ],
140 silly audit   'iconv-lite': [ '0.7.2' ],
140 silly audit   ieee754: [ '1.2.1' ],
140 silly audit   'import-fresh': [ '3.3.1' ],
140 silly audit   inherits: [ '2.0.4' ],
140 silly audit   'ipaddr.js': [ '1.9.1' ],
140 silly audit   'is-arrayish': [ '0.2.1' ],
140 silly audit   'is-fullwidth-code-point': [ '3.0.0' ],
140 silly audit   'is-interactive': [ '1.0.0' ],
140 silly audit   'is-promise': [ '4.0.0' ],
140 silly audit   'is-property': [ '1.0.2' ],
140 silly audit   'is-unicode-supported': [ '0.1.0' ],
140 silly audit   isexe: [ '2.0.0' ],
140 silly audit   iterare: [ '1.2.1' ],
140 silly audit   'jest-worker': [ '27.5.1' ],
140 silly audit   'supports-color': [ '8.1.1', '7.2.0' ],
140 silly audit   jiti: [ '2.7.0' ],
140 silly audit   'js-tokens': [ '4.0.0' ],
140 silly audit   'js-yaml': [ '4.1.1' ],
140 silly audit   'json-parse-even-better-errors': [ '2.3.1' ],
140 silly audit   'json-schema-traverse': [ '1.0.0', '0.4.1' ],
140 silly audit   json5: [ '2.2.3' ],
140 silly audit   'jsonc-parser': [ '3.3.1' ],
140 silly audit   jsonfile: [ '6.2.1' ],
140 silly audit   jsonwebtoken: [ '9.0.3' ],
140 silly audit   jwa: [ '2.0.1' ],
140 silly audit   jws: [ '4.0.1' ],
140 silly audit   'libphonenumber-js': [ '1.13.2' ],
140 silly audit   'lines-and-columns': [ '1.2.4' ],
140 silly audit   'load-esm': [ '1.0.3' ],
140 silly audit   'loader-runner': [ '4.3.2' ],
140 silly audit   lodash: [ '4.18.1' ],
140 silly audit   'lodash.includes': [ '4.3.0' ],
140 silly audit   'lodash.isboolean': [ '3.0.3' ],
140 silly audit   'lodash.isinteger': [ '4.0.4' ],
140 silly audit   'lodash.isnumber': [ '3.0.3' ],
140 silly audit   'lodash.isplainobject': [ '4.0.6' ],
140 silly audit   'lodash.isstring': [ '4.0.1' ],
140 silly audit   'lodash.once': [ '4.1.1' ],
140 silly audit   'log-symbols': [ '4.1.0' ],
140 silly audit   long: [ '5.3.2' ],
140 silly audit   'lru-cache': [ '11.5.0' ],
140 silly audit   'lru.min': [ '1.1.4' ],
140 silly audit   'magic-string': [ '0.30.17' ],
140 silly audit   'make-error': [ '1.3.6' ],
140 silly audit   'math-intrinsics': [ '1.1.0' ],
140 silly audit   'media-typer': [ '1.1.0', '0.3.0' ],
140 silly audit   memfs: [ '3.5.3' ],
140 silly audit   'merge-descriptors': [ '2.0.0' ],
140 silly audit   'merge-stream': [ '2.0.0' ],
140 silly audit   'mime-db': [ '1.54.0', '1.52.0' ],
140 silly audit   'mime-types': [ '3.0.2', '2.1.35' ],
140 silly audit   'mimic-fn': [ '2.1.0' ],
140 silly audit   minimist: [ '1.2.8' ],
140 silly audit   minipass: [ '7.1.3' ],
140 silly audit   ms: [ '2.1.3' ],
140 silly audit   multer: [ '2.1.1' ],
140 silly audit   'type-is': [ '1.6.18', '2.1.0' ],
140 silly audit   'mute-stream': [ '2.0.0' ],
140 silly audit   mysql2: [ '3.15.3' ],
140 silly audit   'named-placeholders': [ '1.1.6' ],
140 silly audit   negotiator: [ '1.0.0' ],
140 silly audit   'neo-async': [ '2.6.2' ],
140 silly audit   'node-abort-controller': [ '3.1.1' ],
140 silly audit   'node-addon-api': [ '8.7.0' ],
140 silly audit   'node-emoji': [ '1.11.0' ],
140 silly audit   'node-gyp-build': [ '4.8.4' ],
140 silly audit   'node-releases': [ '2.0.44' ],
140 silly audit   'object-assign': [ '4.1.1' ],
140 silly audit   'object-inspect': [ '1.13.4' ],
140 silly audit   ohash: [ '2.0.11' ],
140 silly audit   'on-finished': [ '2.4.1' ],
140 silly audit   once: [ '1.4.0' ],
140 silly audit   onetime: [ '5.1.2' ],
140 silly audit   ora: [ '5.4.1' ],
140 silly audit   'parent-module': [ '1.0.1' ],
140 silly audit   'parse-json': [ '5.2.0' ],
140 silly audit   parseurl: [ '1.3.3' ],
140 silly audit   passport: [ '0.7.0' ],
140 silly audit   'passport-jwt': [ '4.0.1' ],
140 silly audit   'passport-strategy': [ '1.0.0' ],
140 silly audit   'path-key': [ '3.1.1' ],
140 silly audit   'path-scurry': [ '2.0.2' ],
140 silly audit   'path-to-regexp': [ '8.4.2' ],
140 silly audit   'path-type': [ '4.0.0' ],
140 silly audit   pathe: [ '2.0.3' ],
140 silly audit   pause: [ '0.0.1' ],
140 silly audit   'perfect-debounce': [ '2.1.0' ],
140 silly audit   pg: [ '8.21.0' ],
140 silly audit   'pg-cloudflare': [ '1.4.0' ],
140 silly audit   'pg-connection-string': [ '2.13.0' ],
140 silly audit   'pg-int8': [ '1.0.1' ],
140 silly audit   'pg-pool': [ '3.14.0' ],
140 silly audit   'pg-protocol': [ '1.14.0' ],
140 silly audit   'pg-types': [ '2.2.0' ],
140 silly audit   'postgres-array': [ '2.0.0', '3.0.4' ],
140 silly audit   pgpass: [ '1.0.5' ],
140 silly audit   picocolors: [ '1.1.1' ],
140 silly audit   picomatch: [ '4.0.4' ],
140 silly audit   'pkg-types': [ '2.3.1' ],
140 silly audit   pluralize: [ '8.0.0' ],
140 silly audit   postgres: [ '3.4.7' ],
140 silly audit   'postgres-bytea': [ '1.0.1' ],
140 silly audit   'postgres-date': [ '1.0.7' ],
140 silly audit   'postgres-interval': [ '1.2.0' ],
140 silly audit   prisma: [ '7.8.0' ],
140 silly audit   'proper-lockfile': [ '4.1.2' ],
140 silly audit   'signal-exit': [ '3.0.7', '4.1.0' ],
140 silly audit   'proxy-addr': [ '2.0.7' ],
140 silly audit   punycode: [ '2.3.1' ],
140 silly audit   'pure-rand': [ '6.1.0' ],
140 silly audit   qs: [ '6.15.2' ],
140 silly audit   'range-parser': [ '1.2.1' ],
140 silly audit   'raw-body': [ '3.0.2' ],
140 silly audit   rc9: [ '3.0.1' ],
140 silly audit   react: [ '19.2.6' ],
140 silly audit   'react-dom': [ '19.2.6' ],
140 silly audit   'readable-stream': [ '3.6.2' ],
140 silly audit   'reflect-metadata': [ '0.2.2' ],
140 silly audit   remeda: [ '2.33.4' ],
140 silly audit   'require-from-string': [ '2.0.2' ],
140 silly audit   'resolve-from': [ '4.0.0' ],
140 silly audit   'restore-cursor': [ '3.1.0' ],
140 silly audit   retry: [ '0.12.0' ],
140 silly audit   router: [ '2.2.0' ],
140 silly audit   'safe-buffer': [ '5.2.1' ],
140 silly audit   'safer-buffer': [ '2.1.2' ],
140 silly audit   scheduler: [ '0.27.0' ],
140 silly audit   'schema-utils': [ '3.3.0', '4.3.3' ],
140 silly audit   semver: [ '7.8.0' ],
140 silly audit   send: [ '1.2.1' ],
140 silly audit   'seq-queue': [ '0.0.5' ],
140 silly audit   'serve-static': [ '2.2.1' ],
140 silly audit   setprototypeof: [ '1.2.0' ],
140 silly audit   'shebang-command': [ '2.0.0' ],
140 silly audit   'shebang-regex': [ '3.0.0' ],
140 silly audit   'side-channel': [ '1.1.0' ],
140 silly audit   'side-channel-list': [ '1.0.1' ],
140 silly audit   'side-channel-map': [ '1.0.1' ],
140 silly audit   'side-channel-weakmap': [ '1.0.2' ],
140 silly audit   'source-map': [ '0.7.4', '0.6.1' ],
140 silly audit   'source-map-support': [ '0.5.21' ],
140 silly audit   split2: [ '4.2.0' ],
140 silly audit   sqlstring: [ '2.3.3' ],
140 silly audit   statuses: [ '2.0.2' ],
140 silly audit   'std-env': [ '3.10.0' ],
140 silly audit   streamsearch: [ '1.1.0' ],
140 silly audit   string_decoder: [ '1.3.0' ],
140 silly audit   'string-width': [ '4.2.3' ],
140 silly audit   'strip-ansi': [ '6.0.1' ],
140 silly audit   'strip-bom': [ '3.0.0' ],
140 silly audit   strtok3: [ '10.3.5' ],
140 silly audit   'symbol-observable': [ '4.0.0' ],
140 silly audit   tapable: [ '2.3.3' ],
140 silly audit   terser: [ '5.47.1' ],
140 silly audit   'terser-webpack-plugin': [ '5.6.0' ],
140 silly audit   toidentifier: [ '1.0.1' ],
140 silly audit   'token-types': [ '6.1.2' ],
140 silly audit   'ts-node': [ '10.9.2' ],
140 silly audit   'tsconfig-paths': [ '4.2.0' ],
140 silly audit   'tsconfig-paths-webpack-plugin': [ '4.2.0' ],
140 silly audit   tslib: [ '2.8.1' ],
140 silly audit   typedarray: [ '0.0.6' ],
140 silly audit   uid: [ '2.0.2' ],
140 silly audit   'uint8array-extras': [ '1.5.0' ],
140 silly audit   'undici-types': [ '7.24.6' ],
140 silly audit   universalify: [ '2.0.1' ],
140 silly audit   unpipe: [ '1.0.0' ],
140 silly audit   'update-browserslist-db': [ '1.2.3' ],
140 silly audit   'uri-js': [ '4.4.1' ],
140 silly audit   'util-deprecate': [ '1.0.2' ],
140 silly audit   'utils-merge': [ '1.0.1' ],
140 silly audit   'v8-compile-cache-lib': [ '3.0.1' ],
140 silly audit   valibot: [ '1.2.0' ],
140 silly audit   validator: [ '13.15.35' ],
140 silly audit   vary: [ '1.1.2' ],
140 silly audit   watchpack: [ '2.5.1' ],
140 silly audit   wcwidth: [ '1.0.1' ],
140 silly audit   webpack: [ '5.106.0' ],
140 silly audit   'webpack-node-externals': [ '3.0.0' ],
140 silly audit   'webpack-sources': [ '3.4.1' ],
140 silly audit   which: [ '2.0.2' ],
140 silly audit   'wrap-ansi': [ '6.2.0' ],
140 silly audit   wrappy: [ '1.0.2' ],
140 silly audit   xtend: [ '4.0.2' ],
140 silly audit   'yargs-parser': [ '21.1.1' ],
140 silly audit   yn: [ '3.1.1' ],
140 silly audit   'yoctocolors-cjs': [ '2.1.3' ],
140 silly audit   zeptomatch: [ '2.1.0' ],
140 silly audit   '@nestjs/swagger': [ '11.4.3' ],
140 silly audit   'swagger-ui-express': [ '5.0.1' ],
140 silly audit   '@microsoft/tsdoc': [ '0.16.0' ],
140 silly audit   '@nestjs/mapped-types': [ '2.1.1' ],
140 silly audit   'swagger-ui-dist': [ '5.32.6' ],
140 silly audit   '@scarf/scarf': [ '1.4.0' ]
140 silly audit }
141 silly tarball no local data for @scarf/scarf@https://registry.npmjs.org/@scarf/scarf/-/scarf-1.4.0.tgz. Extracting by manifest.
142 silly tarball no local data for @nestjs/mapped-types@https://registry.npmjs.org/@nestjs/mapped-types/-/mapped-types-2.1.1.tgz. Extracting by manifest.
143 silly tarball no local data for swagger-ui-dist@https://registry.npmjs.org/swagger-ui-dist/-/swagger-ui-dist-5.32.6.tgz. Extracting by manifest.
144 silly tarball no local data for swagger-ui-express@https://registry.npmjs.org/swagger-ui-express/-/swagger-ui-express-5.0.1.tgz. Extracting by manifest.
145 silly tarball no local data for @nestjs/swagger@https://registry.npmjs.org/@nestjs/swagger/-/swagger-11.4.3.tgz. Extracting by manifest.
146 silly tarball no local data for @microsoft/tsdoc@https://registry.npmjs.org/@microsoft/tsdoc/-/tsdoc-0.16.0.tgz. Extracting by manifest.
147 http fetch GET 200 https://registry.npmjs.org/@scarf/scarf/-/scarf-1.4.0.tgz 88ms (cache miss)
148 http fetch GET 200 https://registry.npmjs.org/@nestjs/mapped-types/-/mapped-types-2.1.1.tgz 90ms (cache miss)
149 http fetch POST 200 https://registry.npmjs.org/-/npm/v1/security/advisories/bulk 224ms
150 silly audit report {
150 silly audit report   '@hono/node-server': [
150 silly audit report     {
150 silly audit report       id: 1116281,
150 silly audit report       url: 'https://github.com/advisories/GHSA-92pp-h63x-v22m',
150 silly audit report       title: '@hono/node-server: Middleware bypass via repeated slashes in serveStatic',
150 silly audit report       severity: 'moderate',
150 silly audit report       vulnerable_versions: '<1.19.13',
150 silly audit report       cwe: [Array],
150 silly audit report       cvss: [Object]
150 silly audit report     }
150 silly audit report   ]
150 silly audit report }
151 silly packumentCache corgi:https://registry.npmjs.org/@hono%2fnode-server cache-miss
152 http fetch GET 200 https://registry.npmjs.org/swagger-ui-dist/-/swagger-ui-dist-5.32.6.tgz 219ms (cache miss)
153 http fetch GET 200 https://registry.npmjs.org/swagger-ui-express/-/swagger-ui-express-5.0.1.tgz 245ms (cache miss)
154 http fetch GET 200 https://registry.npmjs.org/@nestjs/swagger/-/swagger-11.4.3.tgz 279ms (cache miss)
155 http fetch GET 200 https://registry.npmjs.org/@hono%2fnode-server 74ms (cache revalidated)
156 silly packumentCache corgi:https://registry.npmjs.org/@hono%2fnode-server set size:90058 disposed:false
157 silly packumentCache corgi:https://registry.npmjs.org/@prisma%2fdev cache-miss
158 http fetch GET 200 https://registry.npmjs.org/@microsoft/tsdoc/-/tsdoc-0.16.0.tgz 355ms (cache miss)
159 info run @scarf/scarf@1.4.0 postinstall node_modules/@scarf/scarf node ./report.js
160 http fetch GET 200 https://registry.npmjs.org/@prisma%2fdev 82ms (cache revalidated)
161 silly packumentCache corgi:https://registry.npmjs.org/@prisma%2fdev set size:961880 disposed:false
162 silly packumentCache corgi:https://registry.npmjs.org/prisma cache-miss
163 http fetch GET 200 https://registry.npmjs.org/prisma 91ms (cache revalidated)
164 silly packumentCache corgi:https://registry.npmjs.org/prisma set size:22812788 disposed:false
165 silly packumentCache corgi:https://registry.npmjs.org/@prisma%2fclient cache-miss
166 info run @scarf/scarf@1.4.0 postinstall { code: 0, signal: null }
167 http fetch GET 200 https://registry.npmjs.org/@prisma%2fclient 236ms (cache revalidated)
168 silly packumentCache corgi:https://registry.npmjs.org/@prisma%2fclient set size:37806480 disposed:false
169 silly ADD node_modules/@scarf/scarf
170 silly ADD node_modules/swagger-ui-dist
171 silly ADD node_modules/@nestjs/mapped-types
172 silly ADD node_modules/@microsoft/tsdoc
173 silly ADD node_modules/swagger-ui-express
174 silly ADD node_modules/@nestjs/swagger
175 verbose cwd /Users/abc/Documents/projectCV/Amanotes/backend
176 verbose os Darwin 24.6.0
177 verbose node v20.19.0
178 verbose npm  v10.8.2
179 verbose exit 0
180 info ok
